(c) Copyright 2012-2016 Xilinx, Inc. All Rights Reserved.
#-----------------------------------------------------------
# Tool version  : sds++ 2016.1 SW Build on May 20 2016 18:38:18
# Start time    : Wed Jun 28 16:24:34 CEST 2017
# Command line  : sds++ -Wall -O0 -g -I../src -c -fmessage-length=0 -MTsrc/convolution.o -MMD -MP -MFsrc/convolution.d -MTsrc/convolution.o -o src/convolution.o ../src/convolution.cpp -sds-hw convolution convolution.cpp -clkid 1 -sds-end -sds-pf zybo
# Log file      : /udd/mcaceres/.workspacesdsoc/convolution/SDDebug/_sds/reports/sds_convolution.log
# Journal file  : /udd/mcaceres/.workspacesdsoc/convolution/SDDebug/_sds/reports/sds_convolution.jou
# Report file   : /udd/mcaceres/.workspacesdsoc/convolution/SDDebug/_sds/reports/sds_convolution.rpt
#-----------------------------------------------------------

High-Level Synthesis
--------------------

  Vivado HLS Report : /udd/mcaceres/.workspacesdsoc/convolution/SDDebug/_sds/vhls/convolution/solution/syn/report/convolution_csynth.rpt



================================================================
== Performance Estimates
================================================================
+ Timing (ns): 
    * Summary: 
    +--------+-------+----------+------------+
    |  Clock | Target| Estimated| Uncertainty|
    +--------+-------+----------+------------+
    |ap_clk  |   8.50|      7.44|        1.06|
    +--------+-------+----------+------------+

+ Latency (clock cycles): 
    * Summary: 
    +---------+----------+---------+----------+---------+
    |       Latency      |      Interval      | Pipeline|
    |   min   |    max   |   min   |    max   |   Type  |
    +---------+----------+---------+----------+---------+
    |  9809857|  23917249|  9809858|  23917250|   none  |
    +---------+----------+---------+----------+---------+

    + Detail: 
        * Instance: 
        N/A

        * Loop: 
        +---------------------------------------+---------+----------+---------------+-----------+-----------+-----------+----------+
        |                                       |       Latency      |   Iteration   |  Initiation Interval  |    Trip   |          |
        |               Loop Name               |   min   |    max   |    Latency    |  achieved |   target  |   Count   | Pipelined|
        +---------------------------------------+---------+----------+---------------+-----------+-----------+-----------+----------+
        |- row_col_output                       |  9809856|  23917248| 22708 ~ 55364 |          -|          -|        432|    no    |
        | + zero_output_L                       |       25|        25|              1|          1|          1|         25|    yes   |
        | + input                               |    22568|     55224|   434 ~ 1062  |          -|          -|         52|    no    |
        |  ++ memcpy..input.V                   |      147|       631|             28|          1|          1| 121 ~ 605 |    yes   |
        |  ++ memcpy..weights.V                 |      188|       188|             10|          1|          1|        180|    yes   |
        |  ++ weight_row_tiling_row_tiling_col  |       91|       235|             12|          1|          1|  81 ~ 225 |    yes   |
        | + memcpy.output.V.                    |      106|       106|              8|          1|          1|        100|    yes   |
        +---------------------------------------+---------+----------+---------------+-----------+-----------+-----------+----------+



================================================================
== Utilization Estimates
================================================================
* Summary: 
+-----------------+---------+-------+-------+-------+
|       Name      | BRAM_18K| DSP48E|   FF  |  LUT  |
+-----------------+---------+-------+-------+-------+
|DSP              |        -|      -|      -|      -|
|Expression       |        -|      9|      0|   2307|
|FIFO             |        -|      -|      -|      -|
|Instance         |        2|     80|   1152|   1262|
|Memory           |       18|      -|   1280|    100|
|Multiplexer      |        -|      -|      -|    523|
|Register         |        -|      -|   2852|    114|
+-----------------+---------+-------+-------+-------+
|Total            |       73|     16|   5359|   4306|
+-----------------+---------+-------+-------+-------+
|Available        |      120|     80|  35200|  17600|
+-----------------+---------+-------+-------+-------+
|Utilization (%)  |       16|    111|     15|     24|
+-----------------+---------+-------+-------+-------+

+ Detail: 
    * Instance: 
    +--------------------------------------+-----------------------------------+---------+-------+-----+-----+
    |               Instance               |               Module              | BRAM_18K| DSP48E|  FF | LUT |
    +--------------------------------------+-----------------------------------+---------+-------+-----+-----+
    |convolution_gmem_m_axi_U              |convolution_gmem_m_axi             |        2|      0|  512|  580|
    |convolution_mul_32s_32s_32_6_U4       |convolution_mul_32s_32s_32_6       |        0|      4|    0|    0|
    |convolution_mul_32s_32s_32_6_U5       |convolution_mul_32s_32s_32_6       |        0|      4|    0|    0|
    |convolution_mul_32s_32s_32_6_U6       |convolution_mul_32s_32s_32_6       |        0|      4|    0|    0|
    |convolution_mul_32s_32s_32_6_U7       |convolution_mul_32s_32s_32_6       |        0|      4|    0|    0|
    |convolution_mul_32s_32s_32_6_U8       |convolution_mul_32s_32s_32_6       |        0|      4|    0|    0|
    |convolution_mul_32s_32s_32_6_U9       |convolution_mul_32s_32s_32_6       |        0|      4|    0|    0|
    |convolution_mul_32s_32s_32_6_U10      |convolution_mul_32s_32s_32_6       |        0|      4|    0|    0|
    |convolution_mul_32s_32s_32_6_U11      |convolution_mul_32s_32s_32_6       |        0|      4|    0|    0|
    |convolution_mul_32s_32s_32_6_U12      |convolution_mul_32s_32s_32_6       |        0|      4|    0|    0|
    |convolution_mul_32s_32s_32_6_U13      |convolution_mul_32s_32s_32_6       |        0|      4|    0|    0|
    |convolution_mul_32s_32s_32_6_U14      |convolution_mul_32s_32s_32_6       |        0|      4|    0|    0|
    |convolution_mul_32s_32s_32_6_U15      |convolution_mul_32s_32s_32_6       |        0|      4|    0|    0|
    |convolution_mul_32s_32s_32_6_U16      |convolution_mul_32s_32s_32_6       |        0|      4|    0|    0|
    |convolution_mul_32s_32s_32_6_U17      |convolution_mul_32s_32s_32_6       |        0|      4|    0|    0|
    |convolution_mul_32s_32s_32_6_U18      |convolution_mul_32s_32s_32_6       |        0|      4|    0|    0|
    |convolution_mul_32s_32s_32_6_U19      |convolution_mul_32s_32s_32_6       |        0|      4|    0|    0|
    |convolution_mul_32s_32s_32_6_U20      |convolution_mul_32s_32s_32_6       |        0|      4|    0|    0|
    |convolution_mul_32s_32s_32_6_U21      |convolution_mul_32s_32s_32_6       |        0|      4|    0|    0|
    |convolution_mul_32s_32s_32_6_U22      |convolution_mul_32s_32s_32_6       |        0|      4|    0|    0|
    |convolution_mul_32s_32s_32_6_U23      |convolution_mul_32s_32s_32_6       |        0|      4|    0|    0|
    |convolution_mux_4to1_sel2_32_1_U24    |convolution_mux_4to1_sel2_32_1     |        0|      0|    0|   32|
    |convolution_urem_15ns_15ns_15_19_U1   |convolution_urem_15ns_15ns_15_19   |        0|      0|  467|  467|
    |convolution_urem_6ns_5ns_4_10_U3      |convolution_urem_6ns_5ns_4_10      |        0|      0|  117|  117|
    |convolution_urem_7ns_5ns_1_11_seq_U2  |convolution_urem_7ns_5ns_1_11_seq  |        0|      0|   56|   66|
    +--------------------------------------+-----------------------------------+---------+-------+-----+-----+
    |Total                                 |                                   |        2|     80| 1152| 1262|
    +--------------------------------------+-----------------------------------+---------+-------+-----+-----+

    * DSP48: 
    N/A

    * Memory: 
    +-------------------+-----------------------------+---------+----+----+------+-----+------+-------------+
    |       Memory      |            Module           | BRAM_18K| FF | LUT| Words| Bits| Banks| W*Bits*Banks|
    +-------------------+-----------------------------+---------+----+----+------+-----+------+-------------+
    |p_input_V_0_0_U    |convolution_p_input_V_0_0    |        1|   0|   0|    66|   32|     1|         2112|
    |p_input_V_1_0_U    |convolution_p_input_V_0_0    |        1|   0|   0|    66|   32|     1|         2112|
    |p_input_V_2_0_U    |convolution_p_input_V_0_0    |        1|   0|   0|    66|   32|     1|         2112|
    |p_input_V_3_0_U    |convolution_p_input_V_0_0    |        1|   0|   0|    66|   32|     1|         2112|
    |p_input_V_4_0_U    |convolution_p_input_V_0_0    |        1|   0|   0|    66|   32|     1|         2112|
    |p_input_V_0_1_U    |convolution_p_input_V_0_1    |        1|   0|   0|    55|   32|     1|         1760|
    |p_input_V_1_1_U    |convolution_p_input_V_0_1    |        1|   0|   0|    55|   32|     1|         1760|
    |p_input_V_2_1_U    |convolution_p_input_V_0_1    |        1|   0|   0|    55|   32|     1|         1760|
    |p_input_V_3_1_U    |convolution_p_input_V_0_1    |        1|   0|   0|    55|   32|     1|         1760|
    |p_input_V_4_1_U    |convolution_p_input_V_0_1    |        1|   0|   0|    55|   32|     1|         1760|
    |p_output_V_0_U     |convolution_p_output_V_0     |        2|   0|   0|    25|   32|     1|          800|
    |p_output_V_1_U     |convolution_p_output_V_0     |        2|   0|   0|    25|   32|     1|          800|
    |p_output_V_2_U     |convolution_p_output_V_0     |        2|   0|   0|    25|   32|     1|          800|
    |p_output_V_3_U     |convolution_p_output_V_0     |        2|   0|   0|    25|   32|     1|          800|
    |p_weights_V_0_0_U  |convolution_p_weights_V_0_0  |        0|  64|   5|     9|   32|     1|          288|
    |p_weights_V_0_1_U  |convolution_p_weights_V_0_0  |        0|  64|   5|     9|   32|     1|          288|
    |p_weights_V_0_2_U  |convolution_p_weights_V_0_0  |        0|  64|   5|     9|   32|     1|          288|
    |p_weights_V_0_3_U  |convolution_p_weights_V_0_0  |        0|  64|   5|     9|   32|     1|          288|
    |p_weights_V_0_4_U  |convolution_p_weights_V_0_0  |        0|  64|   5|     9|   32|     1|          288|
    |p_weights_V_1_0_U  |convolution_p_weights_V_0_0  |        0|  64|   5|     9|   32|     1|          288|
    |p_weights_V_1_1_U  |convolution_p_weights_V_0_0  |        0|  64|   5|     9|   32|     1|          288|
    |p_weights_V_1_2_U  |convolution_p_weights_V_0_0  |        0|  64|   5|     9|   32|     1|          288|
    |p_weights_V_1_3_U  |convolution_p_weights_V_0_0  |        0|  64|   5|     9|   32|     1|          288|
    |p_weights_V_1_4_U  |convolution_p_weights_V_0_0  |        0|  64|   5|     9|   32|     1|          288|
    |p_weights_V_2_0_U  |convolution_p_weights_V_0_0  |        0|  64|   5|     9|   32|     1|          288|
    |p_weights_V_2_1_U  |convolution_p_weights_V_0_0  |        0|  64|   5|     9|   32|     1|          288|
    |p_weights_V_2_2_U  |convolution_p_weights_V_0_0  |        0|  64|   5|     9|   32|     1|          288|
    |p_weights_V_2_3_U  |convolution_p_weights_V_0_0  |        0|  64|   5|     9|   32|     1|          288|
    |p_weights_V_2_4_U  |convolution_p_weights_V_0_0  |        0|  64|   5|     9|   32|     1|          288|
    |p_weights_V_3_0_U  |convolution_p_weights_V_0_0  |        0|  64|   5|     9|   32|     1|          288|
    |p_weights_V_3_1_U  |convolution_p_weights_V_0_0  |        0|  64|   5|     9|   32|     1|          288|
    |p_weights_V_3_2_U  |convolution_p_weights_V_0_0  |        0|  64|   5|     9|   32|     1|          288|
    |p_weights_V_3_3_U  |convolution_p_weights_V_0_0  |        0|  64|   5|     9|   32|     1|          288|
    |p_weights_V_3_4_U  |convolution_p_weights_V_0_0  |        0|  64|   5|     9|   32|     1|          288|
    +-------------------+-----------------------------+---------+----+----+------+-----+------+-------------+
    |Total              |                             |       18|1280| 100|   885| 1088|    34|        28320|
    +-------------------+-----------------------------+---------+----+----+------+-----+------+-------------+

    * FIFO: 
    N/A

    * Expression: 
    +--------------------------------------+----------+-------+---+----+------------+------------+
    |             Variable Name            | Operation| DSP48E| FF| LUT| Bitwidth P0| Bitwidth P1|
    +--------------------------------------+----------+-------+---+----+------------+------------+
    |bound16_mid1_fu_1801_p2               |     *    |      1|  0|   4|           3|           3|
    |bound_fu_1572_p2                      |     *    |      1|  0|   4|           3|           3|
    |mul4_fu_2399_p2                       |     *    |      1|  0|   2|           7|           6|
    |mul_fu_2248_p2                        |     *    |      1|  0|   0|           8|           7|
    |phitmp_fu_2162_p2                     |     *    |      1|  0|   0|           9|           9|
    |tmp_20_fu_2000_p2                     |     *    |      1|  0|   3|           6|           6|
    |tmp_27_fu_1992_p2                     |     *    |      1|  0|   0|          15|           7|
    |tmp_41_fu_2115_p2                     |     *    |      1|  0|   0|          15|          10|
    |tmp_43_fu_2109_p2                     |     *    |      1|  0|   0|          12|           8|
    |bound16_mid_fu_1747_p2                |     +    |      0|  0|   6|           6|           6|
    |col1_1_fu_1759_p2                     |     +    |      0|  0|   2|           1|           2|
    |col_1_fu_1660_p2                      |     +    |      0|  0|   4|           3|           4|
    |i_1_fu_2584_p2                        |     +    |      0|  0|   2|           1|           2|
    |indvar_flatten183_op_fu_3443_p2       |     +    |      0|  0|   8|           8|           1|
    |indvar_flatten19_op_fu_2706_p2        |     +    |      0|  0|   6|           1|           6|
    |indvar_flatten61_op_fu_2720_p2        |     +    |      0|  0|   8|           1|           8|
    |indvar_flatten_next2_fu_1584_p2       |     +    |      0|  0|   9|           1|           9|
    |indvar_flatten_next5_fu_2578_p2       |     +    |      0|  0|  10|          10|           1|
    |indvar_flatten_next_fu_1856_p2        |     +    |      0|  0|   5|           5|           1|
    |indvar_next1_fu_3339_p2               |     +    |      0|  0|   7|           7|           1|
    |indvar_next2_fu_2373_p2               |     +    |      0|  0|   8|           8|           1|
    |indvar_next_fu_2194_p2                |     +    |      0|  0|  15|          15|           1|
    |input_V2_sum_fu_2140_p2               |     +    |      0|  0|  64|          64|          64|
    |j_1_fu_2635_p2                        |     +    |      0|  0|   2|           1|           2|
    |l_1_fu_1862_p2                        |     +    |      0|  0|   3|           3|           1|
    |m_1_fu_1930_p2                        |     +    |      0|  0|   3|           3|           1|
    |next_mul1_fu_3365_p2                  |     +    |      0|  0|  15|           8|          15|
    |next_mul2_fu_2385_p2                  |     +    |      0|  0|  17|           9|          17|
    |next_mul_fu_2205_p2                   |     +    |      0|  0|  31|          16|          31|
    |next_urem1_fu_3345_p2                 |     +    |      0|  0|   7|           1|           7|
    |next_urem2_fu_2431_p2                 |     +    |      0|  0|   8|           8|           1|
    |next_urem_fu_2225_p2                  |     +    |      0|  0|  15|          15|           1|
    |output_V6_sum_fu_2006_p2              |     +    |      0|  0|  64|          64|          64|
    |row1_1_fu_1698_p2                     |     +    |      0|  0|   2|           1|           2|
    |row_1_fu_1590_p2                      |     +    |      0|  0|   4|           3|           4|
    |tcc_1_fu_2700_p2                      |     +    |      0|  0|   3|           1|           3|
    |ti1_1_fu_2032_p2                      |     +    |      0|  0|   6|           6|           1|
    |ti_1_fu_3327_p2                       |     +    |      0|  0|   9|           9|           3|
    |tmp_23_fu_1960_p2                     |     +    |      0|  0|  10|          10|          10|
    |tmp_26_fu_1987_p2                     |     +    |      0|  0|   6|          64|          64|
    |tmp_29_fu_2567_p2                     |     +    |      0|  0|   4|           4|           4|
    |tmp_29_mid1_fu_2845_p2                |     +    |      0|  0|   4|           4|           4|
    |tmp_31_fu_1906_p2                     |     +    |      0|  0|   6|           6|           6|
    |tmp_32_fu_1916_p2                     |     +    |      0|  0|   6|           6|           6|
    |tmp_34_fu_2917_p2                     |     +    |      0|  0|   4|           4|           4|
    |tmp_37_fu_2068_p2                     |     +    |      0|  0|  10|          10|          10|
    |tmp_40_0_1_fu_3151_p2                 |     +    |      0|  0|  32|          32|          32|
    |tmp_40_0_2_fu_3161_p2                 |     +    |      0|  0|  32|          32|          32|
    |tmp_40_0_3_fu_3239_p2                 |     +    |      0|  0|  32|          32|          32|
    |tmp_40_0_4_fu_3249_p2                 |     +    |      0|  0|  32|          32|          32|
    |tmp_40_1_1_fu_3173_p2                 |     +    |      0|  0|  32|          32|          32|
    |tmp_40_1_2_fu_3183_p2                 |     +    |      0|  0|  32|          32|          32|
    |tmp_40_1_3_fu_3261_p2                 |     +    |      0|  0|  32|          32|          32|
    |tmp_40_1_4_fu_3271_p2                 |     +    |      0|  0|  32|          32|          32|
    |tmp_40_1_fu_3133_p2                   |     +    |      0|  0|  32|          32|          32|
    |tmp_40_2_1_fu_3195_p2                 |     +    |      0|  0|  32|          32|          32|
    |tmp_40_2_2_fu_3205_p2                 |     +    |      0|  0|  32|          32|          32|
    |tmp_40_2_3_fu_3283_p2                 |     +    |      0|  0|  32|          32|          32|
    |tmp_40_2_4_fu_3293_p2                 |     +    |      0|  0|  32|          32|          32|
    |tmp_40_2_fu_3139_p2                   |     +    |      0|  0|  32|          32|          32|
    |tmp_40_3_1_fu_3217_p2                 |     +    |      0|  0|  32|          32|          32|
    |tmp_40_3_2_fu_3227_p2                 |     +    |      0|  0|  32|          32|          32|
    |tmp_40_3_3_fu_3305_p2                 |     +    |      0|  0|  32|          32|          32|
    |tmp_40_3_4_fu_3315_p2                 |     +    |      0|  0|  32|          32|          32|
    |tmp_40_3_fu_3145_p2                   |     +    |      0|  0|  32|          32|          32|
    |tmp_40_fu_2095_p2                     |     +    |      0|  0|   6|          64|          64|
    |tmp_42_fu_2100_p2                     |     +    |      0|  0|  12|          12|          12|
    |tmp_50_fu_3405_p2                     |     +    |      0|  0|   7|           7|           5|
    |tmp_63_fu_2285_p2                     |     +    |      0|  0|   6|           7|           7|
    |tmp_70_fu_2337_p2                     |     +    |      0|  0|   6|           7|           7|
    |tmp_71_fu_2352_p2                     |     +    |      0|  0|   6|           8|           8|
    |tmp_74_fu_2553_p2                     |     +    |      0|  0|   6|           6|           6|
    |tmp_84_fu_2806_p2                     |     +    |      0|  0|   6|          64|          64|
    |tmp_86_fu_3104_p2                     |     +    |      0|  0|   6|           6|           6|
    |tmp_88_fu_2874_p2                     |     +    |      0|  0|   6|           7|           7|
    |tmp_93_fu_3113_p2                     |     +    |      0|  0|   6|           6|           6|
    |tmp_96_fu_2945_p2                     |     +    |      0|  0|   6|           7|           7|
    |tmp_97_fu_2960_p2                     |     +    |      0|  0|   6|           8|           8|
    |tmp_98_fu_3127_p2                     |     +    |      0|  0|  32|          32|          32|
    |to1_1_fu_3438_p2                      |     +    |      0|  0|   6|           6|           1|
    |trr_1_fu_2678_p2                      |     +    |      0|  0|   3|           1|           3|
    |weights_V4_sum_fu_2123_p2             |     +    |      0|  0|  31|          31|          31|
    |bound106_mid2_fu_1844_p2              |     -    |      0|  0|  10|          10|          10|
    |bound44_mid2_fu_1826_p2               |     -    |      0|  0|   8|           8|           8|
    |tmp_12_fu_2128_p2                     |     -    |      0|  0|  10|          10|           9|
    |tmp_1_fu_1516_p2                      |     -    |      0|  0|   4|           3|           4|
    |tmp_1_mid1_fu_1610_p2                 |     -    |      0|  0|   5|           5|           4|
    |tmp_22_fu_1950_p2                     |     -    |      0|  0|   9|           9|           9|
    |tmp_25_fu_1981_p2                     |     -    |      0|  0|   6|          64|          64|
    |tmp_36_fu_2058_p2                     |     -    |      0|  0|   9|           9|           9|
    |tmp_39_fu_2089_p2                     |     -    |      0|  0|   6|          64|          64|
    |tmp_67_fu_2309_p2                     |     -    |      0|  0|   6|           8|           8|
    |tmp_73_fu_2539_p2                     |     -    |      0|  0|   5|           5|           5|
    |tmp_7_fu_1540_p2                      |     -    |      0|  0|   4|           3|           4|
    |tmp_7_mid1_fu_1666_p2                 |     -    |      0|  0|   5|           5|           4|
    |tmp_80_fu_2754_p2                     |     -    |      0|  0|   5|           5|           5|
    |tmp_82_fu_2778_p2                     |     -    |      0|  0|   6|          64|          64|
    |tmp_91_fu_2904_p2                     |     -    |      0|  0|   6|           8|           8|
    |ap_sig_1562                           |    and   |      0|  0|   1|           1|           1|
    |ap_sig_1755                           |    and   |      0|  0|   1|           1|           1|
    |ap_sig_1764                           |    and   |      0|  0|   1|           1|           1|
    |ap_sig_3355                           |    and   |      0|  0|   1|           1|           1|
    |ap_sig_3358                           |    and   |      0|  0|   1|           1|           1|
    |ap_sig_455                            |    and   |      0|  0|   1|           1|           1|
    |ap_sig_660                            |    and   |      0|  0|   1|           1|           1|
    |ap_sig_725                            |    and   |      0|  0|   1|           1|           1|
    |exitcond3_mid_fu_1646_p2              |    and   |      0|  0|   1|           1|           1|
    |exitcond11_mid_fu_2016_p2             |   icmp   |      0|  0|   2|           3|           1|
    |exitcond1_fu_2367_p2                  |   icmp   |      0|  0|   3|           8|           8|
    |exitcond2_fu_1640_p2                  |   icmp   |      0|  0|   3|           6|           6|
    |exitcond3_fu_1868_p2                  |   icmp   |      0|  0|   2|           3|           3|
    |exitcond4_fu_2611_p2                  |   icmp   |      0|  0|   2|           3|           3|
    |exitcond5_fu_2026_p2                  |   icmp   |      0|  0|   3|           6|           5|
    |exitcond7_fu_2189_p2                  |   icmp   |      0|  0|   6|          15|          15|
    |exitcond_flatten1_fu_1596_p2          |   icmp   |      0|  0|   3|           8|           8|
    |exitcond_flatten21_mid_fu_2021_p2     |   icmp   |      0|  0|   3|           6|           1|
    |exitcond_flatten2_fu_1578_p2          |   icmp   |      0|  0|   3|           9|           8|
    |exitcond_flatten3_fu_2590_p2          |   icmp   |      0|  0|   3|           8|           8|
    |exitcond_flatten4_fu_2623_p2          |   icmp   |      0|  0|   3|           6|           6|
    |exitcond_flatten5_fu_2573_p2          |   icmp   |      0|  0|   4|          10|          10|
    |exitcond_flatten_fu_1850_p2           |   icmp   |      0|  0|   2|           5|           4|
    |exitcond_fu_3333_p2                   |   icmp   |      0|  0|   3|           7|           6|
    |icmp1_fu_2508_p2                      |   icmp   |      0|  0|   3|           7|           1|
    |icmp_fu_2488_p2                       |   icmp   |      0|  0|   3|           8|           1|
    |tmp_100_fu_2437_p2                    |   icmp   |      0|  0|   3|           8|           6|
    |tmp_13_fu_2134_p2                     |   icmp   |      0|  0|   3|           9|           3|
    |tmp_2_fu_1526_p2                      |   icmp   |      0|  0|   2|           4|           3|
    |tmp_2_mid1_fu_1620_p2                 |   icmp   |      0|  0|   2|           4|           3|
    |tmp_38_0_2_fu_2494_p2                 |   icmp   |      0|  0|   3|           9|           2|
    |tmp_38_0_4_fu_2514_p2                 |   icmp   |      0|  0|   3|           9|           3|
    |tmp_44_fu_3351_p2                     |   icmp   |      0|  0|   3|           7|           5|
    |tmp_48_fu_3393_p2                     |   icmp   |      0|  0|   3|           7|           1|
    |tmp_49_fu_3399_p2                     |   icmp   |      0|  0|   3|           7|           6|
    |tmp_52_fu_3419_p2                     |   icmp   |      0|  0|   3|           7|           1|
    |tmp_54_fu_2269_p2                     |   icmp   |      0|  0|   6|          15|           1|
    |tmp_57_fu_2379_p2                     |   icmp   |      0|  0|   3|           8|           1|
    |tmp_8_fu_1550_p2                      |   icmp   |      0|  0|   2|           4|           3|
    |tmp_8_mid1_fu_1676_p2                 |   icmp   |      0|  0|   2|           4|           3|
    |tmp_99_fu_2231_p2                     |   icmp   |      0|  0|   6|          15|           7|
    |tmp_10_fu_1765_p2                     |    or    |      0|  0|   1|           1|           1|
    |tmp_83_fu_2641_p2                     |    or    |      0|  0|   1|           1|           1|
    |bound16_mid2_fu_1807_p3               |  select  |      0|  0|   6|           1|           6|
    |bound16_mid3_fu_1753_p3               |  select  |      0|  0|   6|           1|           6|
    |col1_mid_fu_1704_p3                   |  select  |      0|  0|   2|           1|           1|
    |col_mid2_fu_1690_p3                   |  select  |      0|  0|   4|           1|           4|
    |col_mid_fu_1602_p3                    |  select  |      0|  0|   4|           1|           1|
    |exitcond11_mid1_fu_2616_p3            |  select  |      0|  0|   1|           1|           1|
    |exitcond11_mid2_fu_2671_p3            |  select  |      0|  0|   1|           1|           1|
    |exitcond_flatten21_mid1_fu_2628_p3    |  select  |      0|  0|   1|           1|           1|
    |i_cast7_mid2_fu_2603_p3               |  select  |      0|  0|   2|           1|           2|
    |idx_urem1_fu_3357_p3                  |  select  |      0|  0|   7|           1|           7|
    |idx_urem2_fu_2443_p3                  |  select  |      0|  0|   8|           1|           8|
    |idx_urem_fu_2237_p3                   |  select  |      0|  0|  15|           1|          15|
    |indvar_flatten_next1_fu_3449_p3       |  select  |      0|  0|   8|           1|           1|
    |indvar_flatten_next3_fu_2712_p3       |  select  |      0|  0|   6|           1|           1|
    |indvar_flatten_next4_fu_2726_p3       |  select  |      0|  0|   8|           1|           1|
    |j_cast5_mid2_fu_2663_p3               |  select  |      0|  0|   2|           1|           2|
    |j_mid_fu_2595_p3                      |  select  |      0|  0|   2|           1|           1|
    |m_mid2_fu_1874_p3                     |  select  |      0|  0|   3|           1|           1|
    |output_tmp_V_0_new_1_fu_3254_p3       |  select  |      0|  0|  32|           1|          32|
    |output_tmp_V_0_new_8_fu_3155_p3       |  select  |      0|  0|  32|           1|          32|
    |output_tmp_V_0_new_9_fu_3166_p3       |  select  |      0|  0|  32|           1|          32|
    |output_tmp_V_0_new_s_fu_3243_p3       |  select  |      0|  0|  32|           1|          32|
    |output_tmp_V_1_new_1_fu_3276_p3       |  select  |      0|  0|  32|           1|          32|
    |output_tmp_V_1_new_8_fu_3177_p3       |  select  |      0|  0|  32|           1|          32|
    |output_tmp_V_1_new_9_fu_3188_p3       |  select  |      0|  0|  32|           1|          32|
    |output_tmp_V_1_new_s_fu_3265_p3       |  select  |      0|  0|  32|           1|          32|
    |output_tmp_V_2_new_1_fu_3298_p3       |  select  |      0|  0|  32|           1|          32|
    |output_tmp_V_2_new_8_fu_3199_p3       |  select  |      0|  0|  32|           1|          32|
    |output_tmp_V_2_new_9_fu_3210_p3       |  select  |      0|  0|  32|           1|          32|
    |output_tmp_V_2_new_s_fu_3287_p3       |  select  |      0|  0|  32|           1|          32|
    |output_tmp_V_3_new_1_fu_3320_p3       |  select  |      0|  0|  32|           1|          32|
    |output_tmp_V_3_new_8_fu_3221_p3       |  select  |      0|  0|  32|           1|          32|
    |output_tmp_V_3_new_9_fu_3232_p3       |  select  |      0|  0|  32|           1|          32|
    |output_tmp_V_3_new_s_fu_3309_p3       |  select  |      0|  0|  32|           1|          32|
    |p_input_V_load_0_0_phi_fu_2975_p3     |  select  |      0|  0|  32|           1|          32|
    |p_input_V_load_0_1_phi_fu_2982_p3     |  select  |      0|  0|  32|           1|          32|
    |p_input_V_load_0_2_phi_fu_2989_p3     |  select  |      0|  0|  32|           1|          32|
    |p_input_V_load_0_3_phi_fu_2996_p3     |  select  |      0|  0|  32|           1|          32|
    |p_input_V_load_0_4_phi_fu_3003_p3     |  select  |      0|  0|  32|           1|          32|
    |p_weights_V_0_0_load_mid2_fu_2812_p3  |  select  |      0|  0|  64|           1|          64|
    |p_weights_V_0_0_load_mid_fu_2784_p3   |  select  |      0|  0|   6|           1|           6|
    |row1_cast_mid2_v_fu_1711_p3           |  select  |      0|  0|   2|           1|           2|
    |row_mid2_fu_1652_p3                   |  select  |      0|  0|   4|           1|           4|
    |tcc_mid2_fu_2684_p3                   |  select  |      0|  0|   3|           1|           3|
    |tcc_mid_fu_2655_p3                    |  select  |      0|  0|   3|           1|           1|
    |tmp_10_mid2_v_fu_1882_p3              |  select  |      0|  0|   3|           1|           3|
    |tmp_18_fu_2178_p3                     |  select  |      0|  0|  15|           1|          15|
    |tmp_27_mid2_fu_2692_p3                |  select  |      0|  0|   3|           1|           3|
    |tmp_30_mid2_fu_2851_p3                |  select  |      0|  0|   4|           1|           4|
    |tmp_30_mid4_fu_2831_p3                |  select  |      0|  0|   4|           1|           4|
    |tmp_30_mid_fu_2794_p3                 |  select  |      0|  0|   4|           1|           4|
    |tmp_3_fu_1532_p3                      |  select  |      0|  0|   3|           1|           3|
    |tmp_3_mid1_fu_1626_p3                 |  select  |      0|  0|   3|           1|           3|
    |tmp_3_mid2_fu_1722_p3                 |  select  |      0|  0|   3|           1|           3|
    |tmp_51_fu_3411_p3                     |  select  |      0|  0|   7|           1|           7|
    |tmp_6_mid2_fu_1777_p3                 |  select  |      0|  0|   2|           1|           2|
    |tmp_9_fu_1556_p3                      |  select  |      0|  0|   3|           1|           3|
    |tmp_9_mid1_fu_1682_p3                 |  select  |      0|  0|   3|           1|           3|
    |tmp_9_mid2_fu_1788_p3                 |  select  |      0|  0|   3|           1|           3|
    |tmp_9_mid_fu_1727_p3                  |  select  |      0|  0|   3|           1|           3|
    |to1_mid2_fu_1769_p3                   |  select  |      0|  0|   6|           1|           1|
    |trr_mid_fu_2647_p3                    |  select  |      0|  0|   3|           1|           1|
    |not_exitcond_flatten_fu_1634_p2       |    xor   |      0|  0|   2|           1|           2|
    +--------------------------------------+----------+-------+---+----+------------+------------+
    |Total                                 |          |      9|  0|2307|        1941|        2620|
    +--------------------------------------+----------+-------+---+----+------------+------------+

    * Multiplexer: 
    +-----------------------------+----+-----------+-----+-----------+
    |             Name            | LUT| Input Size| Bits| Total Bits|
    +-----------------------------+----+-----------+-----+-----------+
    |ap_NS_fsm                    |  15|         18|    1|         18|
    |ap_reg_ppiten_pp1_it27       |   1|          2|    1|          2|
    |ap_reg_ppiten_pp2_it9        |   1|          2|    1|          2|
    |ap_reg_ppiten_pp3_it11       |   1|          2|    1|          2|
    |ap_reg_ppiten_pp4_it7        |   1|          2|    1|          2|
    |ap_sig_ioackin_gmem_ARREADY  |   1|          2|    1|          2|
    |ap_sig_ioackin_gmem_AWREADY  |   1|          2|    1|          2|
    |ap_sig_ioackin_gmem_WREADY   |   1|          2|    1|          2|
    |col1_reg_1183                |   2|          2|    2|          4|
    |col_reg_1172                 |   4|          2|    4|          8|
    |gmem_ARADDR                  |  32|          3|   32|         96|
    |gmem_ARLEN                   |  32|          3|   32|         96|
    |gmem_blk_n_AR                |   1|          2|    1|          2|
    |gmem_blk_n_AW                |   1|          2|    1|          2|
    |gmem_blk_n_B                 |   1|          2|    1|          2|
    |gmem_blk_n_R                 |   1|          2|    1|          2|
    |gmem_blk_n_W                 |   1|          2|    1|          2|
    |i_phi_fu_1345_p4             |   2|          2|    2|          4|
    |i_reg_1341                   |   2|          2|    2|          4|
    |indvar1_phi_fu_1411_p4       |   7|          2|    7|         14|
    |indvar1_reg_1407             |   7|          2|    7|         14|
    |indvar2_reg_1297             |   8|          2|    8|         16|
    |indvar_flatten1_reg_1126     |   9|          2|    9|         18|
    |indvar_flatten2_reg_1160     |   8|          2|    8|         16|
    |indvar_flatten3_reg_1330     |  10|          2|   10|         20|
    |indvar_flatten4_reg_1352     |   8|          2|    8|         16|
    |indvar_flatten5_reg_1374     |   6|          2|    6|         12|
    |indvar_flatten_reg_1207      |   5|          2|    5|         10|
    |indvar_phi_fu_1267_p4        |  15|          2|   15|         30|
    |indvar_reg_1263              |  15|          2|   15|         30|
    |j_phi_fu_1367_p4             |   2|          2|    2|          4|
    |j_reg_1363                   |   2|          2|    2|          4|
    |l_reg_1218                   |   3|          2|    3|          6|
    |m_reg_1229                   |   3|          2|    3|          6|
    |p_input_V_0_0_address0       |   7|          3|    7|         21|
    |p_input_V_0_1_address0       |   6|          3|    6|         18|
    |p_input_V_1_0_address0       |   7|          3|    7|         21|
    |p_input_V_1_1_address0       |   6|          3|    6|         18|
    |p_input_V_2_0_address0       |   7|          3|    7|         21|
    |p_input_V_2_1_address0       |   6|          3|    6|         18|
    |p_input_V_3_0_address0       |   7|          3|    7|         21|
    |p_input_V_3_1_address0       |   6|          3|    6|         18|
    |p_input_V_4_0_address0       |   7|          3|    7|         21|
    |p_input_V_4_1_address0       |   6|          3|    6|         18|
    |p_output_V_0_address0        |   5|          3|    5|         15|
    |p_output_V_0_address1        |   5|          3|    5|         15|
    |p_output_V_1_address0        |   5|          3|    5|         15|
    |p_output_V_1_address1        |   5|          3|    5|         15|
    |p_output_V_2_address0        |   5|          3|    5|         15|
    |p_output_V_2_address1        |   5|          3|    5|         15|
    |p_output_V_3_address0        |   5|          3|    5|         15|
    |p_output_V_3_address1        |   5|          3|    5|         15|
    |p_weights_V_0_0_address0     |   4|          3|    4|         12|
    |p_weights_V_0_1_address0     |   4|          3|    4|         12|
    |p_weights_V_0_2_address0     |   4|          3|    4|         12|
    |p_weights_V_0_3_address0     |   4|          3|    4|         12|
    |p_weights_V_0_4_address0     |   4|          3|    4|         12|
    |p_weights_V_1_0_address0     |   4|          3|    4|         12|
    |p_weights_V_1_1_address0     |   4|          3|    4|         12|
    |p_weights_V_1_2_address0     |   4|          3|    4|         12|
    |p_weights_V_1_3_address0     |   4|          3|    4|         12|
    |p_weights_V_1_4_address0     |   4|          3|    4|         12|
    |p_weights_V_2_0_address0     |   4|          3|    4|         12|
    |p_weights_V_2_1_address0     |   4|          3|    4|         12|
    |p_weights_V_2_2_address0     |   4|          3|    4|         12|
    |p_weights_V_2_3_address0     |   4|          3|    4|         12|
    |p_weights_V_2_4_address0     |   4|          3|    4|         12|
    |p_weights_V_3_0_address0     |   4|          3|    4|         12|
    |p_weights_V_3_1_address0     |   4|          3|    4|         12|
    |p_weights_V_3_2_address0     |   4|          3|    4|         12|
    |p_weights_V_3_3_address0     |   4|          3|    4|         12|
    |p_weights_V_3_4_address0     |   4|          3|    4|         12|
    |phi_mul1_reg_1418            |  15|          2|   15|         30|
    |phi_mul2_reg_1308            |  17|          2|   17|         34|
    |phi_mul_reg_1275             |  31|          2|   31|         62|
    |phi_urem1_reg_1429           |   7|          2|    7|         14|
    |phi_urem2_reg_1319           |   8|          2|    8|         16|
    |phi_urem_reg_1286            |  15|          2|   15|         30|
    |row1_reg_1148                |   2|          2|    2|          4|
    |row_reg_1137                 |   4|          2|    4|          8|
    |tcc_reg_1396                 |   3|          2|    3|          6|
    |ti1_reg_1252                 |   6|          2|    6|         12|
    |ti_reg_1240                  |   9|          2|    9|         18|
    |to1_reg_1195                 |   6|          2|    6|         12|
    |trr_phi_fu_1389_p4           |   3|          2|    3|          6|
    |trr_reg_1385                 |   3|          2|    3|          6|
    +-----------------------------+----+-----------+-----+-----------+
    |Total                        | 523|        228|  509|       1283|
    +-----------------------------+----+-----------+-----+-----------+

    * Register: 
    +------------------------------------+----+----+-----+-----------+
    |                Name                | FF | LUT| Bits| Const Bits|
    +------------------------------------+----+----+-----+-----------+
    |ap_CS_fsm                           |  17|   0|   17|          0|
    |ap_reg_ioackin_gmem_ARREADY         |   1|   0|    1|          0|
    |ap_reg_ioackin_gmem_AWREADY         |   1|   0|    1|          0|
    |ap_reg_ioackin_gmem_WREADY          |   1|   0|    1|          0|
    |ap_reg_ppiten_pp1_it0               |   1|   0|    1|          0|
    |ap_reg_ppiten_pp1_it1               |   1|   0|    1|          0|
    |ap_reg_ppiten_pp1_it10              |   1|   0|    1|          0|
    |ap_reg_ppiten_pp1_it11              |   1|   0|    1|          0|
    |ap_reg_ppiten_pp1_it12              |   1|   0|    1|          0|
    |ap_reg_ppiten_pp1_it13              |   1|   0|    1|          0|
    |ap_reg_ppiten_pp1_it14              |   1|   0|    1|          0|
    |ap_reg_ppiten_pp1_it15              |   1|   0|    1|          0|
    |ap_reg_ppiten_pp1_it16              |   1|   0|    1|          0|
    |ap_reg_ppiten_pp1_it17              |   1|   0|    1|          0|
    |ap_reg_ppiten_pp1_it18              |   1|   0|    1|          0|
    |ap_reg_ppiten_pp1_it19              |   1|   0|    1|          0|
    |ap_reg_ppiten_pp1_it2               |   1|   0|    1|          0|
    |ap_reg_ppiten_pp1_it20              |   1|   0|    1|          0|
    |ap_reg_ppiten_pp1_it21              |   1|   0|    1|          0|
    |ap_reg_ppiten_pp1_it22              |   1|   0|    1|          0|
    |ap_reg_ppiten_pp1_it23              |   1|   0|    1|          0|
    |ap_reg_ppiten_pp1_it24              |   1|   0|    1|          0|
    |ap_reg_ppiten_pp1_it25              |   1|   0|    1|          0|
    |ap_reg_ppiten_pp1_it26              |   1|   0|    1|          0|
    |ap_reg_ppiten_pp1_it27              |   1|   0|    1|          0|
    |ap_reg_ppiten_pp1_it3               |   1|   0|    1|          0|
    |ap_reg_ppiten_pp1_it4               |   1|   0|    1|          0|
    |ap_reg_ppiten_pp1_it5               |   1|   0|    1|          0|
    |ap_reg_ppiten_pp1_it6               |   1|   0|    1|          0|
    |ap_reg_ppiten_pp1_it7               |   1|   0|    1|          0|
    |ap_reg_ppiten_pp1_it8               |   1|   0|    1|          0|
    |ap_reg_ppiten_pp1_it9               |   1|   0|    1|          0|
    |ap_reg_ppiten_pp2_it0               |   1|   0|    1|          0|
    |ap_reg_ppiten_pp2_it1               |   1|   0|    1|          0|
    |ap_reg_ppiten_pp2_it2               |   1|   0|    1|          0|
    |ap_reg_ppiten_pp2_it3               |   1|   0|    1|          0|
    |ap_reg_ppiten_pp2_it4               |   1|   0|    1|          0|
    |ap_reg_ppiten_pp2_it5               |   1|   0|    1|          0|
    |ap_reg_ppiten_pp2_it6               |   1|   0|    1|          0|
    |ap_reg_ppiten_pp2_it7               |   1|   0|    1|          0|
    |ap_reg_ppiten_pp2_it8               |   1|   0|    1|          0|
    |ap_reg_ppiten_pp2_it9               |   1|   0|    1|          0|
    |ap_reg_ppiten_pp3_it0               |   1|   0|    1|          0|
    |ap_reg_ppiten_pp3_it1               |   1|   0|    1|          0|
    |ap_reg_ppiten_pp3_it10              |   1|   0|    1|          0|
    |ap_reg_ppiten_pp3_it11              |   1|   0|    1|          0|
    |ap_reg_ppiten_pp3_it2               |   1|   0|    1|          0|
    |ap_reg_ppiten_pp3_it3               |   1|   0|    1|          0|
    |ap_reg_ppiten_pp3_it4               |   1|   0|    1|          0|
    |ap_reg_ppiten_pp3_it5               |   1|   0|    1|          0|
    |ap_reg_ppiten_pp3_it6               |   1|   0|    1|          0|
    |ap_reg_ppiten_pp3_it7               |   1|   0|    1|          0|
    |ap_reg_ppiten_pp3_it8               |   1|   0|    1|          0|
    |ap_reg_ppiten_pp3_it9               |   1|   0|    1|          0|
    |ap_reg_ppiten_pp4_it0               |   1|   0|    1|          0|
    |ap_reg_ppiten_pp4_it1               |   1|   0|    1|          0|
    |ap_reg_ppiten_pp4_it2               |   1|   0|    1|          0|
    |ap_reg_ppiten_pp4_it3               |   1|   0|    1|          0|
    |ap_reg_ppiten_pp4_it4               |   1|   0|    1|          0|
    |ap_reg_ppiten_pp4_it5               |   1|   0|    1|          0|
    |ap_reg_ppiten_pp4_it6               |   1|   0|    1|          0|
    |ap_reg_ppiten_pp4_it7               |   1|   0|    1|          0|
    |bound106_mid2_reg_3583              |  10|   0|   10|          0|
    |bound16_mid2_reg_3572               |   6|   0|    6|          0|
    |bound44_mid2_reg_3578               |   8|   0|    8|          0|
    |bound_reg_3481                      |   6|   0|    6|          0|
    |col1_reg_1183                       |   2|   0|    2|          0|
    |col_mid2_reg_3531                   |   4|   0|    4|          0|
    |col_reg_1172                        |   4|   0|    4|          0|
    |exitcond11_mid2_reg_3872            |   1|   0|    1|          0|
    |exitcond11_mid_reg_3626             |   1|   0|    1|          0|
    |exitcond1_reg_3747                  |   1|   0|    1|          0|
    |exitcond3_mid_reg_3512              |   1|   0|    1|          0|
    |exitcond7_reg_3703                  |   1|   0|    1|          0|
    |exitcond_flatten1_reg_3494          |   1|   0|    1|          0|
    |exitcond_flatten21_mid1_reg_3855    |   1|   0|    1|          0|
    |exitcond_flatten21_mid_reg_3632     |   1|   0|    1|          0|
    |exitcond_flatten3_reg_3841          |   1|   0|    1|          0|
    |exitcond_flatten5_reg_3825          |   1|   0|    1|          0|
    |exitcond_reg_4398                   |   1|   0|    1|          0|
    |gmem_addr_1_reg_3680                |  32|   0|   32|          0|
    |gmem_addr_2_reg_3686                |  31|   0|   32|          1|
    |gmem_addr_reg_3621                  |  32|   0|   32|          0|
    |i_1_reg_3834                        |   2|   0|    2|          0|
    |i_cast7_mid2_reg_3847               |   2|   0|    2|          0|
    |i_reg_1341                          |   2|   0|    2|          0|
    |icmp1_reg_3799                      |   1|   0|    1|          0|
    |icmp_reg_3783                       |   1|   0|    1|          0|
    |indvar1_reg_1407                    |   7|   0|    7|          0|
    |indvar2_reg_1297                    |   8|   0|    8|          0|
    |indvar_flatten1_reg_1126            |   9|   0|    9|          0|
    |indvar_flatten2_reg_1160            |   8|   0|    8|          0|
    |indvar_flatten3_reg_1330            |  10|   0|   10|          0|
    |indvar_flatten4_reg_1352            |   8|   0|    8|          0|
    |indvar_flatten5_reg_1374            |   6|   0|    6|          0|
    |indvar_flatten_next2_reg_3489       |   9|   0|    9|          0|
    |indvar_flatten_reg_1207             |   5|   0|    5|          0|
    |indvar_next1_reg_4402               |   7|   0|    7|          0|
    |indvar_next_reg_3707                |  15|   0|   15|          0|
    |indvar_reg_1263                     |  15|   0|   15|          0|
    |j_1_reg_3861                        |   2|   0|    2|          0|
    |j_cast5_mid2_reg_3866               |   2|   0|    2|          0|
    |j_reg_1363                          |   2|   0|    2|          0|
    |l_reg_1218                          |   3|   0|    3|          0|
    |m_reg_1229                          |   3|   0|    3|          0|
    |output_tmp_V_0_new_1_reg_4373       |  32|   0|   32|          0|
    |output_tmp_V_0_new_9_reg_4309       |  32|   0|   32|          0|
    |output_tmp_V_1_new_1_reg_4378       |  32|   0|   32|          0|
    |output_tmp_V_1_new_9_reg_4325       |  32|   0|   32|          0|
    |output_tmp_V_2_new_1_reg_4383       |  32|   0|   32|          0|
    |output_tmp_V_2_new_9_reg_4341       |  32|   0|   32|          0|
    |output_tmp_V_3_new_1_reg_4388       |  32|   0|   32|          0|
    |output_tmp_V_3_new_9_reg_4357       |  32|   0|   32|          0|
    |p_0_1_reg_4251                      |  32|   0|   32|          0|
    |p_0_2_reg_4256                      |  32|   0|   32|          0|
    |p_0_3_reg_4315                      |  32|   0|   32|          0|
    |p_0_4_reg_4320                      |  32|   0|   32|          0|
    |p_1_1_reg_4267                      |  32|   0|   32|          0|
    |p_1_2_reg_4272                      |  32|   0|   32|          0|
    |p_1_3_reg_4331                      |  32|   0|   32|          0|
    |p_1_4_reg_4336                      |  32|   0|   32|          0|
    |p_2_1_reg_4283                      |  32|   0|   32|          0|
    |p_2_2_reg_4288                      |  32|   0|   32|          0|
    |p_2_3_reg_4347                      |  32|   0|   32|          0|
    |p_2_4_reg_4352                      |  32|   0|   32|          0|
    |p_3_1_reg_4299                      |  32|   0|   32|          0|
    |p_3_2_reg_4304                      |  32|   0|   32|          0|
    |p_3_3_reg_4363                      |  32|   0|   32|          0|
    |p_3_4_reg_4368                      |  32|   0|   32|          0|
    |p_input_V_load_0_0_phi_reg_4141     |  32|   0|   32|          0|
    |p_input_V_load_0_1_phi_reg_4149     |  32|   0|   32|          0|
    |p_input_V_load_0_2_phi_reg_4157     |  32|   0|   32|          0|
    |p_input_V_load_0_3_phi_reg_4165     |  32|   0|   32|          0|
    |p_input_V_load_0_4_phi_reg_4173     |  32|   0|   32|          0|
    |p_output_V_0_addr_1_reg_4239        |   5|   0|    5|          0|
    |p_output_V_1_addr_1_reg_4227        |   5|   0|    5|          0|
    |p_output_V_2_addr_1_reg_4233        |   5|   0|    5|          0|
    |p_output_V_3_addr_1_reg_4221        |   5|   0|    5|          0|
    |p_t1_reg_4437                       |   2|   0|    2|          0|
    |p_t2_reg_3770                       |   2|   0|    2|          0|
    |p_t3_reg_3774                       |   3|   0|    3|          0|
    |p_t_reg_3723                        |   3|   0|    3|          0|
    |p_weights_V_0_0_load_mid2_reg_3910  |  64|   0|   64|          0|
    |p_weights_V_0_0_load_reg_4041       |  32|   0|   32|          0|
    |p_weights_V_0_1_load_reg_4046       |  32|   0|   32|          0|
    |p_weights_V_0_2_load_reg_4051       |  32|   0|   32|          0|
    |p_weights_V_0_3_load_reg_4181       |  32|   0|   32|          0|
    |p_weights_V_0_4_load_reg_4186       |  32|   0|   32|          0|
    |p_weights_V_1_0_load_reg_4066       |  32|   0|   32|          0|
    |p_weights_V_1_1_load_reg_4071       |  32|   0|   32|          0|
    |p_weights_V_1_2_load_reg_4076       |  32|   0|   32|          0|
    |p_weights_V_1_3_load_reg_4191       |  32|   0|   32|          0|
    |p_weights_V_1_4_load_reg_4196       |  32|   0|   32|          0|
    |p_weights_V_2_0_load_reg_4091       |  32|   0|   32|          0|
    |p_weights_V_2_1_load_reg_4096       |  32|   0|   32|          0|
    |p_weights_V_2_2_load_reg_4101       |  32|   0|   32|          0|
    |p_weights_V_2_3_load_reg_4201       |  32|   0|   32|          0|
    |p_weights_V_2_4_load_reg_4206       |  32|   0|   32|          0|
    |p_weights_V_3_0_load_reg_4116       |  32|   0|   32|          0|
    |p_weights_V_3_1_load_reg_4121       |  32|   0|   32|          0|
    |p_weights_V_3_2_load_reg_4126       |  32|   0|   32|          0|
    |p_weights_V_3_3_load_reg_4211       |  32|   0|   32|          0|
    |p_weights_V_3_4_load_reg_4216       |  32|   0|   32|          0|
    |phi_mul1_reg_1418                   |  15|   0|   15|          0|
    |phi_mul2_reg_1308                   |  17|   0|   17|          0|
    |phi_mul_reg_1275                    |  31|   0|   31|          0|
    |phi_urem1_reg_1429                  |   7|   0|    7|          0|
    |phi_urem2_reg_1319                  |   8|   0|    8|          0|
    |phi_urem_reg_1286                   |  15|   0|   15|          0|
    |reg_1440                            |  32|   0|   32|          0|
    |row1_cast_mid2_v_reg_3536           |   2|   0|    2|          0|
    |row1_reg_1148                       |   2|   0|    2|          0|
    |row_mid2_reg_3520                   |   4|   0|    4|          0|
    |row_reg_1137                        |   4|   0|    4|          0|
    |tcc_mid2_reg_3882                   |   3|   0|    3|          0|
    |tcc_reg_1396                        |   3|   0|    3|          0|
    |ti1_1_reg_3641                      |   6|   0|    6|          0|
    |ti1_reg_1252                        |   6|   0|    6|          0|
    |ti_reg_1240                         |   9|   0|    9|          0|
    |tmp_12_reg_3666                     |   9|   0|    9|          0|
    |tmp_13_reg_3675                     |   1|   0|    1|          0|
    |tmp_18_cast_reg_3698                |  15|   0|   32|         17|
    |tmp_18_reg_3692                     |  15|   0|   15|          0|
    |tmp_20_reg_3616                     |  10|   0|   12|          2|
    |tmp_26_reg_3606                     |  64|   0|   64|          0|
    |tmp_27_mid2_reg_3888                |   3|   0|    3|          0|
    |tmp_27_reg_3611                     |  62|   0|   64|          2|
    |tmp_29_reg_3820                     |   4|   0|    4|          0|
    |tmp_38_0_2_reg_3791                 |   1|   0|    1|          0|
    |tmp_38_0_4_reg_3807                 |   1|   0|    1|          0|
    |tmp_3_mid1_reg_3505                 |   3|   0|    3|          0|
    |tmp_3_reg_3471                      |   3|   0|    3|          0|
    |tmp_40_1_reg_4261                   |  32|   0|   32|          0|
    |tmp_40_2_reg_4277                   |  32|   0|   32|          0|
    |tmp_40_3_reg_4293                   |  32|   0|   32|          0|
    |tmp_40_reg_3646                     |  64|   0|   64|          0|
    |tmp_41_reg_3656                     |  64|   0|   64|          0|
    |tmp_43_reg_3651                     |  19|   0|   21|          2|
    |tmp_47_reg_4450                     |  32|   0|   32|          0|
    |tmp_48_reg_4442                     |   1|   0|    1|          0|
    |tmp_4_cast_reg_3461                 |  30|   0|   31|          1|
    |tmp_52_reg_4446                     |   1|   0|    1|          0|
    |tmp_54_reg_3740                     |   1|   0|    1|          0|
    |tmp_57_reg_3756                     |   1|   0|    1|          0|
    |tmp_58_reg_3717                     |   7|   0|    7|          0|
    |tmp_59_reg_3732                     |   5|   0|    5|          0|
    |tmp_5_reg_3466                      |  30|   0|   64|         34|
    |tmp_6_mid2_cast_reg_3560            |   2|   0|   64|         62|
    |tmp_6_mid2_reg_3555                 |   2|   0|    2|          0|
    |tmp_74_reg_3815                     |   6|   0|    6|          0|
    |tmp_94_reg_3982                     |   1|   0|    1|          0|
    |tmp_98_reg_4245                     |  32|   0|   32|          0|
    |tmp_9_mid1_reg_3525                 |   3|   0|    3|          0|
    |tmp_9_mid2_reg_3566                 |   3|   0|    3|          0|
    |tmp_9_reg_3476                      |   3|   0|    3|          0|
    |tmp_mid2_cast_reg_3541              |   2|   0|   10|          8|
    |tmp_reg_3456                        |  30|   0|   64|         34|
    |to1_mid2_reg_3547                   |   6|   0|    6|          0|
    |to1_reg_1195                        |   6|   0|    6|          0|
    |trr_1_reg_3877                      |   3|   0|    3|          0|
    |trr_reg_1385                        |   3|   0|    3|          0|
    |weights_V4_sum_reg_3661             |  31|   0|   31|          0|
    |exitcond1_reg_3747                  |   0|   1|    1|          0|
    |exitcond7_reg_3703                  |   0|   1|    1|          0|
    |exitcond_flatten5_reg_3825          |   0|   1|    1|          0|
    |p_input_V_load_0_3_phi_reg_4165     |   0|  32|   32|          0|
    |p_input_V_load_0_4_phi_reg_4173     |   0|  32|   32|          0|
    |p_output_V_0_addr_1_reg_4239        |   0|   5|    5|          0|
    |p_output_V_1_addr_1_reg_4227        |   0|   5|    5|          0|
    |p_output_V_2_addr_1_reg_4233        |   0|   5|    5|          0|
    |p_output_V_3_addr_1_reg_4221        |   0|   5|    5|          0|
    |p_t2_reg_3770                       |   0|   2|    2|          0|
    |p_t3_reg_3774                       |   0|   3|    3|          0|
    |p_t_reg_3723                        |   0|   3|    3|          0|
    |tcc_mid2_reg_3882                   |   0|   3|    3|          0|
    |tmp_27_mid2_reg_3888                |   0|   3|    3|          0|
    |tmp_52_reg_4446                     |   0|   1|    1|          0|
    |tmp_58_reg_3717                     |   0|   7|    7|          0|
    |tmp_59_reg_3732                     |   0|   5|    5|          0|
    +------------------------------------+----+----+-----+-----------+
    |Total                               |2852| 114| 3129|        163|
    +------------------------------------+----+----+-----+-----------+



================================================================
== Interface
================================================================
* Summary: 
+---------------------+-----+-----+------------+--------------+--------------+
|      RTL Ports      | Dir | Bits|  Protocol  | Source Object|    C Type    |
+---------------------+-----+-----+------------+--------------+--------------+
|ap_clk               |  in |    1| ap_ctrl_hs |  convolution | return value |
|ap_rst_n             |  in |    1| ap_ctrl_hs |  convolution | return value |
|ap_start             |  in |    1| ap_ctrl_hs |  convolution | return value |
|ap_done              | out |    1| ap_ctrl_hs |  convolution | return value |
|ap_idle              | out |    1| ap_ctrl_hs |  convolution | return value |
|ap_ready             | out |    1| ap_ctrl_hs |  convolution | return value |
|m_axi_gmem_AWVALID   | out |    1|    m_axi   |     gmem     |    pointer   |
|m_axi_gmem_AWREADY   |  in |    1|    m_axi   |     gmem     |    pointer   |
|m_axi_gmem_AWADDR    | out |   32|    m_axi   |     gmem     |    pointer   |
|m_axi_gmem_AWID      | out |    1|    m_axi   |     gmem     |    pointer   |
|m_axi_gmem_AWLEN     | out |    8|    m_axi   |     gmem     |    pointer   |
|m_axi_gmem_AWSIZE    | out |    3|    m_axi   |     gmem     |    pointer   |
|m_axi_gmem_AWBURST   | out |    2|    m_axi   |     gmem     |    pointer   |
|m_axi_gmem_AWLOCK    | out |    2|    m_axi   |     gmem     |    pointer   |
|m_axi_gmem_AWCACHE   | out |    4|    m_axi   |     gmem     |    pointer   |
|m_axi_gmem_AWPROT    | out |    3|    m_axi   |     gmem     |    pointer   |
|m_axi_gmem_AWQOS     | out |    4|    m_axi   |     gmem     |    pointer   |
|m_axi_gmem_AWREGION  | out |    4|    m_axi   |     gmem     |    pointer   |
|m_axi_gmem_AWUSER    | out |    1|    m_axi   |     gmem     |    pointer   |
|m_axi_gmem_WVALID    | out |    1|    m_axi   |     gmem     |    pointer   |
|m_axi_gmem_WREADY    |  in |    1|    m_axi   |     gmem     |    pointer   |
|m_axi_gmem_WDATA     | out |   32|    m_axi   |     gmem     |    pointer   |
|m_axi_gmem_WSTRB     | out |    4|    m_axi   |     gmem     |    pointer   |
|m_axi_gmem_WLAST     | out |    1|    m_axi   |     gmem     |    pointer   |
|m_axi_gmem_WID       | out |    1|    m_axi   |     gmem     |    pointer   |
|m_axi_gmem_WUSER     | out |    1|    m_axi   |     gmem     |    pointer   |
|m_axi_gmem_ARVALID   | out |    1|    m_axi   |     gmem     |    pointer   |
|m_axi_gmem_ARREADY   |  in |    1|    m_axi   |     gmem     |    pointer   |
|m_axi_gmem_ARADDR    | out |   32|    m_axi   |     gmem     |    pointer   |
|m_axi_gmem_ARID      | out |    1|    m_axi   |     gmem     |    pointer   |
|m_axi_gmem_ARLEN     | out |    8|    m_axi   |     gmem     |    pointer   |
|m_axi_gmem_ARSIZE    | out |    3|    m_axi   |     gmem     |    pointer   |
|m_axi_gmem_ARBURST   | out |    2|    m_axi   |     gmem     |    pointer   |
|m_axi_gmem_ARLOCK    | out |    2|    m_axi   |     gmem     |    pointer   |
|m_axi_gmem_ARCACHE   | out |    4|    m_axi   |     gmem     |    pointer   |
|m_axi_gmem_ARPROT    | out |    3|    m_axi   |     gmem     |    pointer   |
|m_axi_gmem_ARQOS     | out |    4|    m_axi   |     gmem     |    pointer   |
|m_axi_gmem_ARREGION  | out |    4|    m_axi   |     gmem     |    pointer   |
|m_axi_gmem_ARUSER    | out |    1|    m_axi   |     gmem     |    pointer   |
|m_axi_gmem_RVALID    |  in |    1|    m_axi   |     gmem     |    pointer   |
|m_axi_gmem_RREADY    | out |    1|    m_axi   |     gmem     |    pointer   |
|m_axi_gmem_RDATA     |  in |   32|    m_axi   |     gmem     |    pointer   |
|m_axi_gmem_RLAST     |  in |    1|    m_axi   |     gmem     |    pointer   |
|m_axi_gmem_RID       |  in |    1|    m_axi   |     gmem     |    pointer   |
|m_axi_gmem_RUSER     |  in |    1|    m_axi   |     gmem     |    pointer   |
|m_axi_gmem_RRESP     |  in |    2|    m_axi   |     gmem     |    pointer   |
|m_axi_gmem_BVALID    |  in |    1|    m_axi   |     gmem     |    pointer   |
|m_axi_gmem_BREADY    | out |    1|    m_axi   |     gmem     |    pointer   |
|m_axi_gmem_BRESP     |  in |    2|    m_axi   |     gmem     |    pointer   |
|m_axi_gmem_BID       |  in |    1|    m_axi   |     gmem     |    pointer   |
|m_axi_gmem_BUSER     |  in |    1|    m_axi   |     gmem     |    pointer   |
|input_V              |  in |   32|   ap_none  |    input_V   |    scalar    |
|weights_V            |  in |   32|   ap_none  |   weights_V  |    scalar    |
|output_V             |  in |   32|   ap_none  |   output_V   |    scalar    |
+---------------------+-----+-----+------------+--------------+--------------+

