

================================================================
== Vivado HLS Report for 'convolution'
================================================================
* Date:           Tue Jul  4 16:47:19 2017

* Version:        2016.3 (Build 1721985 on Tue Nov 29 18:45:36 MST 2016)
* Project:        conv
* Solution:       solution16bit
* Product family: zynq
* Target device:  xc7z010clg400-1


================================================================
== Performance Estimates
================================================================
+ Timing (ns): 
    * Summary: 
    +--------+-------+----------+------------+
    |  Clock | Target| Estimated| Uncertainty|
    +--------+-------+----------+------------+
    |ap_clk  |  10.00|     10.77|        1.25|
    +--------+-------+----------+------------+

+ Latency (clock cycles): 
    * Summary: 
    +----------+----------+----------+----------+---------+
    |       Latency       |       Interval      | Pipeline|
    |    min   |    max   |    min   |    max   |   Type  |
    +----------+----------+----------+----------+---------+
    |  43902865|  47137681|  43902866|  47137682|   none  |
    +----------+----------+----------+----------+---------+

    + Detail: 
        * Instance: 
        N/A

        * Loop: 
        +---------------------------------------+----------+----------+-----------------+-----------+-----------+----------+----------+
        |                                       |       Latency       |    Iteration    |  Initiation Interval  |   Trip   |          |
        |               Loop Name               |    min   |    max   |     Latency     |  achieved |   target  |   Count  | Pipelined|
        +---------------------------------------+----------+----------+-----------------+-----------+-----------+----------+----------+
        |- row_col_output                       |  43902864|  47137680| 101627 ~ 109115 |          -|          -|       432|    no    |
        | + zero_output_L                       |        25|        25|                1|          1|          1|        25|    yes   |
        | + input                               |    101348|    108836|   1949 ~ 2093   |          -|          -|        52|    no    |
        |  ++ input.1                           |      1330|      1330|              266|          -|          -|         5|    no    |
        |   +++ input.1.1                       |       264|       264|               24|          -|          -|        11|    no    |
        |    ++++ input.1.1.1                   |        22|        22|                2|          -|          -|        11|    no    |
        |  ++ input.2                           |       528|       528|              132|          -|          -|         4|    no    |
        |   +++ input.2.1                       |       130|       130|               26|          -|          -|         5|    no    |
        |    ++++ input.2.1.1                   |        24|        24|                8|          -|          -|         3|    no    |
        |     +++++ input.2.1.1.1               |         6|         6|                2|          -|          -|         3|    no    |
        |  ++ weight_row_tiling_row_tiling_col  |        85|       229|                6|          1|          1| 81 ~ 225 |    yes   |
        | + row_col_output.3                    |       248|       248|               62|          -|          -|         4|    no    |
        |  ++ row_col_output.3.1                |        60|        60|               12|          -|          -|         5|    no    |
        |   +++ row_col_output.3.1.1            |        10|        10|                2|          -|          -|         5|    no    |
        +---------------------------------------+----------+----------+-----------------+-----------+-----------+----------+----------+



================================================================
== Utilization Estimates
================================================================
* Summary: 
+-----------------+---------+-------+-------+-------+
|       Name      | BRAM_18K| DSP48E|   FF  |  LUT  |
+-----------------+---------+-------+-------+-------+
|DSP              |        -|     20|      -|      -|
|Expression       |        -|      6|      0|   1574|
|FIFO             |        -|      -|      -|      -|
|Instance         |        -|      -|      0|     16|
|Memory           |        9|      -|    640|     60|
|Multiplexer      |        -|      -|      -|    313|
|Register         |        -|      -|   1623|     37|
+-----------------+---------+-------+-------+-------+
|Total            |        9|     26|   2263|   2000|
+-----------------+---------+-------+-------+-------+
|Available        |      120|     80|  35200|  17600|
+-----------------+---------+-------+-------+-------+
|Utilization (%)  |        7|     32|      6|     11|
+-----------------+---------+-------+-------+-------+

+ Detail: 
    * Instance: 
    +-------------------------+----------------------+---------+-------+---+----+
    |         Instance        |        Module        | BRAM_18K| DSP48E| FF| LUT|
    +-------------------------+----------------------+---------+-------+---+----+
    |convolution_mux_4Ee0_U1  |convolution_mux_4Ee0  |        0|      0|  0|  16|
    +-------------------------+----------------------+---------+-------+---+----+
    |Total                    |                      |        0|      0|  0|  16|
    +-------------------------+----------------------+---------+-------+---+----+

    * DSP48: 
    +--------------------------+----------------------+--------------+
    |         Instance         |        Module        |  Expression  |
    +--------------------------+----------------------+--------------+
    |convolution_mac_mFfa_U2   |convolution_mac_mFfa  | i0 + i1 * i2 |
    |convolution_mac_mFfa_U4   |convolution_mac_mFfa  | i0 + i1 * i2 |
    |convolution_mac_mFfa_U6   |convolution_mac_mFfa  | i0 + i1 * i2 |
    |convolution_mac_mFfa_U8   |convolution_mac_mFfa  | i0 + i1 * i2 |
    |convolution_mac_mFfa_U10  |convolution_mac_mFfa  | i0 * i1 + i2 |
    |convolution_mac_mFfa_U11  |convolution_mac_mFfa  | i0 * i1 + i2 |
    |convolution_mac_mFfa_U12  |convolution_mac_mFfa  | i0 * i1 + i2 |
    |convolution_mac_mFfa_U13  |convolution_mac_mFfa  | i0 * i1 + i2 |
    |convolution_mac_mFfa_U14  |convolution_mac_mFfa  | i0 * i1 + i2 |
    |convolution_mac_mFfa_U15  |convolution_mac_mFfa  | i0 * i1 + i2 |
    |convolution_mac_mFfa_U16  |convolution_mac_mFfa  | i0 * i1 + i2 |
    |convolution_mac_mFfa_U17  |convolution_mac_mFfa  | i0 * i1 + i2 |
    |convolution_mac_mFfa_U18  |convolution_mac_mFfa  | i0 * i1 + i2 |
    |convolution_mac_mFfa_U19  |convolution_mac_mFfa  | i0 * i1 + i2 |
    |convolution_mac_mFfa_U20  |convolution_mac_mFfa  | i0 * i1 + i2 |
    |convolution_mac_mFfa_U21  |convolution_mac_mFfa  | i0 * i1 + i2 |
    |convolution_mac_mGfk_U3   |convolution_mac_mGfk  | i0 * i1 + i2 |
    |convolution_mac_mGfk_U5   |convolution_mac_mGfk  | i0 * i1 + i2 |
    |convolution_mac_mGfk_U7   |convolution_mac_mGfk  | i0 * i1 + i2 |
    |convolution_mac_mGfk_U9   |convolution_mac_mGfk  | i0 * i1 + i2 |
    +--------------------------+----------------------+--------------+

    * Memory: 
    +-------------------+----------------------+---------+----+----+------+-----+------+-------------+
    |       Memory      |        Module        | BRAM_18K| FF | LUT| Words| Bits| Banks| W*Bits*Banks|
    +-------------------+----------------------+---------+----+----+------+-----+------+-------------+
    |p_input_V_0_U      |convolution_p_inpzec  |        1|   0|   0|   121|   16|     1|         1936|
    |p_input_V_1_U      |convolution_p_inpzec  |        1|   0|   0|   121|   16|     1|         1936|
    |p_input_V_2_U      |convolution_p_inpzec  |        1|   0|   0|   121|   16|     1|         1936|
    |p_input_V_3_U      |convolution_p_inpzec  |        1|   0|   0|   121|   16|     1|         1936|
    |p_input_V_4_U      |convolution_p_inpzec  |        1|   0|   0|   121|   16|     1|         1936|
    |p_output_V_0_U     |convolution_p_outbkb  |        1|   0|   0|    25|   16|     1|          400|
    |p_output_V_1_U     |convolution_p_outbkb  |        1|   0|   0|    25|   16|     1|          400|
    |p_output_V_2_U     |convolution_p_outbkb  |        1|   0|   0|    25|   16|     1|          400|
    |p_output_V_3_U     |convolution_p_outbkb  |        1|   0|   0|    25|   16|     1|          400|
    |p_weights_V_0_0_U  |convolution_p_weifYi  |        0|  32|   3|     9|   16|     1|          144|
    |p_weights_V_0_1_U  |convolution_p_weifYi  |        0|  32|   3|     9|   16|     1|          144|
    |p_weights_V_0_2_U  |convolution_p_weifYi  |        0|  32|   3|     9|   16|     1|          144|
    |p_weights_V_0_3_U  |convolution_p_weifYi  |        0|  32|   3|     9|   16|     1|          144|
    |p_weights_V_0_4_U  |convolution_p_weifYi  |        0|  32|   3|     9|   16|     1|          144|
    |p_weights_V_1_0_U  |convolution_p_weifYi  |        0|  32|   3|     9|   16|     1|          144|
    |p_weights_V_1_1_U  |convolution_p_weifYi  |        0|  32|   3|     9|   16|     1|          144|
    |p_weights_V_1_2_U  |convolution_p_weifYi  |        0|  32|   3|     9|   16|     1|          144|
    |p_weights_V_1_3_U  |convolution_p_weifYi  |        0|  32|   3|     9|   16|     1|          144|
    |p_weights_V_1_4_U  |convolution_p_weifYi  |        0|  32|   3|     9|   16|     1|          144|
    |p_weights_V_2_0_U  |convolution_p_weifYi  |        0|  32|   3|     9|   16|     1|          144|
    |p_weights_V_2_1_U  |convolution_p_weifYi  |        0|  32|   3|     9|   16|     1|          144|
    |p_weights_V_2_2_U  |convolution_p_weifYi  |        0|  32|   3|     9|   16|     1|          144|
    |p_weights_V_2_3_U  |convolution_p_weifYi  |        0|  32|   3|     9|   16|     1|          144|
    |p_weights_V_2_4_U  |convolution_p_weifYi  |        0|  32|   3|     9|   16|     1|          144|
    |p_weights_V_3_0_U  |convolution_p_weifYi  |        0|  32|   3|     9|   16|     1|          144|
    |p_weights_V_3_1_U  |convolution_p_weifYi  |        0|  32|   3|     9|   16|     1|          144|
    |p_weights_V_3_2_U  |convolution_p_weifYi  |        0|  32|   3|     9|   16|     1|          144|
    |p_weights_V_3_3_U  |convolution_p_weifYi  |        0|  32|   3|     9|   16|     1|          144|
    |p_weights_V_3_4_U  |convolution_p_weifYi  |        0|  32|   3|     9|   16|     1|          144|
    +-------------------+----------------------+---------+----+----+------+-----+------+-------------+
    |Total              |                      |        9| 640|  60|   885|  464|    29|        14160|
    +-------------------+----------------------+---------+----+----+------+-----+------+-------------+

    * FIFO: 
    N/A

    * Expression: 
    +-----------------------------------+----------+-------+---+----+------------+------------+
    |           Variable Name           | Operation| DSP48E| FF| LUT| Bitwidth P0| Bitwidth P1|
    +-----------------------------------+----------+-------+---+----+------------+------------+
    |bound23_mid1_fu_1554_p2            |     *    |      1|  0|   5|           3|           3|
    |bound_fu_1325_p2                   |     *    |      1|  0|   5|           3|           3|
    |tmp_55_fu_1901_p2                  |     *    |      1|  0|   1|          20|           4|
    |tmp_69_fu_1934_p2                  |     *    |      1|  0|   1|          20|           4|
    |tmp_83_fu_2586_p2                  |     *    |      1|  0|   7|           4|           4|
    |tmp_s_fu_1695_p2                   |     *    |      1|  0|   4|           6|           6|
    |bound23_mid_fu_1500_p2             |     +    |      0|  0|   6|           6|           6|
    |col1_1_fu_1512_p2                  |     +    |      0|  0|   2|           1|           2|
    |col_1_fu_1413_p2                   |     +    |      0|  0|   4|           3|           4|
    |i_1_fu_2292_p2                     |     +    |      0|  0|   2|           2|           1|
    |indvar_flatten190_op_fu_2777_p2    |     +    |      0|  0|   8|           8|           1|
    |indvar_flatten26_op_fu_2414_p2     |     +    |      0|  0|   6|           6|           1|
    |indvar_flatten68_op_fu_2428_p2     |     +    |      0|  0|   8|           8|           1|
    |indvar_flatten_next2_fu_1337_p2    |     +    |      0|  0|   9|           1|           9|
    |indvar_flatten_next5_fu_2286_p2    |     +    |      0|  0|  10|          10|           1|
    |indvar_flatten_next_fu_1609_p2     |     +    |      0|  0|   5|           5|           1|
    |j_1_fu_2343_p2                     |     +    |      0|  0|   2|           2|           1|
    |k_4_fu_1886_p2                     |     +    |      0|  0|   3|           3|           1|
    |k_5_fu_1990_p2                     |     +    |      0|  0|   3|           3|           1|
    |k_fu_2741_p2                       |     +    |      0|  0|   3|           3|           1|
    |l_4_fu_1615_p2                     |     +    |      0|  0|   3|           3|           1|
    |l_5_fu_2796_p2                     |     +    |      0|  0|   3|           3|           1|
    |l_6_fu_1919_p2                     |     +    |      0|  0|   4|           4|           1|
    |l_7_fu_2077_p2                     |     +    |      0|  0|   3|           3|           1|
    |m_4_fu_1683_p2                     |     +    |      0|  0|   3|           3|           1|
    |m_5_fu_2861_p2                     |     +    |      0|  0|   3|           3|           1|
    |m_6_fu_1946_p2                     |     +    |      0|  0|   4|           4|           1|
    |m_7_fu_2110_p2                     |     +    |      0|  0|   2|           2|           1|
    |n_1_fu_2175_p2                     |     +    |      0|  0|   2|           2|           1|
    |next_mul_fu_1907_p2                |     +    |      0|  0|   7|           7|           4|
    |row1_1_fu_1451_p2                  |     +    |      0|  0|   2|           1|           2|
    |row_1_fu_1343_p2                   |     +    |      0|  0|   4|           3|           4|
    |tcc_1_fu_2408_p2                   |     +    |      0|  0|   3|           3|           1|
    |ti1_1_fu_1776_p2                   |     +    |      0|  0|   6|           6|           1|
    |ti_1_fu_2729_p2                    |     +    |      0|  0|   9|           9|           3|
    |tmp_19_fu_1722_p2                  |     +    |      0|  0|  10|          10|          10|
    |tmp_23_fu_1749_p2                  |     +    |      0|  0|   6|          64|          64|
    |tmp_28_fu_2275_p2                  |     +    |      0|  0|   4|           4|           4|
    |tmp_28_mid1_fu_2569_p2             |     +    |      0|  0|   4|           4|           4|
    |tmp_29_fu_1659_p2                  |     +    |      0|  0|   6|           6|           6|
    |tmp_31_fu_1669_p2                  |     +    |      0|  0|   6|           6|           6|
    |tmp_34_fu_2616_p2                  |     +    |      0|  0|   4|           4|           4|
    |tmp_37_fu_1812_p2                  |     +    |      0|  0|  10|          10|          10|
    |tmp_41_fu_1839_p2                  |     +    |      0|  0|   6|          64|          64|
    |tmp_46_fu_1864_p2                  |     +    |      0|  0|  20|          20|          20|
    |tmp_47_fu_1852_p2                  |     +    |      0|  0|  12|          12|          12|
    |tmp_50_fu_2751_p2                  |     +    |      0|  0|  64|          64|          64|
    |tmp_52_fu_2762_p2                  |     +    |      0|  0|  64|          64|          64|
    |tmp_54_fu_1896_p2                  |     +    |      0|  0|  20|          20|          20|
    |tmp_56_fu_2810_p2                  |     +    |      0|  0|  64|          64|          64|
    |tmp_59_fu_2831_p2                  |     +    |      0|  0|  17|          17|          17|
    |tmp_61_fu_2849_p2                  |     +    |      0|  0|   6|           6|           6|
    |tmp_64_fu_2000_p2                  |     +    |      0|  0|  64|          64|          64|
    |tmp_66_fu_2011_p2                  |     +    |      0|  0|  64|          64|          64|
    |tmp_68_fu_1929_p2                  |     +    |      0|  0|  20|          20|          20|
    |tmp_72_fu_2261_p2                  |     +    |      0|  0|   6|           6|           6|
    |tmp_73_fu_2875_p2                  |     +    |      0|  0|  17|          17|          17|
    |tmp_74_fu_2880_p2                  |     +    |      0|  0|   6|           6|           6|
    |tmp_80_fu_2514_p2                  |     +    |      0|  0|   6|          64|          64|
    |tmp_82_fu_2556_p2                  |     +    |      0|  0|   6|           6|           6|
    |tmp_84_fu_2595_p2                  |     +    |      0|  0|   6|           6|           6|
    |tmp_85_fu_2626_p2                  |     +    |      0|  0|   8|           8|           8|
    |tmp_86_fu_2087_p2                  |     +    |      0|  0|  64|          64|          64|
    |tmp_89_fu_1960_p2                  |     +    |      0|  0|  20|          20|          20|
    |tmp_90_fu_1970_p2                  |     +    |      0|  0|   7|           7|           7|
    |tmp_91_fu_2124_p2                  |     +    |      0|  0|  64|          64|          64|
    |tmp_97_fu_2189_p2                  |     +    |      0|  0|  20|          20|          20|
    |tmp_98_fu_2199_p2                  |     +    |      0|  0|   5|           5|           5|
    |to1_1_fu_2772_p2                   |     +    |      0|  0|   6|           6|           1|
    |trr_1_fu_2386_p2                   |     +    |      0|  0|   3|           3|           1|
    |bound113_mid2_fu_1597_p2           |     -    |      0|  0|  10|          10|          10|
    |bound51_mid2_fu_1579_p2            |     -    |      0|  0|   8|           8|           8|
    |tmp_16_fu_2021_p2                  |     -    |      0|  0|  10|          10|           9|
    |tmp_18_fu_1712_p2                  |     -    |      0|  0|   9|           9|           9|
    |tmp_1_fu_1269_p2                   |     -    |      0|  0|   4|           3|           4|
    |tmp_1_mid1_fu_1363_p2              |     -    |      0|  0|   5|           5|           4|
    |tmp_22_fu_1743_p2                  |     -    |      0|  0|   6|          64|          64|
    |tmp_36_fu_1802_p2                  |     -    |      0|  0|   9|           9|           9|
    |tmp_39_fu_1833_p2                  |     -    |      0|  0|   6|          64|          64|
    |tmp_71_fu_2247_p2                  |     -    |      0|  0|   5|           5|           5|
    |tmp_76_fu_2462_p2                  |     -    |      0|  0|   5|           5|           5|
    |tmp_78_fu_2486_p2                  |     -    |      0|  0|   6|          64|          64|
    |tmp_7_fu_1293_p2                   |     -    |      0|  0|   4|           3|           4|
    |tmp_7_mid1_fu_1419_p2              |     -    |      0|  0|   5|           5|           4|
    |tmp_88_fu_2098_p2                  |     -    |      0|  0|  64|          64|          64|
    |tmp_94_fu_2145_p2                  |     -    |      0|  0|  20|          20|          20|
    |tmp_96_fu_2163_p2                  |     -    |      0|  0|   5|           5|           5|
    |exitcond3_mid_fu_1399_p2           |    and   |      0|  0|   1|           1|           1|
    |exitcond10_fu_1940_p2              |   icmp   |      0|  0|   2|           4|           4|
    |exitcond11_fu_2319_p2              |   icmp   |      0|  0|   2|           3|           3|
    |exitcond12_fu_2104_p2              |   icmp   |      0|  0|   1|           2|           2|
    |exitcond13_fu_2169_p2              |   icmp   |      0|  0|   1|           2|           2|
    |exitcond18_mid_fu_1760_p2          |   icmp   |      0|  0|   2|           3|           1|
    |exitcond1_fu_1984_p2               |   icmp   |      0|  0|   2|           3|           4|
    |exitcond2_fu_1913_p2               |   icmp   |      0|  0|   2|           4|           4|
    |exitcond3_fu_1393_p2               |   icmp   |      0|  0|   3|           6|           6|
    |exitcond4_fu_1621_p2               |   icmp   |      0|  0|   2|           3|           3|
    |exitcond5_fu_1770_p2               |   icmp   |      0|  0|   3|           6|           5|
    |exitcond6_fu_2071_p2               |   icmp   |      0|  0|   2|           3|           3|
    |exitcond7_fu_2735_p2               |   icmp   |      0|  0|   2|           3|           4|
    |exitcond8_fu_1880_p2               |   icmp   |      0|  0|   2|           3|           3|
    |exitcond9_fu_2790_p2               |   icmp   |      0|  0|   2|           3|           3|
    |exitcond_flatten1_fu_1349_p2       |   icmp   |      0|  0|   3|           8|           8|
    |exitcond_flatten28_m_fu_1765_p2    |   icmp   |      0|  0|   3|           6|           1|
    |exitcond_flatten2_fu_1331_p2       |   icmp   |      0|  0|   3|           9|           8|
    |exitcond_flatten3_fu_2298_p2       |   icmp   |      0|  0|   3|           8|           8|
    |exitcond_flatten4_fu_2331_p2       |   icmp   |      0|  0|   3|           6|           6|
    |exitcond_flatten5_fu_2281_p2       |   icmp   |      0|  0|   4|          10|          10|
    |exitcond_flatten_fu_1603_p2        |   icmp   |      0|  0|   2|           5|           4|
    |exitcond_fu_2855_p2                |   icmp   |      0|  0|   2|           3|           3|
    |icmp1_fu_2059_p2                   |   icmp   |      0|  0|   3|           7|           1|
    |icmp_fu_2037_p2                    |   icmp   |      0|  0|   3|           8|           1|
    |tmp_2_fu_1279_p2                   |   icmp   |      0|  0|   2|           4|           3|
    |tmp_2_mid1_fu_1373_p2              |   icmp   |      0|  0|   2|           4|           3|
    |tmp_38_0_2_fu_2043_p2              |   icmp   |      0|  0|   3|           9|           2|
    |tmp_38_0_4_fu_2065_p2              |   icmp   |      0|  0|   3|           9|           3|
    |tmp_8_fu_1303_p2                   |   icmp   |      0|  0|   2|           4|           3|
    |tmp_8_mid1_fu_1429_p2              |   icmp   |      0|  0|   2|           4|           3|
    |ap_enable_pp1                      |    or    |      0|  0|   1|           1|           1|
    |tmp_4_fu_1518_p2                   |    or    |      0|  0|   1|           1|           1|
    |tmp_79_fu_2349_p2                  |    or    |      0|  0|   1|           1|           1|
    |bound23_mid2_fu_1560_p3            |  select  |      0|  0|   6|           1|           6|
    |bound23_mid3_fu_1506_p3            |  select  |      0|  0|   6|           1|           6|
    |col1_mid_fu_1457_p3                |  select  |      0|  0|   2|           1|           1|
    |col_mid2_fu_1443_p3                |  select  |      0|  0|   4|           1|           4|
    |col_mid_fu_1355_p3                 |  select  |      0|  0|   4|           1|           1|
    |exitcond18_mid1_fu_2324_p3         |  select  |      0|  0|   1|           1|           1|
    |exitcond18_mid2_fu_2379_p3         |  select  |      0|  0|   1|           1|           1|
    |exitcond_flatten28_m_1_fu_2336_p3  |  select  |      0|  0|   1|           1|           1|
    |grp_fu_2969_p2                     |  select  |      0|  0|  16|           1|          16|
    |grp_fu_2981_p2                     |  select  |      0|  0|  16|           1|          16|
    |grp_fu_2993_p2                     |  select  |      0|  0|  16|           1|          16|
    |grp_fu_3005_p2                     |  select  |      0|  0|  16|           1|          16|
    |i_cast9_mid2_fu_2311_p3            |  select  |      0|  0|   2|           1|           2|
    |indvar_flatten_next1_fu_2783_p3    |  select  |      0|  0|   8|           1|           1|
    |indvar_flatten_next3_fu_2420_p3    |  select  |      0|  0|   6|           1|           1|
    |indvar_flatten_next4_fu_2434_p3    |  select  |      0|  0|   8|           1|           1|
    |j_cast7_mid2_fu_2371_p3            |  select  |      0|  0|   2|           1|           2|
    |j_mid_fu_2303_p3                   |  select  |      0|  0|   2|           1|           1|
    |m_mid2_fu_1627_p3                  |  select  |      0|  0|   3|           1|           1|
    |output_tmp_V_0_new_8_fu_2641_p3    |  select  |      0|  0|  16|           1|          16|
    |output_tmp_V_0_new_s_fu_2681_p3    |  select  |      0|  0|  16|           1|          16|
    |output_tmp_V_1_new_8_fu_2646_p3    |  select  |      0|  0|  16|           1|          16|
    |output_tmp_V_1_new_s_fu_2693_p3    |  select  |      0|  0|  16|           1|          16|
    |output_tmp_V_2_new_8_fu_2651_p3    |  select  |      0|  0|  16|           1|          16|
    |output_tmp_V_2_new_s_fu_2705_p3    |  select  |      0|  0|  16|           1|          16|
    |output_tmp_V_3_new_8_fu_2656_p3    |  select  |      0|  0|  16|           1|          16|
    |output_tmp_V_3_new_s_fu_2717_p3    |  select  |      0|  0|  16|           1|          16|
    |p_output_V_0_d1                    |  select  |      0|  0|  16|           1|          16|
    |p_output_V_1_d1                    |  select  |      0|  0|  16|           1|          16|
    |p_output_V_2_d1                    |  select  |      0|  0|  16|           1|          16|
    |p_output_V_3_d1                    |  select  |      0|  0|  16|           1|          16|
    |p_weights_V_0_0_load_1_fu_2520_p3  |  select  |      0|  0|  64|           1|          64|
    |p_weights_V_0_0_load_s_fu_2492_p3  |  select  |      0|  0|   6|           1|           6|
    |row_mid2_fu_1405_p3                |  select  |      0|  0|   4|           1|           4|
    |tcc_mid2_fu_2392_p3                |  select  |      0|  0|   3|           1|           3|
    |tcc_mid_fu_2363_p3                 |  select  |      0|  0|   3|           1|           1|
    |tmp_26_mid2_fu_2400_p3             |  select  |      0|  0|   3|           1|           3|
    |tmp_29_mid2_fu_2575_p3             |  select  |      0|  0|   4|           1|           4|
    |tmp_29_mid4_fu_2535_p3             |  select  |      0|  0|   4|           1|           4|
    |tmp_29_mid_fu_2502_p3              |  select  |      0|  0|   4|           1|           4|
    |tmp_3_fu_1285_p3                   |  select  |      0|  0|   3|           1|           3|
    |tmp_3_mid1_fu_1379_p3              |  select  |      0|  0|   3|           1|           3|
    |tmp_3_mid2_fu_1475_p3              |  select  |      0|  0|   3|           1|           3|
    |tmp_5_mid2_v_fu_1635_p3            |  select  |      0|  0|   3|           1|           3|
    |tmp_6_mid2_fu_1530_p3              |  select  |      0|  0|   2|           1|           2|
    |tmp_9_fu_1309_p3                   |  select  |      0|  0|   3|           1|           3|
    |tmp_9_mid1_fu_1435_p3              |  select  |      0|  0|   3|           1|           3|
    |tmp_9_mid2_fu_1541_p3              |  select  |      0|  0|   3|           1|           3|
    |tmp_9_mid_fu_1480_p3               |  select  |      0|  0|   3|           1|           3|
    |tmp_mid2_v_fu_1464_p3              |  select  |      0|  0|   2|           1|           2|
    |to1_mid2_fu_1522_p3                |  select  |      0|  0|   6|           1|           1|
    |trr_mid_fu_2355_p3                 |  select  |      0|  0|   3|           1|           1|
    |not_exitcond_flatten_fu_1387_p2    |    xor   |      0|  0|   2|           1|           2|
    +-----------------------------------+----------+-------+---+----+------------+------------+
    |Total                              |          |      6|  0|1574|        1624|        1842|
    +-----------------------------------+----------+-------+---+----+------------+------------+

    * Multiplexer: 
    +--------------------------+----+-----------+-----+-----------+
    |           Name           | LUT| Input Size| Bits| Total Bits|
    +--------------------------+----+-----------+-----+-----------+
    |ap_NS_fsm                 |  18|         23|    1|         23|
    |ap_enable_reg_pp1_iter5   |   1|          2|    1|          2|
    |col1_reg_988              |   2|          2|    2|          4|
    |col_reg_977               |   4|          2|    4|          8|
    |i_phi_fu_1174_p4          |   2|          2|    2|          4|
    |i_reg_1170                |   2|          2|    2|          4|
    |indvar_flatten1_reg_931   |   9|          2|    9|         18|
    |indvar_flatten2_reg_965   |   8|          2|    8|         16|
    |indvar_flatten3_reg_1159  |  10|          2|   10|         20|
    |indvar_flatten4_reg_1181  |   8|          2|    8|         16|
    |indvar_flatten5_reg_1203  |   6|          2|    6|         12|
    |indvar_flatten_reg_1012   |   5|          2|    5|         10|
    |j_phi_fu_1196_p4          |   2|          2|    2|          4|
    |j_reg_1192                |   2|          2|    2|          4|
    |k_1_reg_1068              |   3|          2|    3|          6|
    |k_2_reg_1114              |   3|          2|    3|          6|
    |k_3_reg_1236              |   3|          2|    3|          6|
    |l_1_reg_1080              |   4|          2|    4|          8|
    |l_2_reg_1125              |   3|          2|    3|          6|
    |l_3_reg_1247              |   3|          2|    3|          6|
    |l_reg_1023                |   3|          2|    3|          6|
    |m_1_reg_1103              |   4|          2|    4|          8|
    |m_2_reg_1137              |   2|          2|    2|          4|
    |m_3_reg_1258              |   3|          2|    3|          6|
    |m_reg_1034                |   3|          2|    3|          6|
    |n_reg_1148                |   2|          2|    2|          4|
    |p_input_V_0_address0      |   7|          3|    7|         21|
    |p_input_V_1_address0      |   7|          3|    7|         21|
    |p_input_V_2_address0      |   7|          3|    7|         21|
    |p_input_V_3_address0      |   7|          3|    7|         21|
    |p_input_V_4_address0      |   7|          3|    7|         21|
    |p_output_V_0_address0     |   5|          3|    5|         15|
    |p_output_V_0_address1     |   5|          3|    5|         15|
    |p_output_V_1_address0     |   5|          3|    5|         15|
    |p_output_V_1_address1     |   5|          3|    5|         15|
    |p_output_V_2_address0     |   5|          3|    5|         15|
    |p_output_V_2_address1     |   5|          3|    5|         15|
    |p_output_V_3_address0     |   5|          3|    5|         15|
    |p_output_V_3_address1     |   5|          3|    5|         15|
    |p_weights_V_0_0_address0  |   4|          3|    4|         12|
    |p_weights_V_0_1_address0  |   4|          3|    4|         12|
    |p_weights_V_0_2_address0  |   4|          3|    4|         12|
    |p_weights_V_0_3_address0  |   4|          3|    4|         12|
    |p_weights_V_0_4_address0  |   4|          3|    4|         12|
    |p_weights_V_1_0_address0  |   4|          3|    4|         12|
    |p_weights_V_1_1_address0  |   4|          3|    4|         12|
    |p_weights_V_1_2_address0  |   4|          3|    4|         12|
    |p_weights_V_1_3_address0  |   4|          3|    4|         12|
    |p_weights_V_1_4_address0  |   4|          3|    4|         12|
    |p_weights_V_2_0_address0  |   4|          3|    4|         12|
    |p_weights_V_2_1_address0  |   4|          3|    4|         12|
    |p_weights_V_2_2_address0  |   4|          3|    4|         12|
    |p_weights_V_2_3_address0  |   4|          3|    4|         12|
    |p_weights_V_2_4_address0  |   4|          3|    4|         12|
    |p_weights_V_3_0_address0  |   4|          3|    4|         12|
    |p_weights_V_3_1_address0  |   4|          3|    4|         12|
    |p_weights_V_3_2_address0  |   4|          3|    4|         12|
    |p_weights_V_3_3_address0  |   4|          3|    4|         12|
    |p_weights_V_3_4_address0  |   4|          3|    4|         12|
    |phi_mul_reg_1091          |   7|          2|    7|         14|
    |row1_reg_953              |   2|          2|    2|          4|
    |row_reg_942               |   4|          2|    4|          8|
    |tcc_reg_1225              |   3|          2|    3|          6|
    |ti1_reg_1057              |   6|          2|    6|         12|
    |ti_reg_1045               |   9|          2|    9|         18|
    |to1_reg_1000              |   6|          2|    6|         12|
    |trr_phi_fu_1218_p4        |   3|          2|    3|          6|
    |trr_reg_1214              |   3|          2|    3|          6|
    +--------------------------+----+-----------+-----+-----------+
    |Total                     | 313|        190|  296|        768|
    +--------------------------+----+-----------+-----+-----------+

    * Register: 
    +-----------------------------------------------------------+----+----+-----+-----------+
    |                            Name                           | FF | LUT| Bits| Const Bits|
    +-----------------------------------------------------------+----+----+-----+-----------+
    |ap_CS_fsm                                                  |  22|   0|   22|          0|
    |ap_enable_reg_pp1_iter0                                    |   1|   0|    1|          0|
    |ap_enable_reg_pp1_iter1                                    |   1|   0|    1|          0|
    |ap_enable_reg_pp1_iter2                                    |   1|   0|    1|          0|
    |ap_enable_reg_pp1_iter3                                    |   1|   0|    1|          0|
    |ap_enable_reg_pp1_iter4                                    |   1|   0|    1|          0|
    |ap_enable_reg_pp1_iter5                                    |   1|   0|    1|          0|
    |ap_pipeline_reg_pp1_iter2_p_weights_V_0_0_load_1_reg_3471  |  64|   0|   64|          0|
    |ap_pipeline_reg_pp1_iter3_p_input_V_2_load_reg_3677        |  16|   0|   16|          0|
    |ap_pipeline_reg_pp1_iter3_p_input_V_3_load_reg_3685        |  16|   0|   16|          0|
    |bound113_mid2_reg_3151                                     |  10|   0|   10|          0|
    |bound23_mid2_reg_3140                                      |   6|   0|    6|          0|
    |bound51_mid2_reg_3146                                      |   8|   0|    8|          0|
    |bound_reg_3049                                             |   6|   0|    6|          0|
    |col1_reg_988                                               |   2|   0|    2|          0|
    |col_mid2_reg_3099                                          |   4|   0|    4|          0|
    |col_reg_977                                                |   4|   0|    4|          0|
    |exitcond18_mid2_reg_3433                                   |   1|   0|    1|          0|
    |exitcond18_mid_reg_3184                                    |   1|   0|    1|          0|
    |exitcond3_mid_reg_3080                                     |   1|   0|    1|          0|
    |exitcond_flatten1_reg_3062                                 |   1|   0|    1|          0|
    |exitcond_flatten28_m_1_reg_3416                            |   1|   0|    1|          0|
    |exitcond_flatten28_m_reg_3190                              |   1|   0|    1|          0|
    |exitcond_flatten3_reg_3402                                 |   1|   0|    1|          0|
    |exitcond_flatten5_reg_3386                                 |   1|   0|    1|          0|
    |i_1_reg_3395                                               |   2|   0|    2|          0|
    |i_cast9_mid2_reg_3408                                      |   2|   0|    2|          0|
    |i_reg_1170                                                 |   2|   0|    2|          0|
    |icmp1_reg_3311                                             |   1|   0|    1|          0|
    |icmp_reg_3295                                              |   1|   0|    1|          0|
    |indvar_flatten1_reg_931                                    |   9|   0|    9|          0|
    |indvar_flatten2_reg_965                                    |   8|   0|    8|          0|
    |indvar_flatten3_reg_1159                                   |  10|   0|   10|          0|
    |indvar_flatten4_reg_1181                                   |   8|   0|    8|          0|
    |indvar_flatten5_reg_1203                                   |   6|   0|    6|          0|
    |indvar_flatten_next2_reg_3057                              |   9|   0|    9|          0|
    |indvar_flatten_reg_1012                                    |   5|   0|    5|          0|
    |j_1_reg_3422                                               |   2|   0|    2|          0|
    |j_cast7_mid2_reg_3427                                      |   2|   0|    2|          0|
    |j_reg_1192                                                 |   2|   0|    2|          0|
    |k_1_reg_1068                                               |   3|   0|    3|          0|
    |k_2_reg_1114                                               |   3|   0|    3|          0|
    |k_3_reg_1236                                               |   3|   0|    3|          0|
    |k_4_reg_3231                                               |   3|   0|    3|          0|
    |k_5_reg_3281                                               |   3|   0|    3|          0|
    |k_reg_3868                                                 |   3|   0|    3|          0|
    |l_1_reg_1080                                               |   4|   0|    4|          0|
    |l_2_reg_1125                                               |   3|   0|    3|          0|
    |l_3_reg_1247                                               |   3|   0|    3|          0|
    |l_5_reg_3896                                               |   3|   0|    3|          0|
    |l_6_reg_3249                                               |   4|   0|    4|          0|
    |l_7_reg_3330                                               |   3|   0|    3|          0|
    |l_reg_1023                                                 |   3|   0|    3|          0|
    |m_1_reg_1103                                               |   4|   0|    4|          0|
    |m_2_reg_1137                                               |   2|   0|    2|          0|
    |m_3_reg_1258                                               |   3|   0|    3|          0|
    |m_5_reg_3914                                               |   3|   0|    3|          0|
    |m_6_reg_3262                                               |   4|   0|    4|          0|
    |m_7_reg_3343                                               |   2|   0|    2|          0|
    |m_reg_1034                                                 |   3|   0|    3|          0|
    |n_1_reg_3361                                               |   2|   0|    2|          0|
    |n_reg_1148                                                 |   2|   0|    2|          0|
    |next_mul_reg_3241                                          |   7|   0|    7|          0|
    |output_tmp_V_0_new_8_reg_3776                              |  16|   0|   16|          0|
    |output_tmp_V_0_new_9_reg_3820                              |  16|   0|   16|          0|
    |output_tmp_V_1_new_8_reg_3782                              |  16|   0|   16|          0|
    |output_tmp_V_1_new_9_reg_3830                              |  16|   0|   16|          0|
    |output_tmp_V_2_new_8_reg_3788                              |  16|   0|   16|          0|
    |output_tmp_V_2_new_9_reg_3840                              |  16|   0|   16|          0|
    |output_tmp_V_3_new_8_reg_3794                              |  16|   0|   16|          0|
    |output_tmp_V_3_new_9_reg_3850                              |  16|   0|   16|          0|
    |p_input_V_0_load_reg_3661                                  |  16|   0|   16|          0|
    |p_input_V_1_load_reg_3669                                  |  16|   0|   16|          0|
    |p_input_V_2_load_reg_3677                                  |  16|   0|   16|          0|
    |p_input_V_3_load_reg_3685                                  |  16|   0|   16|          0|
    |p_input_V_4_load_reg_3693                                  |  16|   0|   16|          0|
    |p_output_V_0_addr_1_reg_3533                               |   5|   0|    5|          0|
    |p_output_V_0_load_reg_3656                                 |  16|   0|   16|          0|
    |p_output_V_1_addr_1_reg_3539                               |   5|   0|    5|          0|
    |p_output_V_1_load_reg_3701                                 |  16|   0|   16|          0|
    |p_output_V_2_addr_1_reg_3527                               |   5|   0|    5|          0|
    |p_output_V_2_load_reg_3706                                 |  16|   0|   16|          0|
    |p_output_V_3_addr_1_reg_3545                               |   5|   0|    5|          0|
    |p_output_V_3_load_reg_3711                                 |  16|   0|   16|          0|
    |p_weights_V_0_0_load_1_reg_3471                            |  64|   0|   64|          0|
    |p_weights_V_0_0_load_reg_3576                              |  16|   0|   16|          0|
    |p_weights_V_0_1_load_reg_3581                              |  16|   0|   16|          0|
    |p_weights_V_0_2_load_reg_3716                              |  16|   0|   16|          0|
    |p_weights_V_0_3_load_reg_3721                              |  16|   0|   16|          0|
    |p_weights_V_0_4_load_reg_3800                              |  16|   0|   16|          0|
    |p_weights_V_1_0_load_reg_3596                              |  16|   0|   16|          0|
    |p_weights_V_1_1_load_reg_3601                              |  16|   0|   16|          0|
    |p_weights_V_1_2_load_reg_3731                              |  16|   0|   16|          0|
    |p_weights_V_1_3_load_reg_3736                              |  16|   0|   16|          0|
    |p_weights_V_1_4_load_reg_3805                              |  16|   0|   16|          0|
    |p_weights_V_2_0_load_reg_3616                              |  16|   0|   16|          0|
    |p_weights_V_2_1_load_reg_3621                              |  16|   0|   16|          0|
    |p_weights_V_2_2_load_reg_3746                              |  16|   0|   16|          0|
    |p_weights_V_2_3_load_reg_3751                              |  16|   0|   16|          0|
    |p_weights_V_2_4_load_reg_3810                              |  16|   0|   16|          0|
    |p_weights_V_3_0_load_reg_3636                              |  16|   0|   16|          0|
    |p_weights_V_3_1_load_reg_3641                              |  16|   0|   16|          0|
    |p_weights_V_3_2_load_reg_3761                              |  16|   0|   16|          0|
    |p_weights_V_3_3_load_reg_3766                              |  16|   0|   16|          0|
    |p_weights_V_3_4_load_reg_3815                              |  16|   0|   16|          0|
    |phi_mul_reg_1091                                           |   7|   0|    7|          0|
    |row1_reg_953                                               |   2|   0|    2|          0|
    |row_mid2_reg_3088                                          |   4|   0|    4|          0|
    |row_reg_942                                                |   4|   0|    4|          0|
    |tcc_mid2_reg_3443                                          |   3|   0|    3|          0|
    |tcc_reg_1225                                               |   3|   0|    3|          0|
    |ti1_1_reg_3198                                             |   6|   0|    6|          0|
    |ti1_reg_1057                                               |   6|   0|    6|          0|
    |ti_reg_1045                                                |   9|   0|    9|          0|
    |tmp_25_reg_3179                                            |  62|   0|   64|          2|
    |tmp_26_mid2_reg_3449                                       |   3|   0|    3|          0|
    |tmp_28_reg_3381                                            |   4|   0|    4|          0|
    |tmp_38_0_2_reg_3303                                        |   1|   0|    1|          0|
    |tmp_38_0_4_reg_3319                                        |   1|   0|    1|          0|
    |tmp_3_mid1_reg_3073                                        |   3|   0|    3|          0|
    |tmp_3_reg_3039                                             |   3|   0|    3|          0|
    |tmp_40_0_3_reg_3825                                        |  16|   0|   16|          0|
    |tmp_40_1_3_reg_3835                                        |  16|   0|   16|          0|
    |tmp_40_2_3_reg_3845                                        |  16|   0|   16|          0|
    |tmp_40_3_3_reg_3855                                        |  16|   0|   16|          0|
    |tmp_42_reg_3203                                            |  20|   0|   20|          0|
    |tmp_43_reg_3208                                            |  18|   0|   18|          0|
    |tmp_46_reg_3218                                            |  20|   0|   20|          0|
    |tmp_47_reg_3213                                            |  12|   0|   12|          0|
    |tmp_49_reg_3223                                            |  12|   0|   64|         52|
    |tmp_52_reg_3873                                            |  64|   0|   64|          0|
    |tmp_53_reg_3878                                            |   2|   0|    2|          0|
    |tmp_55_reg_3236                                            |  20|   0|   20|          0|
    |tmp_59_reg_3901                                            |  17|   0|   17|          0|
    |tmp_61_reg_3906                                            |   6|   0|    6|          0|
    |tmp_66_reg_3286                                            |  64|   0|   64|          0|
    |tmp_67_reg_3291                                            |   2|   0|    2|          0|
    |tmp_69_reg_3254                                            |  20|   0|   20|          0|
    |tmp_6_mid2_cast_reg_3128                                   |   2|   0|   64|         62|
    |tmp_6_mid2_reg_3123                                        |   2|   0|    2|          0|
    |tmp_72_reg_3376                                            |   6|   0|    6|          0|
    |tmp_73_reg_3919                                            |  17|   0|   17|          0|
    |tmp_88_reg_3335                                            |  64|   0|   64|          0|
    |tmp_90_reg_3272                                            |   7|   0|    7|          0|
    |tmp_94_reg_3348                                            |  20|   0|   20|          0|
    |tmp_96_reg_3353                                            |   5|   0|    5|          0|
    |tmp_98_reg_3371                                            |   5|   0|    5|          0|
    |tmp_9_mid1_reg_3093                                        |   3|   0|    3|          0|
    |tmp_9_mid2_reg_3134                                        |   3|   0|    3|          0|
    |tmp_9_reg_3044                                             |   3|   0|    3|          0|
    |tmp_mid2_cast_reg_3109                                     |   2|   0|   10|          8|
    |tmp_mid2_v_reg_3104                                        |   2|   0|    2|          0|
    |tmp_s_reg_3174                                             |  12|   0|   12|          0|
    |to1_mid2_reg_3115                                          |   6|   0|    6|          0|
    |to1_reg_1000                                               |   6|   0|    6|          0|
    |trr_1_reg_3438                                             |   3|   0|    3|          0|
    |trr_reg_1214                                               |   3|   0|    3|          0|
    |exitcond_flatten5_reg_3386                                 |   0|   1|    1|          0|
    |p_input_V_4_load_reg_3693                                  |   0|  16|   16|          0|
    |p_output_V_0_addr_1_reg_3533                               |   0|   5|    5|          0|
    |p_output_V_1_addr_1_reg_3539                               |   0|   5|    5|          0|
    |p_output_V_2_addr_1_reg_3527                               |   0|   5|    5|          0|
    |p_output_V_3_addr_1_reg_3545                               |   0|   5|    5|          0|
    +-----------------------------------------------------------+----+----+-----+-----------+
    |Total                                                      |1623|  37| 1784|        124|
    +-----------------------------------------------------------+----+----+-----+-----------+



================================================================
== Interface
================================================================
* Summary: 
+--------------------+-----+-----+------------+--------------+--------------+
|      RTL Ports     | Dir | Bits|  Protocol  | Source Object|    C Type    |
+--------------------+-----+-----+------------+--------------+--------------+
|ap_clk              |  in |    1| ap_ctrl_hs |  convolution | return value |
|ap_rst              |  in |    1| ap_ctrl_hs |  convolution | return value |
|ap_start            |  in |    1| ap_ctrl_hs |  convolution | return value |
|ap_done             | out |    1| ap_ctrl_hs |  convolution | return value |
|ap_idle             | out |    1| ap_ctrl_hs |  convolution | return value |
|ap_ready            | out |    1| ap_ctrl_hs |  convolution | return value |
|input_V_address0    | out |   19|  ap_memory |    input_V   |     array    |
|input_V_ce0         | out |    1|  ap_memory |    input_V   |     array    |
|input_V_q0          |  in |   16|  ap_memory |    input_V   |     array    |
|weights_V_address0  | out |   19|  ap_memory |   weights_V  |     array    |
|weights_V_ce0       | out |    1|  ap_memory |   weights_V  |     array    |
|weights_V_q0        |  in |   16|  ap_memory |   weights_V  |     array    |
|output_V_address0   | out |   16|  ap_memory |   output_V   |     array    |
|output_V_ce0        | out |    1|  ap_memory |   output_V   |     array    |
|output_V_we0        | out |    1|  ap_memory |   output_V   |     array    |
|output_V_d0         | out |   16|  ap_memory |   output_V   |     array    |
+--------------------+-----+-----+------------+--------------+--------------+

