

================================================================
== Vivado HLS Report for 'convolution'
================================================================
* Date:           Tue Jul  4 16:29:18 2017

* Version:        2016.3 (Build 1721985 on Tue Nov 29 18:45:36 MST 2016)
* Project:        conv
* Solution:       solution4bit
* Product family: zynq
* Target device:  xc7z010clg400-1


================================================================
== Performance Estimates
================================================================
+ Timing (ns): 
    * Summary: 
    +--------+-------+----------+------------+
    |  Clock | Target| Estimated| Uncertainty|
    +--------+-------+----------+------------+
    |ap_clk  |  10.00|      8.46|        1.25|
    +--------+-------+----------+------------+

+ Latency (clock cycles): 
    * Summary: 
    +----------+----------+----------+----------+---------+
    |       Latency       |       Interval      | Pipeline|
    |    min   |    max   |    min   |    max   |   Type  |
    +----------+----------+----------+----------+---------+
    |  43857937|  47092753|  43857938|  47092754|   none  |
    +----------+----------+----------+----------+---------+

    + Detail: 
        * Instance: 
        N/A

        * Loop: 
        +---------------------------------------+----------+----------+-----------------+-----------+-----------+----------+----------+
        |                                       |       Latency       |    Iteration    |  Initiation Interval  |   Trip   |          |
        |               Loop Name               |    min   |    max   |     Latency     |  achieved |   target  |   Count  | Pipelined|
        +---------------------------------------+----------+----------+-----------------+-----------+-----------+----------+----------+
        |- row_col_output                       |  43857936|  47092752| 101523 ~ 109011 |          -|          -|       432|    no    |
        | + zero_output_L                       |        25|        25|                1|          1|          1|        25|    yes   |
        | + input                               |    101244|    108732|   1947 ~ 2091   |          -|          -|        52|    no    |
        |  ++ input.1                           |      1330|      1330|              266|          -|          -|         5|    no    |
        |   +++ input.1.1                       |       264|       264|               24|          -|          -|        11|    no    |
        |    ++++ input.1.1.1                   |        22|        22|                2|          -|          -|        11|    no    |
        |  ++ input.2                           |       528|       528|              132|          -|          -|         4|    no    |
        |   +++ input.2.1                       |       130|       130|               26|          -|          -|         5|    no    |
        |    ++++ input.2.1.1                   |        24|        24|                8|          -|          -|         3|    no    |
        |     +++++ input.2.1.1.1               |         6|         6|                2|          -|          -|         3|    no    |
        |  ++ weight_row_tiling_row_tiling_col  |        83|       227|                4|          1|          1| 81 ~ 225 |    yes   |
        | + row_col_output.3                    |       248|       248|               62|          -|          -|         4|    no    |
        |  ++ row_col_output.3.1                |        60|        60|               12|          -|          -|         5|    no    |
        |   +++ row_col_output.3.1.1            |        10|        10|                2|          -|          -|         5|    no    |
        +---------------------------------------+----------+----------+-----------------+-----------+-----------+----------+----------+



================================================================
== Utilization Estimates
================================================================
* Summary: 
+-----------------+---------+-------+-------+-------+
|       Name      | BRAM_18K| DSP48E|   FF  |  LUT  |
+-----------------+---------+-------+-------+-------+
|DSP              |        -|      -|      -|      -|
|Expression       |        -|     26|      0|   1602|
|FIFO             |        -|      -|      -|      -|
|Instance         |        -|      -|      0|      4|
|Memory           |        4|      -|    200|     60|
|Multiplexer      |        -|      -|      -|    313|
|Register         |        -|      -|    889|      1|
+-----------------+---------+-------+-------+-------+
|Total            |        4|     26|   1089|   1980|
+-----------------+---------+-------+-------+-------+
|Available        |      120|     80|  35200|  17600|
+-----------------+---------+-------+-------+-------+
|Utilization (%)  |        3|     32|      3|     11|
+-----------------+---------+-------+-------+-------+

+ Detail: 
    * Instance: 
    +-------------------------+----------------------+---------+-------+---+----+
    |         Instance        |        Module        | BRAM_18K| DSP48E| FF| LUT|
    +-------------------------+----------------------+---------+-------+---+----+
    |convolution_mux_4Ee0_U1  |convolution_mux_4Ee0  |        0|      0|  0|   4|
    +-------------------------+----------------------+---------+-------+---+----+
    |Total                    |                      |        0|      0|  0|   4|
    +-------------------------+----------------------+---------+-------+---+----+

    * DSP48: 
    N/A

    * Memory: 
    +-------------------+----------------------+---------+---+----+------+-----+------+-------------+
    |       Memory      |        Module        | BRAM_18K| FF| LUT| Words| Bits| Banks| W*Bits*Banks|
    +-------------------+----------------------+---------+---+----+------+-----+------+-------------+
    |p_input_V_0_U      |convolution_p_inpzec  |        0|  8|   8|   121|    4|     1|          484|
    |p_input_V_1_U      |convolution_p_inpzec  |        0|  8|   8|   121|    4|     1|          484|
    |p_input_V_2_U      |convolution_p_inpzec  |        0|  8|   8|   121|    4|     1|          484|
    |p_input_V_3_U      |convolution_p_inpzec  |        0|  8|   8|   121|    4|     1|          484|
    |p_input_V_4_U      |convolution_p_inpzec  |        0|  8|   8|   121|    4|     1|          484|
    |p_output_V_0_U     |convolution_p_outbkb  |        1|  0|   0|    25|    4|     1|          100|
    |p_output_V_1_U     |convolution_p_outbkb  |        1|  0|   0|    25|    4|     1|          100|
    |p_output_V_2_U     |convolution_p_outbkb  |        1|  0|   0|    25|    4|     1|          100|
    |p_output_V_3_U     |convolution_p_outbkb  |        1|  0|   0|    25|    4|     1|          100|
    |p_weights_V_0_0_U  |convolution_p_weifYi  |        0|  8|   1|     9|    4|     1|           36|
    |p_weights_V_0_1_U  |convolution_p_weifYi  |        0|  8|   1|     9|    4|     1|           36|
    |p_weights_V_0_2_U  |convolution_p_weifYi  |        0|  8|   1|     9|    4|     1|           36|
    |p_weights_V_0_3_U  |convolution_p_weifYi  |        0|  8|   1|     9|    4|     1|           36|
    |p_weights_V_0_4_U  |convolution_p_weifYi  |        0|  8|   1|     9|    4|     1|           36|
    |p_weights_V_1_0_U  |convolution_p_weifYi  |        0|  8|   1|     9|    4|     1|           36|
    |p_weights_V_1_1_U  |convolution_p_weifYi  |        0|  8|   1|     9|    4|     1|           36|
    |p_weights_V_1_2_U  |convolution_p_weifYi  |        0|  8|   1|     9|    4|     1|           36|
    |p_weights_V_1_3_U  |convolution_p_weifYi  |        0|  8|   1|     9|    4|     1|           36|
    |p_weights_V_1_4_U  |convolution_p_weifYi  |        0|  8|   1|     9|    4|     1|           36|
    |p_weights_V_2_0_U  |convolution_p_weifYi  |        0|  8|   1|     9|    4|     1|           36|
    |p_weights_V_2_1_U  |convolution_p_weifYi  |        0|  8|   1|     9|    4|     1|           36|
    |p_weights_V_2_2_U  |convolution_p_weifYi  |        0|  8|   1|     9|    4|     1|           36|
    |p_weights_V_2_3_U  |convolution_p_weifYi  |        0|  8|   1|     9|    4|     1|           36|
    |p_weights_V_2_4_U  |convolution_p_weifYi  |        0|  8|   1|     9|    4|     1|           36|
    |p_weights_V_3_0_U  |convolution_p_weifYi  |        0|  8|   1|     9|    4|     1|           36|
    |p_weights_V_3_1_U  |convolution_p_weifYi  |        0|  8|   1|     9|    4|     1|           36|
    |p_weights_V_3_2_U  |convolution_p_weifYi  |        0|  8|   1|     9|    4|     1|           36|
    |p_weights_V_3_3_U  |convolution_p_weifYi  |        0|  8|   1|     9|    4|     1|           36|
    |p_weights_V_3_4_U  |convolution_p_weifYi  |        0|  8|   1|     9|    4|     1|           36|
    +-------------------+----------------------+---------+---+----+------+-----+------+-------------+
    |Total              |                      |        4|200|  60|   885|  116|    29|         3540|
    +-------------------+----------------------+---------+---+----+------+-----+------+-------------+

    * FIFO: 
    N/A

    * Expression: 
    +-----------------------------------+----------+-------+---+----+------------+------------+
    |           Variable Name           | Operation| DSP48E| FF| LUT| Bitwidth P0| Bitwidth P1|
    +-----------------------------------+----------+-------+---+----+------------+------------+
    |bound23_mid1_fu_1552_p2            |     *    |      1|  0|   5|           3|           3|
    |bound_fu_1323_p2                   |     *    |      1|  0|   5|           3|           3|
    |tmp_40_0_1_fu_2663_p2              |     *    |      1|  0|   7|           4|           4|
    |tmp_40_0_2_fu_2682_p2              |     *    |      1|  0|   7|           4|           4|
    |tmp_40_0_3_fu_2694_p2              |     *    |      1|  0|   7|           4|           4|
    |tmp_40_0_4_fu_2700_p2              |     *    |      1|  0|   7|           4|           4|
    |tmp_40_1_1_fu_2718_p2              |     *    |      1|  0|   7|           4|           4|
    |tmp_40_1_2_fu_2737_p2              |     *    |      1|  0|   7|           4|           4|
    |tmp_40_1_3_fu_2749_p2              |     *    |      1|  0|   7|           4|           4|
    |tmp_40_1_4_fu_2755_p2              |     *    |      1|  0|   7|           4|           4|
    |tmp_40_1_fu_2706_p2                |     *    |      1|  0|   7|           4|           4|
    |tmp_40_2_1_fu_2773_p2              |     *    |      1|  0|   7|           4|           4|
    |tmp_40_2_2_fu_2792_p2              |     *    |      1|  0|   7|           4|           4|
    |tmp_40_2_3_fu_2804_p2              |     *    |      1|  0|   7|           4|           4|
    |tmp_40_2_4_fu_2810_p2              |     *    |      1|  0|   7|           4|           4|
    |tmp_40_2_fu_2761_p2                |     *    |      1|  0|   7|           4|           4|
    |tmp_40_3_1_fu_2828_p2              |     *    |      1|  0|   7|           4|           4|
    |tmp_40_3_2_fu_2847_p2              |     *    |      1|  0|   7|           4|           4|
    |tmp_40_3_3_fu_2859_p2              |     *    |      1|  0|   7|           4|           4|
    |tmp_40_3_4_fu_2865_p2              |     *    |      1|  0|   7|           4|           4|
    |tmp_40_3_fu_2816_p2                |     *    |      1|  0|   7|           4|           4|
    |tmp_45_fu_2651_p2                  |     *    |      1|  0|   7|           4|           4|
    |tmp_56_fu_1899_p2                  |     *    |      1|  0|   1|          20|           4|
    |tmp_70_fu_1932_p2                  |     *    |      1|  0|   1|          20|           4|
    |tmp_84_fu_2596_p2                  |     *    |      1|  0|   7|           4|           4|
    |tmp_s_fu_1693_p2                   |     *    |      1|  0|   4|           6|           6|
    |bound23_mid_fu_1498_p2             |     +    |      0|  0|   6|           6|           6|
    |col1_1_fu_1510_p2                  |     +    |      0|  0|   2|           1|           2|
    |col_1_fu_1411_p2                   |     +    |      0|  0|   4|           3|           4|
    |i_1_fu_2290_p2                     |     +    |      0|  0|   2|           2|           1|
    |indvar_flatten190_op_fu_3039_p2    |     +    |      0|  0|   8|           8|           1|
    |indvar_flatten26_op_fu_2412_p2     |     +    |      0|  0|   6|           6|           1|
    |indvar_flatten68_op_fu_2426_p2     |     +    |      0|  0|   8|           8|           1|
    |indvar_flatten_next2_fu_1335_p2    |     +    |      0|  0|   9|           1|           9|
    |indvar_flatten_next5_fu_2284_p2    |     +    |      0|  0|  10|          10|           1|
    |indvar_flatten_next_fu_1607_p2     |     +    |      0|  0|   5|           5|           1|
    |j_1_fu_2341_p2                     |     +    |      0|  0|   2|           2|           1|
    |k_4_fu_1884_p2                     |     +    |      0|  0|   3|           3|           1|
    |k_5_fu_1988_p2                     |     +    |      0|  0|   3|           3|           1|
    |k_fu_3003_p2                       |     +    |      0|  0|   3|           3|           1|
    |l_4_fu_1613_p2                     |     +    |      0|  0|   3|           3|           1|
    |l_5_fu_3058_p2                     |     +    |      0|  0|   3|           3|           1|
    |l_6_fu_1917_p2                     |     +    |      0|  0|   4|           4|           1|
    |l_7_fu_2075_p2                     |     +    |      0|  0|   3|           3|           1|
    |m_4_fu_1681_p2                     |     +    |      0|  0|   3|           3|           1|
    |m_5_fu_3123_p2                     |     +    |      0|  0|   3|           3|           1|
    |m_6_fu_1944_p2                     |     +    |      0|  0|   4|           4|           1|
    |m_7_fu_2108_p2                     |     +    |      0|  0|   2|           2|           1|
    |n_1_fu_2173_p2                     |     +    |      0|  0|   2|           2|           1|
    |next_mul_fu_1905_p2                |     +    |      0|  0|   7|           7|           4|
    |row1_1_fu_1449_p2                  |     +    |      0|  0|   2|           1|           2|
    |row_1_fu_1341_p2                   |     +    |      0|  0|   4|           3|           4|
    |tcc_1_fu_2406_p2                   |     +    |      0|  0|   3|           3|           1|
    |ti1_1_fu_1774_p2                   |     +    |      0|  0|   6|           6|           1|
    |ti_1_fu_2991_p2                    |     +    |      0|  0|   9|           9|           3|
    |tmp_19_fu_1720_p2                  |     +    |      0|  0|  10|          10|          10|
    |tmp_23_fu_1747_p2                  |     +    |      0|  0|   6|          64|          64|
    |tmp_28_fu_2273_p2                  |     +    |      0|  0|   4|           4|           4|
    |tmp_28_mid1_fu_2579_p2             |     +    |      0|  0|   4|           4|           4|
    |tmp_29_fu_1657_p2                  |     +    |      0|  0|   6|           6|           6|
    |tmp_31_fu_1667_p2                  |     +    |      0|  0|   6|           6|           6|
    |tmp_34_fu_2626_p2                  |     +    |      0|  0|   4|           4|           4|
    |tmp_37_fu_1810_p2                  |     +    |      0|  0|  10|          10|          10|
    |tmp_41_0_1_fu_2669_p2              |     +    |      0|  0|   4|           4|           4|
    |tmp_41_0_2_fu_2688_p2              |     +    |      0|  0|   4|           4|           4|
    |tmp_41_0_3_fu_2876_p2              |     +    |      0|  0|   4|           4|           4|
    |tmp_41_0_4_fu_2888_p2              |     +    |      0|  0|   4|           4|           4|
    |tmp_41_1_1_fu_2724_p2              |     +    |      0|  0|   4|           4|           4|
    |tmp_41_1_2_fu_2743_p2              |     +    |      0|  0|   4|           4|           4|
    |tmp_41_1_3_fu_2906_p2              |     +    |      0|  0|   4|           4|           4|
    |tmp_41_1_4_fu_2918_p2              |     +    |      0|  0|   4|           4|           4|
    |tmp_41_1_fu_2712_p2                |     +    |      0|  0|   4|           4|           4|
    |tmp_41_2_1_fu_2779_p2              |     +    |      0|  0|   4|           4|           4|
    |tmp_41_2_2_fu_2798_p2              |     +    |      0|  0|   4|           4|           4|
    |tmp_41_2_3_fu_2936_p2              |     +    |      0|  0|   4|           4|           4|
    |tmp_41_2_4_fu_2948_p2              |     +    |      0|  0|   4|           4|           4|
    |tmp_41_2_fu_2767_p2                |     +    |      0|  0|   4|           4|           4|
    |tmp_41_3_1_fu_2834_p2              |     +    |      0|  0|   4|           4|           4|
    |tmp_41_3_2_fu_2853_p2              |     +    |      0|  0|   4|           4|           4|
    |tmp_41_3_3_fu_2966_p2              |     +    |      0|  0|   4|           4|           4|
    |tmp_41_3_4_fu_2978_p2              |     +    |      0|  0|   4|           4|           4|
    |tmp_41_3_fu_2822_p2                |     +    |      0|  0|   4|           4|           4|
    |tmp_41_fu_1837_p2                  |     +    |      0|  0|   6|          64|          64|
    |tmp_46_fu_2657_p2                  |     +    |      0|  0|   4|           4|           4|
    |tmp_47_fu_1862_p2                  |     +    |      0|  0|  20|          20|          20|
    |tmp_48_fu_1850_p2                  |     +    |      0|  0|  12|          12|          12|
    |tmp_51_fu_3013_p2                  |     +    |      0|  0|  64|          64|          64|
    |tmp_53_fu_3024_p2                  |     +    |      0|  0|  64|          64|          64|
    |tmp_55_fu_1894_p2                  |     +    |      0|  0|  20|          20|          20|
    |tmp_57_fu_3072_p2                  |     +    |      0|  0|  64|          64|          64|
    |tmp_60_fu_3093_p2                  |     +    |      0|  0|  17|          17|          17|
    |tmp_62_fu_3111_p2                  |     +    |      0|  0|   6|           6|           6|
    |tmp_65_fu_1998_p2                  |     +    |      0|  0|  64|          64|          64|
    |tmp_67_fu_2009_p2                  |     +    |      0|  0|  64|          64|          64|
    |tmp_69_fu_1927_p2                  |     +    |      0|  0|  20|          20|          20|
    |tmp_73_fu_2259_p2                  |     +    |      0|  0|   6|           6|           6|
    |tmp_74_fu_3137_p2                  |     +    |      0|  0|  17|          17|          17|
    |tmp_75_fu_3142_p2                  |     +    |      0|  0|   6|           6|           6|
    |tmp_81_fu_2512_p2                  |     +    |      0|  0|   6|          64|          64|
    |tmp_83_fu_2566_p2                  |     +    |      0|  0|   6|           6|           6|
    |tmp_85_fu_2605_p2                  |     +    |      0|  0|   6|           6|           6|
    |tmp_86_fu_2636_p2                  |     +    |      0|  0|   8|           8|           8|
    |tmp_87_fu_2085_p2                  |     +    |      0|  0|  64|          64|          64|
    |tmp_90_fu_1958_p2                  |     +    |      0|  0|  20|          20|          20|
    |tmp_91_fu_1968_p2                  |     +    |      0|  0|   7|           7|           7|
    |tmp_92_fu_2122_p2                  |     +    |      0|  0|  64|          64|          64|
    |tmp_98_fu_2187_p2                  |     +    |      0|  0|  20|          20|          20|
    |tmp_99_fu_2197_p2                  |     +    |      0|  0|   5|           5|           5|
    |to1_1_fu_3034_p2                   |     +    |      0|  0|   6|           6|           1|
    |trr_1_fu_2384_p2                   |     +    |      0|  0|   3|           3|           1|
    |bound113_mid2_fu_1595_p2           |     -    |      0|  0|  10|          10|          10|
    |bound51_mid2_fu_1577_p2            |     -    |      0|  0|   8|           8|           8|
    |tmp_16_fu_2019_p2                  |     -    |      0|  0|  10|          10|           9|
    |tmp_18_fu_1710_p2                  |     -    |      0|  0|   9|           9|           9|
    |tmp_1_fu_1267_p2                   |     -    |      0|  0|   4|           3|           4|
    |tmp_1_mid1_fu_1361_p2              |     -    |      0|  0|   5|           5|           4|
    |tmp_22_fu_1741_p2                  |     -    |      0|  0|   6|          64|          64|
    |tmp_36_fu_1800_p2                  |     -    |      0|  0|   9|           9|           9|
    |tmp_39_fu_1831_p2                  |     -    |      0|  0|   6|          64|          64|
    |tmp_72_fu_2245_p2                  |     -    |      0|  0|   5|           5|           5|
    |tmp_77_fu_2460_p2                  |     -    |      0|  0|   5|           5|           5|
    |tmp_79_fu_2484_p2                  |     -    |      0|  0|   6|          64|          64|
    |tmp_7_fu_1291_p2                   |     -    |      0|  0|   4|           3|           4|
    |tmp_7_mid1_fu_1417_p2              |     -    |      0|  0|   5|           5|           4|
    |tmp_89_fu_2096_p2                  |     -    |      0|  0|  64|          64|          64|
    |tmp_95_fu_2143_p2                  |     -    |      0|  0|  20|          20|          20|
    |tmp_97_fu_2161_p2                  |     -    |      0|  0|   5|           5|           5|
    |exitcond3_mid_fu_1397_p2           |    and   |      0|  0|   1|           1|           1|
    |exitcond10_fu_1938_p2              |   icmp   |      0|  0|   2|           4|           4|
    |exitcond11_fu_2317_p2              |   icmp   |      0|  0|   2|           3|           3|
    |exitcond12_fu_2102_p2              |   icmp   |      0|  0|   1|           2|           2|
    |exitcond13_fu_2167_p2              |   icmp   |      0|  0|   1|           2|           2|
    |exitcond18_mid_fu_1758_p2          |   icmp   |      0|  0|   2|           3|           1|
    |exitcond1_fu_1982_p2               |   icmp   |      0|  0|   2|           3|           4|
    |exitcond2_fu_1911_p2               |   icmp   |      0|  0|   2|           4|           4|
    |exitcond3_fu_1391_p2               |   icmp   |      0|  0|   3|           6|           6|
    |exitcond4_fu_1619_p2               |   icmp   |      0|  0|   2|           3|           3|
    |exitcond5_fu_1768_p2               |   icmp   |      0|  0|   3|           6|           5|
    |exitcond6_fu_2069_p2               |   icmp   |      0|  0|   2|           3|           3|
    |exitcond7_fu_2997_p2               |   icmp   |      0|  0|   2|           3|           4|
    |exitcond8_fu_1878_p2               |   icmp   |      0|  0|   2|           3|           3|
    |exitcond9_fu_3052_p2               |   icmp   |      0|  0|   2|           3|           3|
    |exitcond_flatten1_fu_1347_p2       |   icmp   |      0|  0|   3|           8|           8|
    |exitcond_flatten28_m_fu_1763_p2    |   icmp   |      0|  0|   3|           6|           1|
    |exitcond_flatten2_fu_1329_p2       |   icmp   |      0|  0|   3|           9|           8|
    |exitcond_flatten3_fu_2296_p2       |   icmp   |      0|  0|   3|           8|           8|
    |exitcond_flatten4_fu_2329_p2       |   icmp   |      0|  0|   3|           6|           6|
    |exitcond_flatten5_fu_2279_p2       |   icmp   |      0|  0|   4|          10|          10|
    |exitcond_flatten_fu_1601_p2        |   icmp   |      0|  0|   2|           5|           4|
    |exitcond_fu_3117_p2                |   icmp   |      0|  0|   2|           3|           3|
    |icmp1_fu_2057_p2                   |   icmp   |      0|  0|   3|           7|           1|
    |icmp_fu_2035_p2                    |   icmp   |      0|  0|   3|           8|           1|
    |tmp_2_fu_1277_p2                   |   icmp   |      0|  0|   2|           4|           3|
    |tmp_2_mid1_fu_1371_p2              |   icmp   |      0|  0|   2|           4|           3|
    |tmp_38_0_2_fu_2041_p2              |   icmp   |      0|  0|   3|           9|           2|
    |tmp_38_0_4_fu_2063_p2              |   icmp   |      0|  0|   3|           9|           3|
    |tmp_8_fu_1301_p2                   |   icmp   |      0|  0|   2|           4|           3|
    |tmp_8_mid1_fu_1427_p2              |   icmp   |      0|  0|   2|           4|           3|
    |ap_enable_pp1                      |    or    |      0|  0|   1|           1|           1|
    |tmp_4_fu_1516_p2                   |    or    |      0|  0|   1|           1|           1|
    |tmp_80_fu_2347_p2                  |    or    |      0|  0|   1|           1|           1|
    |bound23_mid2_fu_1558_p3            |  select  |      0|  0|   6|           1|           6|
    |bound23_mid3_fu_1504_p3            |  select  |      0|  0|   6|           1|           6|
    |col1_mid_fu_1455_p3                |  select  |      0|  0|   2|           1|           1|
    |col_mid2_fu_1441_p3                |  select  |      0|  0|   4|           1|           4|
    |col_mid_fu_1353_p3                 |  select  |      0|  0|   4|           1|           1|
    |exitcond18_mid1_fu_2322_p3         |  select  |      0|  0|   1|           1|           1|
    |exitcond18_mid2_fu_2377_p3         |  select  |      0|  0|   1|           1|           1|
    |exitcond_flatten28_m_1_fu_2334_p3  |  select  |      0|  0|   1|           1|           1|
    |i_cast9_mid2_fu_2309_p3            |  select  |      0|  0|   2|           1|           2|
    |indvar_flatten_next1_fu_3045_p3    |  select  |      0|  0|   8|           1|           1|
    |indvar_flatten_next3_fu_2418_p3    |  select  |      0|  0|   6|           1|           1|
    |indvar_flatten_next4_fu_2432_p3    |  select  |      0|  0|   8|           1|           1|
    |j_cast7_mid2_fu_2369_p3            |  select  |      0|  0|   2|           1|           2|
    |j_mid_fu_2301_p3                   |  select  |      0|  0|   2|           1|           1|
    |m_mid2_fu_1625_p3                  |  select  |      0|  0|   3|           1|           1|
    |output_tmp_V_0_new_8_fu_2675_p3    |  select  |      0|  0|   4|           1|           4|
    |output_tmp_V_0_new_9_fu_2871_p3    |  select  |      0|  0|   4|           1|           4|
    |output_tmp_V_0_new_s_fu_2881_p3    |  select  |      0|  0|   4|           1|           4|
    |output_tmp_V_1_new_8_fu_2730_p3    |  select  |      0|  0|   4|           1|           4|
    |output_tmp_V_1_new_9_fu_2901_p3    |  select  |      0|  0|   4|           1|           4|
    |output_tmp_V_1_new_s_fu_2911_p3    |  select  |      0|  0|   4|           1|           4|
    |output_tmp_V_2_new_8_fu_2785_p3    |  select  |      0|  0|   4|           1|           4|
    |output_tmp_V_2_new_9_fu_2931_p3    |  select  |      0|  0|   4|           1|           4|
    |output_tmp_V_2_new_s_fu_2941_p3    |  select  |      0|  0|   4|           1|           4|
    |output_tmp_V_3_new_8_fu_2840_p3    |  select  |      0|  0|   4|           1|           4|
    |output_tmp_V_3_new_9_fu_2961_p3    |  select  |      0|  0|   4|           1|           4|
    |output_tmp_V_3_new_s_fu_2971_p3    |  select  |      0|  0|   4|           1|           4|
    |p_output_V_0_d1                    |  select  |      0|  0|   4|           1|           4|
    |p_output_V_1_d1                    |  select  |      0|  0|   4|           1|           4|
    |p_output_V_2_d1                    |  select  |      0|  0|   4|           1|           4|
    |p_output_V_3_d1                    |  select  |      0|  0|   4|           1|           4|
    |p_weights_V_0_0_load_1_fu_2518_p3  |  select  |      0|  0|  64|           1|          64|
    |p_weights_V_0_0_load_s_fu_2490_p3  |  select  |      0|  0|   6|           1|           6|
    |row_mid2_fu_1403_p3                |  select  |      0|  0|   4|           1|           4|
    |tcc_mid2_fu_2390_p3                |  select  |      0|  0|   3|           1|           3|
    |tcc_mid_fu_2361_p3                 |  select  |      0|  0|   3|           1|           1|
    |tmp_26_mid2_fu_2398_p3             |  select  |      0|  0|   3|           1|           3|
    |tmp_29_mid2_fu_2585_p3             |  select  |      0|  0|   4|           1|           4|
    |tmp_29_mid4_fu_2545_p3             |  select  |      0|  0|   4|           1|           4|
    |tmp_29_mid_fu_2500_p3              |  select  |      0|  0|   4|           1|           4|
    |tmp_3_fu_1283_p3                   |  select  |      0|  0|   3|           1|           3|
    |tmp_3_mid1_fu_1377_p3              |  select  |      0|  0|   3|           1|           3|
    |tmp_3_mid2_fu_1473_p3              |  select  |      0|  0|   3|           1|           3|
    |tmp_5_mid2_v_fu_1633_p3            |  select  |      0|  0|   3|           1|           3|
    |tmp_6_mid2_fu_1528_p3              |  select  |      0|  0|   2|           1|           2|
    |tmp_9_fu_1307_p3                   |  select  |      0|  0|   3|           1|           3|
    |tmp_9_mid1_fu_1433_p3              |  select  |      0|  0|   3|           1|           3|
    |tmp_9_mid2_fu_1539_p3              |  select  |      0|  0|   3|           1|           3|
    |tmp_9_mid_fu_1478_p3               |  select  |      0|  0|   3|           1|           3|
    |tmp_mid2_v_fu_1462_p3              |  select  |      0|  0|   2|           1|           2|
    |to1_mid2_fu_1520_p3                |  select  |      0|  0|   6|           1|           1|
    |trr_mid_fu_2353_p3                 |  select  |      0|  0|   3|           1|           1|
    |not_exitcond_flatten_fu_1385_p2    |    xor   |      0|  0|   2|           1|           2|
    +-----------------------------------+----------+-------+---+----+------------+------------+
    |Total                              |          |     26|  0|1602|        1784|        1810|
    +-----------------------------------+----------+-------+---+----+------------+------------+

    * Multiplexer: 
    +--------------------------+----+-----------+-----+-----------+
    |           Name           | LUT| Input Size| Bits| Total Bits|
    +--------------------------+----+-----------+-----+-----------+
    |ap_NS_fsm                 |  18|         23|    1|         23|
    |ap_enable_reg_pp1_iter3   |   1|          2|    1|          2|
    |col1_reg_986              |   2|          2|    2|          4|
    |col_reg_975               |   4|          2|    4|          8|
    |i_phi_fu_1172_p4          |   2|          2|    2|          4|
    |i_reg_1168                |   2|          2|    2|          4|
    |indvar_flatten1_reg_929   |   9|          2|    9|         18|
    |indvar_flatten2_reg_963   |   8|          2|    8|         16|
    |indvar_flatten3_reg_1157  |  10|          2|   10|         20|
    |indvar_flatten4_reg_1179  |   8|          2|    8|         16|
    |indvar_flatten5_reg_1201  |   6|          2|    6|         12|
    |indvar_flatten_reg_1010   |   5|          2|    5|         10|
    |j_phi_fu_1194_p4          |   2|          2|    2|          4|
    |j_reg_1190                |   2|          2|    2|          4|
    |k_1_reg_1066              |   3|          2|    3|          6|
    |k_2_reg_1112              |   3|          2|    3|          6|
    |k_3_reg_1234              |   3|          2|    3|          6|
    |l_1_reg_1078              |   4|          2|    4|          8|
    |l_2_reg_1123              |   3|          2|    3|          6|
    |l_3_reg_1245              |   3|          2|    3|          6|
    |l_reg_1021                |   3|          2|    3|          6|
    |m_1_reg_1101              |   4|          2|    4|          8|
    |m_2_reg_1135              |   2|          2|    2|          4|
    |m_3_reg_1256              |   3|          2|    3|          6|
    |m_reg_1032                |   3|          2|    3|          6|
    |n_reg_1146                |   2|          2|    2|          4|
    |p_input_V_0_address0      |   7|          3|    7|         21|
    |p_input_V_1_address0      |   7|          3|    7|         21|
    |p_input_V_2_address0      |   7|          3|    7|         21|
    |p_input_V_3_address0      |   7|          3|    7|         21|
    |p_input_V_4_address0      |   7|          3|    7|         21|
    |p_output_V_0_address0     |   5|          3|    5|         15|
    |p_output_V_0_address1     |   5|          3|    5|         15|
    |p_output_V_1_address0     |   5|          3|    5|         15|
    |p_output_V_1_address1     |   5|          3|    5|         15|
    |p_output_V_2_address0     |   5|          3|    5|         15|
    |p_output_V_2_address1     |   5|          3|    5|         15|
    |p_output_V_3_address0     |   5|          3|    5|         15|
    |p_output_V_3_address1     |   5|          3|    5|         15|
    |p_weights_V_0_0_address0  |   4|          3|    4|         12|
    |p_weights_V_0_1_address0  |   4|          3|    4|         12|
    |p_weights_V_0_2_address0  |   4|          3|    4|         12|
    |p_weights_V_0_3_address0  |   4|          3|    4|         12|
    |p_weights_V_0_4_address0  |   4|          3|    4|         12|
    |p_weights_V_1_0_address0  |   4|          3|    4|         12|
    |p_weights_V_1_1_address0  |   4|          3|    4|         12|
    |p_weights_V_1_2_address0  |   4|          3|    4|         12|
    |p_weights_V_1_3_address0  |   4|          3|    4|         12|
    |p_weights_V_1_4_address0  |   4|          3|    4|         12|
    |p_weights_V_2_0_address0  |   4|          3|    4|         12|
    |p_weights_V_2_1_address0  |   4|          3|    4|         12|
    |p_weights_V_2_2_address0  |   4|          3|    4|         12|
    |p_weights_V_2_3_address0  |   4|          3|    4|         12|
    |p_weights_V_2_4_address0  |   4|          3|    4|         12|
    |p_weights_V_3_0_address0  |   4|          3|    4|         12|
    |p_weights_V_3_1_address0  |   4|          3|    4|         12|
    |p_weights_V_3_2_address0  |   4|          3|    4|         12|
    |p_weights_V_3_3_address0  |   4|          3|    4|         12|
    |p_weights_V_3_4_address0  |   4|          3|    4|         12|
    |phi_mul_reg_1089          |   7|          2|    7|         14|
    |row1_reg_951              |   2|          2|    2|          4|
    |row_reg_940               |   4|          2|    4|          8|
    |tcc_reg_1223              |   3|          2|    3|          6|
    |ti1_reg_1055              |   6|          2|    6|         12|
    |ti_reg_1043               |   9|          2|    9|         18|
    |to1_reg_998               |   6|          2|    6|         12|
    |trr_phi_fu_1216_p4        |   3|          2|    3|          6|
    |trr_reg_1212              |   3|          2|    3|          6|
    +--------------------------+----+-----------+-----+-----------+
    |Total                     | 313|        190|  296|        768|
    +--------------------------+----+-----------+-----+-----------+

    * Register: 
    +--------------------------------------------------------+----+----+-----+-----------+
    |                          Name                          | FF | LUT| Bits| Const Bits|
    +--------------------------------------------------------+----+----+-----+-----------+
    |ap_CS_fsm                                               |  22|   0|   22|          0|
    |ap_enable_reg_pp1_iter0                                 |   1|   0|    1|          0|
    |ap_enable_reg_pp1_iter1                                 |   1|   0|    1|          0|
    |ap_enable_reg_pp1_iter2                                 |   1|   0|    1|          0|
    |ap_enable_reg_pp1_iter3                                 |   1|   0|    1|          0|
    |ap_pipeline_reg_pp1_iter2_p_output_V_0_addr_1_reg_3711  |   5|   0|    5|          0|
    |ap_pipeline_reg_pp1_iter2_p_output_V_1_addr_1_reg_3723  |   5|   0|    5|          0|
    |ap_pipeline_reg_pp1_iter2_p_output_V_2_addr_1_reg_3717  |   5|   0|    5|          0|
    |ap_pipeline_reg_pp1_iter2_p_output_V_3_addr_1_reg_3705  |   5|   0|    5|          0|
    |bound113_mid2_reg_3285                                  |  10|   0|   10|          0|
    |bound23_mid2_reg_3274                                   |   6|   0|    6|          0|
    |bound51_mid2_reg_3280                                   |   8|   0|    8|          0|
    |bound_reg_3183                                          |   6|   0|    6|          0|
    |col1_reg_986                                            |   2|   0|    2|          0|
    |col_mid2_reg_3233                                       |   4|   0|    4|          0|
    |col_reg_975                                             |   4|   0|    4|          0|
    |exitcond18_mid2_reg_3567                                |   1|   0|    1|          0|
    |exitcond18_mid_reg_3318                                 |   1|   0|    1|          0|
    |exitcond3_mid_reg_3214                                  |   1|   0|    1|          0|
    |exitcond_flatten1_reg_3196                              |   1|   0|    1|          0|
    |exitcond_flatten28_m_1_reg_3550                         |   1|   0|    1|          0|
    |exitcond_flatten28_m_reg_3324                           |   1|   0|    1|          0|
    |exitcond_flatten3_reg_3536                              |   1|   0|    1|          0|
    |exitcond_flatten5_reg_3520                              |   1|   0|    1|          0|
    |i_1_reg_3529                                            |   2|   0|    2|          0|
    |i_cast9_mid2_reg_3542                                   |   2|   0|    2|          0|
    |i_reg_1168                                              |   2|   0|    2|          0|
    |icmp1_reg_3445                                          |   1|   0|    1|          0|
    |icmp_reg_3429                                           |   1|   0|    1|          0|
    |indvar_flatten1_reg_929                                 |   9|   0|    9|          0|
    |indvar_flatten2_reg_963                                 |   8|   0|    8|          0|
    |indvar_flatten3_reg_1157                                |  10|   0|   10|          0|
    |indvar_flatten4_reg_1179                                |   8|   0|    8|          0|
    |indvar_flatten5_reg_1201                                |   6|   0|    6|          0|
    |indvar_flatten_next2_reg_3191                           |   9|   0|    9|          0|
    |indvar_flatten_reg_1010                                 |   5|   0|    5|          0|
    |j_1_reg_3556                                            |   2|   0|    2|          0|
    |j_cast7_mid2_reg_3561                                   |   2|   0|    2|          0|
    |j_reg_1190                                              |   2|   0|    2|          0|
    |k_1_reg_1066                                            |   3|   0|    3|          0|
    |k_2_reg_1112                                            |   3|   0|    3|          0|
    |k_3_reg_1234                                            |   3|   0|    3|          0|
    |k_4_reg_3365                                            |   3|   0|    3|          0|
    |k_5_reg_3415                                            |   3|   0|    3|          0|
    |k_reg_3842                                              |   3|   0|    3|          0|
    |l_1_reg_1078                                            |   4|   0|    4|          0|
    |l_2_reg_1123                                            |   3|   0|    3|          0|
    |l_3_reg_1245                                            |   3|   0|    3|          0|
    |l_5_reg_3870                                            |   3|   0|    3|          0|
    |l_6_reg_3383                                            |   4|   0|    4|          0|
    |l_7_reg_3464                                            |   3|   0|    3|          0|
    |l_reg_1021                                              |   3|   0|    3|          0|
    |m_1_reg_1101                                            |   4|   0|    4|          0|
    |m_2_reg_1135                                            |   2|   0|    2|          0|
    |m_3_reg_1256                                            |   3|   0|    3|          0|
    |m_5_reg_3888                                            |   3|   0|    3|          0|
    |m_6_reg_3396                                            |   4|   0|    4|          0|
    |m_7_reg_3477                                            |   2|   0|    2|          0|
    |m_reg_1032                                              |   3|   0|    3|          0|
    |n_1_reg_3495                                            |   2|   0|    2|          0|
    |n_reg_1146                                              |   2|   0|    2|          0|
    |next_mul_reg_3375                                       |   7|   0|    7|          0|
    |output_tmp_V_0_new_8_reg_3754                           |   4|   0|    4|          0|
    |output_tmp_V_1_new_8_reg_3774                           |   4|   0|    4|          0|
    |output_tmp_V_2_new_8_reg_3794                           |   4|   0|    4|          0|
    |output_tmp_V_3_new_8_reg_3814                           |   4|   0|    4|          0|
    |p_output_V_0_addr_1_reg_3711                            |   5|   0|    5|          0|
    |p_output_V_1_addr_1_reg_3723                            |   5|   0|    5|          0|
    |p_output_V_2_addr_1_reg_3717                            |   5|   0|    5|          0|
    |p_output_V_3_addr_1_reg_3705                            |   5|   0|    5|          0|
    |phi_mul_reg_1089                                        |   7|   0|    7|          0|
    |row1_reg_951                                            |   2|   0|    2|          0|
    |row_mid2_reg_3222                                       |   4|   0|    4|          0|
    |row_reg_940                                             |   4|   0|    4|          0|
    |tcc_mid2_reg_3577                                       |   3|   0|    3|          0|
    |tcc_reg_1223                                            |   3|   0|    3|          0|
    |ti1_1_reg_3332                                          |   6|   0|    6|          0|
    |ti1_reg_1055                                            |   6|   0|    6|          0|
    |ti_reg_1043                                             |   9|   0|    9|          0|
    |tmp_25_reg_3313                                         |  62|   0|   64|          2|
    |tmp_26_mid2_reg_3583                                    |   3|   0|    3|          0|
    |tmp_28_reg_3515                                         |   4|   0|    4|          0|
    |tmp_38_0_2_reg_3437                                     |   1|   0|    1|          0|
    |tmp_38_0_4_reg_3453                                     |   1|   0|    1|          0|
    |tmp_3_mid1_reg_3207                                     |   3|   0|    3|          0|
    |tmp_3_reg_3173                                          |   3|   0|    3|          0|
    |tmp_40_0_3_reg_3764                                     |   4|   0|    4|          0|
    |tmp_40_0_4_reg_3769                                     |   4|   0|    4|          0|
    |tmp_40_1_3_reg_3784                                     |   4|   0|    4|          0|
    |tmp_40_1_4_reg_3789                                     |   4|   0|    4|          0|
    |tmp_40_2_3_reg_3804                                     |   4|   0|    4|          0|
    |tmp_40_2_4_reg_3809                                     |   4|   0|    4|          0|
    |tmp_40_3_3_reg_3824                                     |   4|   0|    4|          0|
    |tmp_40_3_4_reg_3829                                     |   4|   0|    4|          0|
    |tmp_41_0_2_reg_3759                                     |   4|   0|    4|          0|
    |tmp_41_1_2_reg_3779                                     |   4|   0|    4|          0|
    |tmp_41_2_2_reg_3799                                     |   4|   0|    4|          0|
    |tmp_41_3_2_reg_3819                                     |   4|   0|    4|          0|
    |tmp_42_reg_3337                                         |  20|   0|   20|          0|
    |tmp_43_reg_3342                                         |  18|   0|   18|          0|
    |tmp_47_reg_3352                                         |  20|   0|   20|          0|
    |tmp_48_reg_3347                                         |  12|   0|   12|          0|
    |tmp_50_reg_3357                                         |  12|   0|   64|         52|
    |tmp_53_reg_3847                                         |  64|   0|   64|          0|
    |tmp_54_reg_3852                                         |   2|   0|    2|          0|
    |tmp_56_reg_3370                                         |  20|   0|   20|          0|
    |tmp_60_reg_3875                                         |  17|   0|   17|          0|
    |tmp_62_reg_3880                                         |   6|   0|    6|          0|
    |tmp_67_reg_3420                                         |  64|   0|   64|          0|
    |tmp_68_reg_3425                                         |   2|   0|    2|          0|
    |tmp_6_mid2_cast_reg_3262                                |   2|   0|   64|         62|
    |tmp_6_mid2_reg_3257                                     |   2|   0|    2|          0|
    |tmp_70_reg_3388                                         |  20|   0|   20|          0|
    |tmp_73_reg_3510                                         |   6|   0|    6|          0|
    |tmp_74_reg_3893                                         |  17|   0|   17|          0|
    |tmp_89_reg_3469                                         |  64|   0|   64|          0|
    |tmp_91_reg_3406                                         |   7|   0|    7|          0|
    |tmp_95_reg_3482                                         |  20|   0|   20|          0|
    |tmp_97_reg_3487                                         |   5|   0|    5|          0|
    |tmp_99_reg_3505                                         |   5|   0|    5|          0|
    |tmp_9_mid1_reg_3227                                     |   3|   0|    3|          0|
    |tmp_9_mid2_reg_3268                                     |   3|   0|    3|          0|
    |tmp_9_reg_3178                                          |   3|   0|    3|          0|
    |tmp_mid2_cast_reg_3243                                  |   2|   0|   10|          8|
    |tmp_mid2_v_reg_3238                                     |   2|   0|    2|          0|
    |tmp_s_reg_3308                                          |  12|   0|   12|          0|
    |to1_mid2_reg_3249                                       |   6|   0|    6|          0|
    |to1_reg_998                                             |   6|   0|    6|          0|
    |trr_1_reg_3572                                          |   3|   0|    3|          0|
    |trr_reg_1212                                            |   3|   0|    3|          0|
    |exitcond_flatten5_reg_3520                              |   0|   1|    1|          0|
    +--------------------------------------------------------+----+----+-----+-----------+
    |Total                                                   | 889|   1| 1014|        124|
    +--------------------------------------------------------+----+----+-----+-----------+



================================================================
== Interface
================================================================
* Summary: 
+--------------------+-----+-----+------------+--------------+--------------+
|      RTL Ports     | Dir | Bits|  Protocol  | Source Object|    C Type    |
+--------------------+-----+-----+------------+--------------+--------------+
|ap_clk              |  in |    1| ap_ctrl_hs |  convolution | return value |
|ap_rst              |  in |    1| ap_ctrl_hs |  convolution | return value |
|ap_start            |  in |    1| ap_ctrl_hs |  convolution | return value |
|ap_done             | out |    1| ap_ctrl_hs |  convolution | return value |
|ap_idle             | out |    1| ap_ctrl_hs |  convolution | return value |
|ap_ready            | out |    1| ap_ctrl_hs |  convolution | return value |
|input_V_address0    | out |   19|  ap_memory |    input_V   |     array    |
|input_V_ce0         | out |    1|  ap_memory |    input_V   |     array    |
|input_V_q0          |  in |    4|  ap_memory |    input_V   |     array    |
|weights_V_address0  | out |   19|  ap_memory |   weights_V  |     array    |
|weights_V_ce0       | out |    1|  ap_memory |   weights_V  |     array    |
|weights_V_q0        |  in |    4|  ap_memory |   weights_V  |     array    |
|output_V_address0   | out |   16|  ap_memory |   output_V   |     array    |
|output_V_ce0        | out |    1|  ap_memory |   output_V   |     array    |
|output_V_we0        | out |    1|  ap_memory |   output_V   |     array    |
|output_V_d0         | out |    4|  ap_memory |   output_V   |     array    |
+--------------------+-----+-----+------------+--------------+--------------+

