

================================================================
== Vivado HLS Report for 'convolution'
================================================================
* Date:           Tue Jul  4 16:32:21 2017

* Version:        2016.3 (Build 1721985 on Tue Nov 29 18:45:36 MST 2016)
* Project:        conv
* Solution:       solution6bit
* Product family: zynq
* Target device:  xc7z010clg400-1


================================================================
== Performance Estimates
================================================================
+ Timing (ns): 
    * Summary: 
    +--------+-------+----------+------------+
    |  Clock | Target| Estimated| Uncertainty|
    +--------+-------+----------+------------+
    |ap_clk  |  10.00|     10.77|        1.25|
    +--------+-------+----------+------------+

+ Latency (clock cycles): 
    * Summary: 
    +----------+----------+----------+----------+---------+
    |       Latency       |       Interval      | Pipeline|
    |    min   |    max   |    min   |    max   |   Type  |
    +----------+----------+----------+----------+---------+
    |  43902865|  47137681|  43902866|  47137682|   none  |
    +----------+----------+----------+----------+---------+

    + Detail: 
        * Instance: 
        N/A

        * Loop: 
        +---------------------------------------+----------+----------+-----------------+-----------+-----------+----------+----------+
        |                                       |       Latency       |    Iteration    |  Initiation Interval  |   Trip   |          |
        |               Loop Name               |    min   |    max   |     Latency     |  achieved |   target  |   Count  | Pipelined|
        +---------------------------------------+----------+----------+-----------------+-----------+-----------+----------+----------+
        |- row_col_output                       |  43902864|  47137680| 101627 ~ 109115 |          -|          -|       432|    no    |
        | + zero_output_L                       |        25|        25|                1|          1|          1|        25|    yes   |
        | + input                               |    101348|    108836|   1949 ~ 2093   |          -|          -|        52|    no    |
        |  ++ input.1                           |      1330|      1330|              266|          -|          -|         5|    no    |
        |   +++ input.1.1                       |       264|       264|               24|          -|          -|        11|    no    |
        |    ++++ input.1.1.1                   |        22|        22|                2|          -|          -|        11|    no    |
        |  ++ input.2                           |       528|       528|              132|          -|          -|         4|    no    |
        |   +++ input.2.1                       |       130|       130|               26|          -|          -|         5|    no    |
        |    ++++ input.2.1.1                   |        24|        24|                8|          -|          -|         3|    no    |
        |     +++++ input.2.1.1.1               |         6|         6|                2|          -|          -|         3|    no    |
        |  ++ weight_row_tiling_row_tiling_col  |        85|       229|                6|          1|          1| 81 ~ 225 |    yes   |
        | + row_col_output.3                    |       248|       248|               62|          -|          -|         4|    no    |
        |  ++ row_col_output.3.1                |        60|        60|               12|          -|          -|         5|    no    |
        |   +++ row_col_output.3.1.1            |        10|        10|                2|          -|          -|         5|    no    |
        +---------------------------------------+----------+----------+-----------------+-----------+-----------+----------+----------+



================================================================
== Utilization Estimates
================================================================
* Summary: 
+-----------------+---------+-------+-------+-------+
|       Name      | BRAM_18K| DSP48E|   FF  |  LUT  |
+-----------------+---------+-------+-------+-------+
|DSP              |        -|     20|      -|      -|
|Expression       |        -|      6|      0|   1414|
|FIFO             |        -|      -|      -|      -|
|Instance         |        -|      -|      0|      6|
|Memory           |        4|      -|    300|     80|
|Multiplexer      |        -|      -|      -|    313|
|Register         |        -|      -|   1153|     27|
+-----------------+---------+-------+-------+-------+
|Total            |        4|     26|   1453|   1840|
+-----------------+---------+-------+-------+-------+
|Available        |      120|     80|  35200|  17600|
+-----------------+---------+-------+-------+-------+
|Utilization (%)  |        3|     32|      4|     10|
+-----------------+---------+-------+-------+-------+

+ Detail: 
    * Instance: 
    +-------------------------+----------------------+---------+-------+---+----+
    |         Instance        |        Module        | BRAM_18K| DSP48E| FF| LUT|
    +-------------------------+----------------------+---------+-------+---+----+
    |convolution_mux_4Ee0_U1  |convolution_mux_4Ee0  |        0|      0|  0|   6|
    +-------------------------+----------------------+---------+-------+---+----+
    |Total                    |                      |        0|      0|  0|   6|
    +-------------------------+----------------------+---------+-------+---+----+

    * DSP48: 
    +--------------------------+----------------------+--------------+
    |         Instance         |        Module        |  Expression  |
    +--------------------------+----------------------+--------------+
    |convolution_mac_mFfa_U2   |convolution_mac_mFfa  | i0 + i1 * i2 |
    |convolution_mac_mFfa_U4   |convolution_mac_mFfa  | i0 + i1 * i2 |
    |convolution_mac_mFfa_U6   |convolution_mac_mFfa  | i0 + i1 * i2 |
    |convolution_mac_mFfa_U8   |convolution_mac_mFfa  | i0 + i1 * i2 |
    |convolution_mac_mFfa_U10  |convolution_mac_mFfa  | i0 * i1 + i2 |
    |convolution_mac_mFfa_U11  |convolution_mac_mFfa  | i0 * i1 + i2 |
    |convolution_mac_mFfa_U12  |convolution_mac_mFfa  | i0 * i1 + i2 |
    |convolution_mac_mFfa_U13  |convolution_mac_mFfa  | i0 * i1 + i2 |
    |convolution_mac_mFfa_U14  |convolution_mac_mFfa  | i0 * i1 + i2 |
    |convolution_mac_mFfa_U15  |convolution_mac_mFfa  | i0 * i1 + i2 |
    |convolution_mac_mFfa_U16  |convolution_mac_mFfa  | i0 * i1 + i2 |
    |convolution_mac_mFfa_U17  |convolution_mac_mFfa  | i0 * i1 + i2 |
    |convolution_mac_mFfa_U18  |convolution_mac_mFfa  | i0 * i1 + i2 |
    |convolution_mac_mFfa_U19  |convolution_mac_mFfa  | i0 * i1 + i2 |
    |convolution_mac_mFfa_U20  |convolution_mac_mFfa  | i0 * i1 + i2 |
    |convolution_mac_mFfa_U21  |convolution_mac_mFfa  | i0 * i1 + i2 |
    |convolution_mac_mGfk_U3   |convolution_mac_mGfk  | i0 * i1 + i2 |
    |convolution_mac_mGfk_U5   |convolution_mac_mGfk  | i0 * i1 + i2 |
    |convolution_mac_mGfk_U7   |convolution_mac_mGfk  | i0 * i1 + i2 |
    |convolution_mac_mGfk_U9   |convolution_mac_mGfk  | i0 * i1 + i2 |
    +--------------------------+----------------------+--------------+

    * Memory: 
    +-------------------+----------------------+---------+----+----+------+-----+------+-------------+
    |       Memory      |        Module        | BRAM_18K| FF | LUT| Words| Bits| Banks| W*Bits*Banks|
    +-------------------+----------------------+---------+----+----+------+-----+------+-------------+
    |p_input_V_0_U      |convolution_p_inpzec  |        0|  12|  12|   121|    6|     1|          726|
    |p_input_V_1_U      |convolution_p_inpzec  |        0|  12|  12|   121|    6|     1|          726|
    |p_input_V_2_U      |convolution_p_inpzec  |        0|  12|  12|   121|    6|     1|          726|
    |p_input_V_3_U      |convolution_p_inpzec  |        0|  12|  12|   121|    6|     1|          726|
    |p_input_V_4_U      |convolution_p_inpzec  |        0|  12|  12|   121|    6|     1|          726|
    |p_output_V_0_U     |convolution_p_outbkb  |        1|   0|   0|    25|    6|     1|          150|
    |p_output_V_1_U     |convolution_p_outbkb  |        1|   0|   0|    25|    6|     1|          150|
    |p_output_V_2_U     |convolution_p_outbkb  |        1|   0|   0|    25|    6|     1|          150|
    |p_output_V_3_U     |convolution_p_outbkb  |        1|   0|   0|    25|    6|     1|          150|
    |p_weights_V_0_0_U  |convolution_p_weifYi  |        0|  12|   1|     9|    6|     1|           54|
    |p_weights_V_0_1_U  |convolution_p_weifYi  |        0|  12|   1|     9|    6|     1|           54|
    |p_weights_V_0_2_U  |convolution_p_weifYi  |        0|  12|   1|     9|    6|     1|           54|
    |p_weights_V_0_3_U  |convolution_p_weifYi  |        0|  12|   1|     9|    6|     1|           54|
    |p_weights_V_0_4_U  |convolution_p_weifYi  |        0|  12|   1|     9|    6|     1|           54|
    |p_weights_V_1_0_U  |convolution_p_weifYi  |        0|  12|   1|     9|    6|     1|           54|
    |p_weights_V_1_1_U  |convolution_p_weifYi  |        0|  12|   1|     9|    6|     1|           54|
    |p_weights_V_1_2_U  |convolution_p_weifYi  |        0|  12|   1|     9|    6|     1|           54|
    |p_weights_V_1_3_U  |convolution_p_weifYi  |        0|  12|   1|     9|    6|     1|           54|
    |p_weights_V_1_4_U  |convolution_p_weifYi  |        0|  12|   1|     9|    6|     1|           54|
    |p_weights_V_2_0_U  |convolution_p_weifYi  |        0|  12|   1|     9|    6|     1|           54|
    |p_weights_V_2_1_U  |convolution_p_weifYi  |        0|  12|   1|     9|    6|     1|           54|
    |p_weights_V_2_2_U  |convolution_p_weifYi  |        0|  12|   1|     9|    6|     1|           54|
    |p_weights_V_2_3_U  |convolution_p_weifYi  |        0|  12|   1|     9|    6|     1|           54|
    |p_weights_V_2_4_U  |convolution_p_weifYi  |        0|  12|   1|     9|    6|     1|           54|
    |p_weights_V_3_0_U  |convolution_p_weifYi  |        0|  12|   1|     9|    6|     1|           54|
    |p_weights_V_3_1_U  |convolution_p_weifYi  |        0|  12|   1|     9|    6|     1|           54|
    |p_weights_V_3_2_U  |convolution_p_weifYi  |        0|  12|   1|     9|    6|     1|           54|
    |p_weights_V_3_3_U  |convolution_p_weifYi  |        0|  12|   1|     9|    6|     1|           54|
    |p_weights_V_3_4_U  |convolution_p_weifYi  |        0|  12|   1|     9|    6|     1|           54|
    +-------------------+----------------------+---------+----+----+------+-----+------+-------------+
    |Total              |                      |        4| 300|  80|   885|  174|    29|         5310|
    +-------------------+----------------------+---------+----+----+------+-----+------+-------------+

    * FIFO: 
    N/A

    * Expression: 
    +-----------------------------------+----------+-------+---+----+------------+------------+
    |           Variable Name           | Operation| DSP48E| FF| LUT| Bitwidth P0| Bitwidth P1|
    +-----------------------------------+----------+-------+---+----+------------+------------+
    |bound23_mid1_fu_1552_p2            |     *    |      1|  0|   5|           3|           3|
    |bound_fu_1323_p2                   |     *    |      1|  0|   5|           3|           3|
    |tmp_56_fu_1899_p2                  |     *    |      1|  0|   1|          20|           4|
    |tmp_70_fu_1932_p2                  |     *    |      1|  0|   1|          20|           4|
    |tmp_84_fu_2584_p2                  |     *    |      1|  0|   7|           4|           4|
    |tmp_s_fu_1693_p2                   |     *    |      1|  0|   4|           6|           6|
    |bound23_mid_fu_1498_p2             |     +    |      0|  0|   6|           6|           6|
    |col1_1_fu_1510_p2                  |     +    |      0|  0|   2|           1|           2|
    |col_1_fu_1411_p2                   |     +    |      0|  0|   4|           3|           4|
    |i_1_fu_2290_p2                     |     +    |      0|  0|   2|           2|           1|
    |indvar_flatten190_op_fu_2775_p2    |     +    |      0|  0|   8|           8|           1|
    |indvar_flatten26_op_fu_2412_p2     |     +    |      0|  0|   6|           6|           1|
    |indvar_flatten68_op_fu_2426_p2     |     +    |      0|  0|   8|           8|           1|
    |indvar_flatten_next2_fu_1335_p2    |     +    |      0|  0|   9|           1|           9|
    |indvar_flatten_next5_fu_2284_p2    |     +    |      0|  0|  10|          10|           1|
    |indvar_flatten_next_fu_1607_p2     |     +    |      0|  0|   5|           5|           1|
    |j_1_fu_2341_p2                     |     +    |      0|  0|   2|           2|           1|
    |k_4_fu_1884_p2                     |     +    |      0|  0|   3|           3|           1|
    |k_5_fu_1988_p2                     |     +    |      0|  0|   3|           3|           1|
    |k_fu_2739_p2                       |     +    |      0|  0|   3|           3|           1|
    |l_4_fu_1613_p2                     |     +    |      0|  0|   3|           3|           1|
    |l_5_fu_2794_p2                     |     +    |      0|  0|   3|           3|           1|
    |l_6_fu_1917_p2                     |     +    |      0|  0|   4|           4|           1|
    |l_7_fu_2075_p2                     |     +    |      0|  0|   3|           3|           1|
    |m_4_fu_1681_p2                     |     +    |      0|  0|   3|           3|           1|
    |m_5_fu_2859_p2                     |     +    |      0|  0|   3|           3|           1|
    |m_6_fu_1944_p2                     |     +    |      0|  0|   4|           4|           1|
    |m_7_fu_2108_p2                     |     +    |      0|  0|   2|           2|           1|
    |n_1_fu_2173_p2                     |     +    |      0|  0|   2|           2|           1|
    |next_mul_fu_1905_p2                |     +    |      0|  0|   7|           7|           4|
    |row1_1_fu_1449_p2                  |     +    |      0|  0|   2|           1|           2|
    |row_1_fu_1341_p2                   |     +    |      0|  0|   4|           3|           4|
    |tcc_1_fu_2406_p2                   |     +    |      0|  0|   3|           3|           1|
    |ti1_1_fu_1774_p2                   |     +    |      0|  0|   6|           6|           1|
    |ti_1_fu_2727_p2                    |     +    |      0|  0|   9|           9|           3|
    |tmp_19_fu_1720_p2                  |     +    |      0|  0|  10|          10|          10|
    |tmp_23_fu_1747_p2                  |     +    |      0|  0|   6|          64|          64|
    |tmp_28_fu_2273_p2                  |     +    |      0|  0|   4|           4|           4|
    |tmp_28_mid1_fu_2567_p2             |     +    |      0|  0|   4|           4|           4|
    |tmp_29_fu_1657_p2                  |     +    |      0|  0|   6|           6|           6|
    |tmp_31_fu_1667_p2                  |     +    |      0|  0|   6|           6|           6|
    |tmp_34_fu_2614_p2                  |     +    |      0|  0|   4|           4|           4|
    |tmp_37_fu_1810_p2                  |     +    |      0|  0|  10|          10|          10|
    |tmp_41_fu_1837_p2                  |     +    |      0|  0|   6|          64|          64|
    |tmp_47_fu_1862_p2                  |     +    |      0|  0|  20|          20|          20|
    |tmp_48_fu_1850_p2                  |     +    |      0|  0|  12|          12|          12|
    |tmp_51_fu_2749_p2                  |     +    |      0|  0|  64|          64|          64|
    |tmp_53_fu_2760_p2                  |     +    |      0|  0|  64|          64|          64|
    |tmp_55_fu_1894_p2                  |     +    |      0|  0|  20|          20|          20|
    |tmp_57_fu_2808_p2                  |     +    |      0|  0|  64|          64|          64|
    |tmp_60_fu_2829_p2                  |     +    |      0|  0|  17|          17|          17|
    |tmp_62_fu_2847_p2                  |     +    |      0|  0|   6|           6|           6|
    |tmp_65_fu_1998_p2                  |     +    |      0|  0|  64|          64|          64|
    |tmp_67_fu_2009_p2                  |     +    |      0|  0|  64|          64|          64|
    |tmp_69_fu_1927_p2                  |     +    |      0|  0|  20|          20|          20|
    |tmp_73_fu_2259_p2                  |     +    |      0|  0|   6|           6|           6|
    |tmp_74_fu_2873_p2                  |     +    |      0|  0|  17|          17|          17|
    |tmp_75_fu_2878_p2                  |     +    |      0|  0|   6|           6|           6|
    |tmp_81_fu_2512_p2                  |     +    |      0|  0|   6|          64|          64|
    |tmp_83_fu_2554_p2                  |     +    |      0|  0|   6|           6|           6|
    |tmp_85_fu_2593_p2                  |     +    |      0|  0|   6|           6|           6|
    |tmp_86_fu_2624_p2                  |     +    |      0|  0|   8|           8|           8|
    |tmp_87_fu_2085_p2                  |     +    |      0|  0|  64|          64|          64|
    |tmp_90_fu_1958_p2                  |     +    |      0|  0|  20|          20|          20|
    |tmp_91_fu_1968_p2                  |     +    |      0|  0|   7|           7|           7|
    |tmp_92_fu_2122_p2                  |     +    |      0|  0|  64|          64|          64|
    |tmp_98_fu_2187_p2                  |     +    |      0|  0|  20|          20|          20|
    |tmp_99_fu_2197_p2                  |     +    |      0|  0|   5|           5|           5|
    |to1_1_fu_2770_p2                   |     +    |      0|  0|   6|           6|           1|
    |trr_1_fu_2384_p2                   |     +    |      0|  0|   3|           3|           1|
    |bound113_mid2_fu_1595_p2           |     -    |      0|  0|  10|          10|          10|
    |bound51_mid2_fu_1577_p2            |     -    |      0|  0|   8|           8|           8|
    |tmp_16_fu_2019_p2                  |     -    |      0|  0|  10|          10|           9|
    |tmp_18_fu_1710_p2                  |     -    |      0|  0|   9|           9|           9|
    |tmp_1_fu_1267_p2                   |     -    |      0|  0|   4|           3|           4|
    |tmp_1_mid1_fu_1361_p2              |     -    |      0|  0|   5|           5|           4|
    |tmp_22_fu_1741_p2                  |     -    |      0|  0|   6|          64|          64|
    |tmp_36_fu_1800_p2                  |     -    |      0|  0|   9|           9|           9|
    |tmp_39_fu_1831_p2                  |     -    |      0|  0|   6|          64|          64|
    |tmp_72_fu_2245_p2                  |     -    |      0|  0|   5|           5|           5|
    |tmp_77_fu_2460_p2                  |     -    |      0|  0|   5|           5|           5|
    |tmp_79_fu_2484_p2                  |     -    |      0|  0|   6|          64|          64|
    |tmp_7_fu_1291_p2                   |     -    |      0|  0|   4|           3|           4|
    |tmp_7_mid1_fu_1417_p2              |     -    |      0|  0|   5|           5|           4|
    |tmp_89_fu_2096_p2                  |     -    |      0|  0|  64|          64|          64|
    |tmp_95_fu_2143_p2                  |     -    |      0|  0|  20|          20|          20|
    |tmp_97_fu_2161_p2                  |     -    |      0|  0|   5|           5|           5|
    |exitcond3_mid_fu_1397_p2           |    and   |      0|  0|   1|           1|           1|
    |exitcond10_fu_1938_p2              |   icmp   |      0|  0|   2|           4|           4|
    |exitcond11_fu_2317_p2              |   icmp   |      0|  0|   2|           3|           3|
    |exitcond12_fu_2102_p2              |   icmp   |      0|  0|   1|           2|           2|
    |exitcond13_fu_2167_p2              |   icmp   |      0|  0|   1|           2|           2|
    |exitcond18_mid_fu_1758_p2          |   icmp   |      0|  0|   2|           3|           1|
    |exitcond1_fu_1982_p2               |   icmp   |      0|  0|   2|           3|           4|
    |exitcond2_fu_1911_p2               |   icmp   |      0|  0|   2|           4|           4|
    |exitcond3_fu_1391_p2               |   icmp   |      0|  0|   3|           6|           6|
    |exitcond4_fu_1619_p2               |   icmp   |      0|  0|   2|           3|           3|
    |exitcond5_fu_1768_p2               |   icmp   |      0|  0|   3|           6|           5|
    |exitcond6_fu_2069_p2               |   icmp   |      0|  0|   2|           3|           3|
    |exitcond7_fu_2733_p2               |   icmp   |      0|  0|   2|           3|           4|
    |exitcond8_fu_1878_p2               |   icmp   |      0|  0|   2|           3|           3|
    |exitcond9_fu_2788_p2               |   icmp   |      0|  0|   2|           3|           3|
    |exitcond_flatten1_fu_1347_p2       |   icmp   |      0|  0|   3|           8|           8|
    |exitcond_flatten28_m_fu_1763_p2    |   icmp   |      0|  0|   3|           6|           1|
    |exitcond_flatten2_fu_1329_p2       |   icmp   |      0|  0|   3|           9|           8|
    |exitcond_flatten3_fu_2296_p2       |   icmp   |      0|  0|   3|           8|           8|
    |exitcond_flatten4_fu_2329_p2       |   icmp   |      0|  0|   3|           6|           6|
    |exitcond_flatten5_fu_2279_p2       |   icmp   |      0|  0|   4|          10|          10|
    |exitcond_flatten_fu_1601_p2        |   icmp   |      0|  0|   2|           5|           4|
    |exitcond_fu_2853_p2                |   icmp   |      0|  0|   2|           3|           3|
    |icmp1_fu_2057_p2                   |   icmp   |      0|  0|   3|           7|           1|
    |icmp_fu_2035_p2                    |   icmp   |      0|  0|   3|           8|           1|
    |tmp_2_fu_1277_p2                   |   icmp   |      0|  0|   2|           4|           3|
    |tmp_2_mid1_fu_1371_p2              |   icmp   |      0|  0|   2|           4|           3|
    |tmp_38_0_2_fu_2041_p2              |   icmp   |      0|  0|   3|           9|           2|
    |tmp_38_0_4_fu_2063_p2              |   icmp   |      0|  0|   3|           9|           3|
    |tmp_8_fu_1301_p2                   |   icmp   |      0|  0|   2|           4|           3|
    |tmp_8_mid1_fu_1427_p2              |   icmp   |      0|  0|   2|           4|           3|
    |ap_enable_pp1                      |    or    |      0|  0|   1|           1|           1|
    |tmp_4_fu_1516_p2                   |    or    |      0|  0|   1|           1|           1|
    |tmp_80_fu_2347_p2                  |    or    |      0|  0|   1|           1|           1|
    |bound23_mid2_fu_1558_p3            |  select  |      0|  0|   6|           1|           6|
    |bound23_mid3_fu_1504_p3            |  select  |      0|  0|   6|           1|           6|
    |col1_mid_fu_1455_p3                |  select  |      0|  0|   2|           1|           1|
    |col_mid2_fu_1441_p3                |  select  |      0|  0|   4|           1|           4|
    |col_mid_fu_1353_p3                 |  select  |      0|  0|   4|           1|           1|
    |exitcond18_mid1_fu_2322_p3         |  select  |      0|  0|   1|           1|           1|
    |exitcond18_mid2_fu_2377_p3         |  select  |      0|  0|   1|           1|           1|
    |exitcond_flatten28_m_1_fu_2334_p3  |  select  |      0|  0|   1|           1|           1|
    |grp_fu_2967_p2                     |  select  |      0|  0|   6|           1|           6|
    |grp_fu_2979_p2                     |  select  |      0|  0|   6|           1|           6|
    |grp_fu_2991_p2                     |  select  |      0|  0|   6|           1|           6|
    |grp_fu_3003_p2                     |  select  |      0|  0|   6|           1|           6|
    |i_cast9_mid2_fu_2309_p3            |  select  |      0|  0|   2|           1|           2|
    |indvar_flatten_next1_fu_2781_p3    |  select  |      0|  0|   8|           1|           1|
    |indvar_flatten_next3_fu_2418_p3    |  select  |      0|  0|   6|           1|           1|
    |indvar_flatten_next4_fu_2432_p3    |  select  |      0|  0|   8|           1|           1|
    |j_cast7_mid2_fu_2369_p3            |  select  |      0|  0|   2|           1|           2|
    |j_mid_fu_2301_p3                   |  select  |      0|  0|   2|           1|           1|
    |m_mid2_fu_1625_p3                  |  select  |      0|  0|   3|           1|           1|
    |output_tmp_V_0_new_8_fu_2639_p3    |  select  |      0|  0|   6|           1|           6|
    |output_tmp_V_0_new_s_fu_2679_p3    |  select  |      0|  0|   6|           1|           6|
    |output_tmp_V_1_new_8_fu_2644_p3    |  select  |      0|  0|   6|           1|           6|
    |output_tmp_V_1_new_s_fu_2691_p3    |  select  |      0|  0|   6|           1|           6|
    |output_tmp_V_2_new_8_fu_2649_p3    |  select  |      0|  0|   6|           1|           6|
    |output_tmp_V_2_new_s_fu_2703_p3    |  select  |      0|  0|   6|           1|           6|
    |output_tmp_V_3_new_8_fu_2654_p3    |  select  |      0|  0|   6|           1|           6|
    |output_tmp_V_3_new_s_fu_2715_p3    |  select  |      0|  0|   6|           1|           6|
    |p_output_V_0_d1                    |  select  |      0|  0|   6|           1|           6|
    |p_output_V_1_d1                    |  select  |      0|  0|   6|           1|           6|
    |p_output_V_2_d1                    |  select  |      0|  0|   6|           1|           6|
    |p_output_V_3_d1                    |  select  |      0|  0|   6|           1|           6|
    |p_weights_V_0_0_load_1_fu_2518_p3  |  select  |      0|  0|  64|           1|          64|
    |p_weights_V_0_0_load_s_fu_2490_p3  |  select  |      0|  0|   6|           1|           6|
    |row_mid2_fu_1403_p3                |  select  |      0|  0|   4|           1|           4|
    |tcc_mid2_fu_2390_p3                |  select  |      0|  0|   3|           1|           3|
    |tcc_mid_fu_2361_p3                 |  select  |      0|  0|   3|           1|           1|
    |tmp_26_mid2_fu_2398_p3             |  select  |      0|  0|   3|           1|           3|
    |tmp_29_mid2_fu_2573_p3             |  select  |      0|  0|   4|           1|           4|
    |tmp_29_mid4_fu_2533_p3             |  select  |      0|  0|   4|           1|           4|
    |tmp_29_mid_fu_2500_p3              |  select  |      0|  0|   4|           1|           4|
    |tmp_3_fu_1283_p3                   |  select  |      0|  0|   3|           1|           3|
    |tmp_3_mid1_fu_1377_p3              |  select  |      0|  0|   3|           1|           3|
    |tmp_3_mid2_fu_1473_p3              |  select  |      0|  0|   3|           1|           3|
    |tmp_5_mid2_v_fu_1633_p3            |  select  |      0|  0|   3|           1|           3|
    |tmp_6_mid2_fu_1528_p3              |  select  |      0|  0|   2|           1|           2|
    |tmp_9_fu_1307_p3                   |  select  |      0|  0|   3|           1|           3|
    |tmp_9_mid1_fu_1433_p3              |  select  |      0|  0|   3|           1|           3|
    |tmp_9_mid2_fu_1539_p3              |  select  |      0|  0|   3|           1|           3|
    |tmp_9_mid_fu_1478_p3               |  select  |      0|  0|   3|           1|           3|
    |tmp_mid2_v_fu_1462_p3              |  select  |      0|  0|   2|           1|           2|
    |to1_mid2_fu_1520_p3                |  select  |      0|  0|   6|           1|           1|
    |trr_mid_fu_2353_p3                 |  select  |      0|  0|   3|           1|           1|
    |not_exitcond_flatten_fu_1385_p2    |    xor   |      0|  0|   2|           1|           2|
    +-----------------------------------+----------+-------+---+----+------------+------------+
    |Total                              |          |      6|  0|1414|        1624|        1682|
    +-----------------------------------+----------+-------+---+----+------------+------------+

    * Multiplexer: 
    +--------------------------+----+-----------+-----+-----------+
    |           Name           | LUT| Input Size| Bits| Total Bits|
    +--------------------------+----+-----------+-----+-----------+
    |ap_NS_fsm                 |  18|         23|    1|         23|
    |ap_enable_reg_pp1_iter5   |   1|          2|    1|          2|
    |col1_reg_986              |   2|          2|    2|          4|
    |col_reg_975               |   4|          2|    4|          8|
    |i_phi_fu_1172_p4          |   2|          2|    2|          4|
    |i_reg_1168                |   2|          2|    2|          4|
    |indvar_flatten1_reg_929   |   9|          2|    9|         18|
    |indvar_flatten2_reg_963   |   8|          2|    8|         16|
    |indvar_flatten3_reg_1157  |  10|          2|   10|         20|
    |indvar_flatten4_reg_1179  |   8|          2|    8|         16|
    |indvar_flatten5_reg_1201  |   6|          2|    6|         12|
    |indvar_flatten_reg_1010   |   5|          2|    5|         10|
    |j_phi_fu_1194_p4          |   2|          2|    2|          4|
    |j_reg_1190                |   2|          2|    2|          4|
    |k_1_reg_1066              |   3|          2|    3|          6|
    |k_2_reg_1112              |   3|          2|    3|          6|
    |k_3_reg_1234              |   3|          2|    3|          6|
    |l_1_reg_1078              |   4|          2|    4|          8|
    |l_2_reg_1123              |   3|          2|    3|          6|
    |l_3_reg_1245              |   3|          2|    3|          6|
    |l_reg_1021                |   3|          2|    3|          6|
    |m_1_reg_1101              |   4|          2|    4|          8|
    |m_2_reg_1135              |   2|          2|    2|          4|
    |m_3_reg_1256              |   3|          2|    3|          6|
    |m_reg_1032                |   3|          2|    3|          6|
    |n_reg_1146                |   2|          2|    2|          4|
    |p_input_V_0_address0      |   7|          3|    7|         21|
    |p_input_V_1_address0      |   7|          3|    7|         21|
    |p_input_V_2_address0      |   7|          3|    7|         21|
    |p_input_V_3_address0      |   7|          3|    7|         21|
    |p_input_V_4_address0      |   7|          3|    7|         21|
    |p_output_V_0_address0     |   5|          3|    5|         15|
    |p_output_V_0_address1     |   5|          3|    5|         15|
    |p_output_V_1_address0     |   5|          3|    5|         15|
    |p_output_V_1_address1     |   5|          3|    5|         15|
    |p_output_V_2_address0     |   5|          3|    5|         15|
    |p_output_V_2_address1     |   5|          3|    5|         15|
    |p_output_V_3_address0     |   5|          3|    5|         15|
    |p_output_V_3_address1     |   5|          3|    5|         15|
    |p_weights_V_0_0_address0  |   4|          3|    4|         12|
    |p_weights_V_0_1_address0  |   4|          3|    4|         12|
    |p_weights_V_0_2_address0  |   4|          3|    4|         12|
    |p_weights_V_0_3_address0  |   4|          3|    4|         12|
    |p_weights_V_0_4_address0  |   4|          3|    4|         12|
    |p_weights_V_1_0_address0  |   4|          3|    4|         12|
    |p_weights_V_1_1_address0  |   4|          3|    4|         12|
    |p_weights_V_1_2_address0  |   4|          3|    4|         12|
    |p_weights_V_1_3_address0  |   4|          3|    4|         12|
    |p_weights_V_1_4_address0  |   4|          3|    4|         12|
    |p_weights_V_2_0_address0  |   4|          3|    4|         12|
    |p_weights_V_2_1_address0  |   4|          3|    4|         12|
    |p_weights_V_2_2_address0  |   4|          3|    4|         12|
    |p_weights_V_2_3_address0  |   4|          3|    4|         12|
    |p_weights_V_2_4_address0  |   4|          3|    4|         12|
    |p_weights_V_3_0_address0  |   4|          3|    4|         12|
    |p_weights_V_3_1_address0  |   4|          3|    4|         12|
    |p_weights_V_3_2_address0  |   4|          3|    4|         12|
    |p_weights_V_3_3_address0  |   4|          3|    4|         12|
    |p_weights_V_3_4_address0  |   4|          3|    4|         12|
    |phi_mul_reg_1089          |   7|          2|    7|         14|
    |row1_reg_951              |   2|          2|    2|          4|
    |row_reg_940               |   4|          2|    4|          8|
    |tcc_reg_1223              |   3|          2|    3|          6|
    |ti1_reg_1055              |   6|          2|    6|         12|
    |ti_reg_1043               |   9|          2|    9|         18|
    |to1_reg_998               |   6|          2|    6|         12|
    |trr_phi_fu_1216_p4        |   3|          2|    3|          6|
    |trr_reg_1212              |   3|          2|    3|          6|
    +--------------------------+----+-----------+-----+-----------+
    |Total                     | 313|        190|  296|        768|
    +--------------------------+----+-----------+-----+-----------+

    * Register: 
    +---------------------------------------------------------+----+----+-----+-----------+
    |                           Name                          | FF | LUT| Bits| Const Bits|
    +---------------------------------------------------------+----+----+-----+-----------+
    |ap_CS_fsm                                                |  22|   0|   22|          0|
    |ap_enable_reg_pp1_iter0                                  |   1|   0|    1|          0|
    |ap_enable_reg_pp1_iter1                                  |   1|   0|    1|          0|
    |ap_enable_reg_pp1_iter2                                  |   1|   0|    1|          0|
    |ap_enable_reg_pp1_iter3                                  |   1|   0|    1|          0|
    |ap_enable_reg_pp1_iter4                                  |   1|   0|    1|          0|
    |ap_enable_reg_pp1_iter5                                  |   1|   0|    1|          0|
    |ap_pipeline_reg_pp1_iter3_p_input_V_2_load_reg_3695      |   6|   0|    6|          0|
    |ap_pipeline_reg_pp1_iter3_p_input_V_3_load_reg_3703      |   6|   0|    6|          0|
    |ap_pipeline_reg_pp1_iter4_p_weights_V_0_4_load_reg_3744  |   6|   0|    6|          0|
    |ap_pipeline_reg_pp1_iter4_p_weights_V_1_4_load_reg_3759  |   6|   0|    6|          0|
    |ap_pipeline_reg_pp1_iter4_p_weights_V_2_4_load_reg_3774  |   6|   0|    6|          0|
    |ap_pipeline_reg_pp1_iter4_p_weights_V_3_4_load_reg_3789  |   6|   0|    6|          0|
    |bound113_mid2_reg_3149                                   |  10|   0|   10|          0|
    |bound23_mid2_reg_3138                                    |   6|   0|    6|          0|
    |bound51_mid2_reg_3144                                    |   8|   0|    8|          0|
    |bound_reg_3047                                           |   6|   0|    6|          0|
    |col1_reg_986                                             |   2|   0|    2|          0|
    |col_mid2_reg_3097                                        |   4|   0|    4|          0|
    |col_reg_975                                              |   4|   0|    4|          0|
    |exitcond18_mid2_reg_3431                                 |   1|   0|    1|          0|
    |exitcond18_mid_reg_3182                                  |   1|   0|    1|          0|
    |exitcond3_mid_reg_3078                                   |   1|   0|    1|          0|
    |exitcond_flatten1_reg_3060                               |   1|   0|    1|          0|
    |exitcond_flatten28_m_1_reg_3414                          |   1|   0|    1|          0|
    |exitcond_flatten28_m_reg_3188                            |   1|   0|    1|          0|
    |exitcond_flatten3_reg_3400                               |   1|   0|    1|          0|
    |exitcond_flatten5_reg_3384                               |   1|   0|    1|          0|
    |i_1_reg_3393                                             |   2|   0|    2|          0|
    |i_cast9_mid2_reg_3406                                    |   2|   0|    2|          0|
    |i_reg_1168                                               |   2|   0|    2|          0|
    |icmp1_reg_3309                                           |   1|   0|    1|          0|
    |icmp_reg_3293                                            |   1|   0|    1|          0|
    |indvar_flatten1_reg_929                                  |   9|   0|    9|          0|
    |indvar_flatten2_reg_963                                  |   8|   0|    8|          0|
    |indvar_flatten3_reg_1157                                 |  10|   0|   10|          0|
    |indvar_flatten4_reg_1179                                 |   8|   0|    8|          0|
    |indvar_flatten5_reg_1201                                 |   6|   0|    6|          0|
    |indvar_flatten_next2_reg_3055                            |   9|   0|    9|          0|
    |indvar_flatten_reg_1010                                  |   5|   0|    5|          0|
    |j_1_reg_3420                                             |   2|   0|    2|          0|
    |j_cast7_mid2_reg_3425                                    |   2|   0|    2|          0|
    |j_reg_1190                                               |   2|   0|    2|          0|
    |k_1_reg_1066                                             |   3|   0|    3|          0|
    |k_2_reg_1112                                             |   3|   0|    3|          0|
    |k_3_reg_1234                                             |   3|   0|    3|          0|
    |k_4_reg_3229                                             |   3|   0|    3|          0|
    |k_5_reg_3279                                             |   3|   0|    3|          0|
    |k_reg_3866                                               |   3|   0|    3|          0|
    |l_1_reg_1078                                             |   4|   0|    4|          0|
    |l_2_reg_1123                                             |   3|   0|    3|          0|
    |l_3_reg_1245                                             |   3|   0|    3|          0|
    |l_5_reg_3894                                             |   3|   0|    3|          0|
    |l_6_reg_3247                                             |   4|   0|    4|          0|
    |l_7_reg_3328                                             |   3|   0|    3|          0|
    |l_reg_1021                                               |   3|   0|    3|          0|
    |m_1_reg_1101                                             |   4|   0|    4|          0|
    |m_2_reg_1135                                             |   2|   0|    2|          0|
    |m_3_reg_1256                                             |   3|   0|    3|          0|
    |m_5_reg_3912                                             |   3|   0|    3|          0|
    |m_6_reg_3260                                             |   4|   0|    4|          0|
    |m_7_reg_3341                                             |   2|   0|    2|          0|
    |m_reg_1032                                               |   3|   0|    3|          0|
    |n_1_reg_3359                                             |   2|   0|    2|          0|
    |n_reg_1146                                               |   2|   0|    2|          0|
    |next_mul_reg_3239                                        |   7|   0|    7|          0|
    |output_tmp_V_0_new_8_reg_3794                            |   6|   0|    6|          0|
    |output_tmp_V_0_new_9_reg_3818                            |   6|   0|    6|          0|
    |output_tmp_V_1_new_8_reg_3800                            |   6|   0|    6|          0|
    |output_tmp_V_1_new_9_reg_3828                            |   6|   0|    6|          0|
    |output_tmp_V_2_new_8_reg_3806                            |   6|   0|    6|          0|
    |output_tmp_V_2_new_9_reg_3838                            |   6|   0|    6|          0|
    |output_tmp_V_3_new_8_reg_3812                            |   6|   0|    6|          0|
    |output_tmp_V_3_new_9_reg_3848                            |   6|   0|    6|          0|
    |p_input_V_0_load_reg_3679                                |   6|   0|    6|          0|
    |p_input_V_1_load_reg_3687                                |   6|   0|    6|          0|
    |p_input_V_2_load_reg_3695                                |   6|   0|    6|          0|
    |p_input_V_3_load_reg_3703                                |   6|   0|    6|          0|
    |p_input_V_4_load_reg_3711                                |   6|   0|    6|          0|
    |p_output_V_0_addr_1_reg_3531                             |   5|   0|    5|          0|
    |p_output_V_0_load_reg_3674                               |   6|   0|    6|          0|
    |p_output_V_1_addr_1_reg_3525                             |   5|   0|    5|          0|
    |p_output_V_1_load_reg_3719                               |   6|   0|    6|          0|
    |p_output_V_2_addr_1_reg_3543                             |   5|   0|    5|          0|
    |p_output_V_2_load_reg_3724                               |   6|   0|    6|          0|
    |p_output_V_3_addr_1_reg_3537                             |   5|   0|    5|          0|
    |p_output_V_3_load_reg_3729                               |   6|   0|    6|          0|
    |p_weights_V_0_0_load_1_reg_3469                          |  64|   0|   64|          0|
    |p_weights_V_0_0_load_reg_3574                            |   6|   0|    6|          0|
    |p_weights_V_0_1_load_reg_3579                            |   6|   0|    6|          0|
    |p_weights_V_0_2_load_reg_3734                            |   6|   0|    6|          0|
    |p_weights_V_0_3_load_reg_3739                            |   6|   0|    6|          0|
    |p_weights_V_0_4_load_reg_3744                            |   6|   0|    6|          0|
    |p_weights_V_1_0_load_reg_3599                            |   6|   0|    6|          0|
    |p_weights_V_1_1_load_reg_3604                            |   6|   0|    6|          0|
    |p_weights_V_1_2_load_reg_3749                            |   6|   0|    6|          0|
    |p_weights_V_1_3_load_reg_3754                            |   6|   0|    6|          0|
    |p_weights_V_1_4_load_reg_3759                            |   6|   0|    6|          0|
    |p_weights_V_2_0_load_reg_3624                            |   6|   0|    6|          0|
    |p_weights_V_2_1_load_reg_3629                            |   6|   0|    6|          0|
    |p_weights_V_2_2_load_reg_3764                            |   6|   0|    6|          0|
    |p_weights_V_2_3_load_reg_3769                            |   6|   0|    6|          0|
    |p_weights_V_2_4_load_reg_3774                            |   6|   0|    6|          0|
    |p_weights_V_3_0_load_reg_3649                            |   6|   0|    6|          0|
    |p_weights_V_3_1_load_reg_3654                            |   6|   0|    6|          0|
    |p_weights_V_3_2_load_reg_3779                            |   6|   0|    6|          0|
    |p_weights_V_3_3_load_reg_3784                            |   6|   0|    6|          0|
    |p_weights_V_3_4_load_reg_3789                            |   6|   0|    6|          0|
    |phi_mul_reg_1089                                         |   7|   0|    7|          0|
    |row1_reg_951                                             |   2|   0|    2|          0|
    |row_mid2_reg_3086                                        |   4|   0|    4|          0|
    |row_reg_940                                              |   4|   0|    4|          0|
    |tcc_mid2_reg_3441                                        |   3|   0|    3|          0|
    |tcc_reg_1223                                             |   3|   0|    3|          0|
    |ti1_1_reg_3196                                           |   6|   0|    6|          0|
    |ti1_reg_1055                                             |   6|   0|    6|          0|
    |ti_reg_1043                                              |   9|   0|    9|          0|
    |tmp_25_reg_3177                                          |  62|   0|   64|          2|
    |tmp_26_mid2_reg_3447                                     |   3|   0|    3|          0|
    |tmp_28_reg_3379                                          |   4|   0|    4|          0|
    |tmp_38_0_2_reg_3301                                      |   1|   0|    1|          0|
    |tmp_38_0_4_reg_3317                                      |   1|   0|    1|          0|
    |tmp_3_mid1_reg_3071                                      |   3|   0|    3|          0|
    |tmp_3_reg_3037                                           |   3|   0|    3|          0|
    |tmp_41_0_3_reg_3823                                      |   6|   0|    6|          0|
    |tmp_41_1_3_reg_3833                                      |   6|   0|    6|          0|
    |tmp_41_2_3_reg_3843                                      |   6|   0|    6|          0|
    |tmp_41_3_3_reg_3853                                      |   6|   0|    6|          0|
    |tmp_42_reg_3201                                          |  20|   0|   20|          0|
    |tmp_43_reg_3206                                          |  18|   0|   18|          0|
    |tmp_47_reg_3216                                          |  20|   0|   20|          0|
    |tmp_48_reg_3211                                          |  12|   0|   12|          0|
    |tmp_50_reg_3221                                          |  12|   0|   64|         52|
    |tmp_53_reg_3871                                          |  64|   0|   64|          0|
    |tmp_54_reg_3876                                          |   2|   0|    2|          0|
    |tmp_56_reg_3234                                          |  20|   0|   20|          0|
    |tmp_60_reg_3899                                          |  17|   0|   17|          0|
    |tmp_62_reg_3904                                          |   6|   0|    6|          0|
    |tmp_67_reg_3284                                          |  64|   0|   64|          0|
    |tmp_68_reg_3289                                          |   2|   0|    2|          0|
    |tmp_6_mid2_cast_reg_3126                                 |   2|   0|   64|         62|
    |tmp_6_mid2_reg_3121                                      |   2|   0|    2|          0|
    |tmp_70_reg_3252                                          |  20|   0|   20|          0|
    |tmp_73_reg_3374                                          |   6|   0|    6|          0|
    |tmp_74_reg_3917                                          |  17|   0|   17|          0|
    |tmp_89_reg_3333                                          |  64|   0|   64|          0|
    |tmp_91_reg_3270                                          |   7|   0|    7|          0|
    |tmp_95_reg_3346                                          |  20|   0|   20|          0|
    |tmp_97_reg_3351                                          |   5|   0|    5|          0|
    |tmp_99_reg_3369                                          |   5|   0|    5|          0|
    |tmp_9_mid1_reg_3091                                      |   3|   0|    3|          0|
    |tmp_9_mid2_reg_3132                                      |   3|   0|    3|          0|
    |tmp_9_reg_3042                                           |   3|   0|    3|          0|
    |tmp_mid2_cast_reg_3107                                   |   2|   0|   10|          8|
    |tmp_mid2_v_reg_3102                                      |   2|   0|    2|          0|
    |tmp_s_reg_3172                                           |  12|   0|   12|          0|
    |to1_mid2_reg_3113                                        |   6|   0|    6|          0|
    |to1_reg_998                                              |   6|   0|    6|          0|
    |trr_1_reg_3436                                           |   3|   0|    3|          0|
    |trr_reg_1212                                             |   3|   0|    3|          0|
    |exitcond_flatten5_reg_3384                               |   0|   1|    1|          0|
    |p_input_V_4_load_reg_3711                                |   0|   6|    6|          0|
    |p_output_V_0_addr_1_reg_3531                             |   0|   5|    5|          0|
    |p_output_V_1_addr_1_reg_3525                             |   0|   5|    5|          0|
    |p_output_V_2_addr_1_reg_3543                             |   0|   5|    5|          0|
    |p_output_V_3_addr_1_reg_3537                             |   0|   5|    5|          0|
    +---------------------------------------------------------+----+----+-----+-----------+
    |Total                                                    |1153|  27| 1304|        124|
    +---------------------------------------------------------+----+----+-----+-----------+



================================================================
== Interface
================================================================
* Summary: 
+--------------------+-----+-----+------------+--------------+--------------+
|      RTL Ports     | Dir | Bits|  Protocol  | Source Object|    C Type    |
+--------------------+-----+-----+------------+--------------+--------------+
|ap_clk              |  in |    1| ap_ctrl_hs |  convolution | return value |
|ap_rst              |  in |    1| ap_ctrl_hs |  convolution | return value |
|ap_start            |  in |    1| ap_ctrl_hs |  convolution | return value |
|ap_done             | out |    1| ap_ctrl_hs |  convolution | return value |
|ap_idle             | out |    1| ap_ctrl_hs |  convolution | return value |
|ap_ready            | out |    1| ap_ctrl_hs |  convolution | return value |
|input_V_address0    | out |   19|  ap_memory |    input_V   |     array    |
|input_V_ce0         | out |    1|  ap_memory |    input_V   |     array    |
|input_V_q0          |  in |    6|  ap_memory |    input_V   |     array    |
|weights_V_address0  | out |   19|  ap_memory |   weights_V  |     array    |
|weights_V_ce0       | out |    1|  ap_memory |   weights_V  |     array    |
|weights_V_q0        |  in |    6|  ap_memory |   weights_V  |     array    |
|output_V_address0   | out |   16|  ap_memory |   output_V   |     array    |
|output_V_ce0        | out |    1|  ap_memory |   output_V   |     array    |
|output_V_we0        | out |    1|  ap_memory |   output_V   |     array    |
|output_V_d0         | out |    6|  ap_memory |   output_V   |     array    |
+--------------------+-----+-----+------------+--------------+--------------+

